[1.485s] Invoking command in '/opt/ros/dev_ws/src/pid': PYTHONPATH=/opt/ros/dev_ws/src/install/pid/lib/python3.8/site-packages:${PYTHONPATH} /usr/bin/python3 setup.py egg_info --egg-base ../build/pid build --build-base /opt/ros/dev_ws/src/build/pid/build install --prefix /opt/ros/dev_ws/src/install/pid --record /opt/ros/dev_ws/src/build/pid/install.log --single-version-externally-managed
[1.721s] running egg_info
[1.722s] creating ../build/pid/pid.egg-info
[1.722s] writing ../build/pid/pid.egg-info/PKG-INFO
[1.723s] writing dependency_links to ../build/pid/pid.egg-info/dependency_links.txt
[1.723s] writing entry points to ../build/pid/pid.egg-info/entry_points.txt
[1.723s] writing requirements to ../build/pid/pid.egg-info/requires.txt
[1.723s] writing top-level names to ../build/pid/pid.egg-info/top_level.txt
[1.725s] writing manifest file '../build/pid/pid.egg-info/SOURCES.txt'
[1.767s] reading manifest file '../build/pid/pid.egg-info/SOURCES.txt'
[1.768s] writing manifest file '../build/pid/pid.egg-info/SOURCES.txt'
[1.769s] running build
[1.769s] running build_py
[1.770s] creating /opt/ros/dev_ws/src/build/pid/build
[1.770s] creating /opt/ros/dev_ws/src/build/pid/build/lib
[1.770s] creating /opt/ros/dev_ws/src/build/pid/build/lib/pid
[1.771s] copying pid/__init__.py -> /opt/ros/dev_ws/src/build/pid/build/lib/pid
[1.771s] copying pid/test.py -> /opt/ros/dev_ws/src/build/pid/build/lib/pid
[1.771s] copying pid/pid.py -> /opt/ros/dev_ws/src/build/pid/build/lib/pid
[1.771s] running install
[1.771s] running install_lib
[1.772s] creating /opt/ros/dev_ws/src/install/pid/lib/python3.8/site-packages/pid
[1.772s] copying /opt/ros/dev_ws/src/build/pid/build/lib/pid/__init__.py -> /opt/ros/dev_ws/src/install/pid/lib/python3.8/site-packages/pid
[1.772s] copying /opt/ros/dev_ws/src/build/pid/build/lib/pid/test.py -> /opt/ros/dev_ws/src/install/pid/lib/python3.8/site-packages/pid
[1.772s] copying /opt/ros/dev_ws/src/build/pid/build/lib/pid/pid.py -> /opt/ros/dev_ws/src/install/pid/lib/python3.8/site-packages/pid
[1.773s] byte-compiling /opt/ros/dev_ws/src/install/pid/lib/python3.8/site-packages/pid/__init__.py to __init__.cpython-38.pyc
[1.775s] byte-compiling /opt/ros/dev_ws/src/install/pid/lib/python3.8/site-packages/pid/test.py to test.cpython-38.pyc
[1.775s]   File "/opt/ros/dev_ws/src/install/pid/lib/python3.8/site-packages/pid/test.py", line 5
[1.775s]     const int trigPin = 9;
[1.775s]           ^
[1.775s] SyntaxError: invalid syntax
[1.775s] 
[1.775s] byte-compiling /opt/ros/dev_ws/src/install/pid/lib/python3.8/site-packages/pid/pid.py to pid.cpython-38.pyc
[1.776s] running install_data
[1.776s] creating /opt/ros/dev_ws/src/install/pid/share/ament_index
[1.776s] creating /opt/ros/dev_ws/src/install/pid/share/ament_index/resource_index
[1.776s] creating /opt/ros/dev_ws/src/install/pid/share/ament_index/resource_index/packages
[1.777s] copying resource/pid -> /opt/ros/dev_ws/src/install/pid/share/ament_index/resource_index/packages
[1.777s] copying package.xml -> /opt/ros/dev_ws/src/install/pid/share/pid
[1.777s] running install_egg_info
[1.779s] Copying ../build/pid/pid.egg-info to /opt/ros/dev_ws/src/install/pid/lib/python3.8/site-packages/pid-0.0.0-py3.8.egg-info
[1.779s] running install_scripts
[1.804s] Installing pid script to /opt/ros/dev_ws/src/install/pid/lib/pid
[1.805s] writing list of installed files to '/opt/ros/dev_ws/src/build/pid/install.log'
[1.865s] Invoked command in '/opt/ros/dev_ws/src/pid' returned '0': PYTHONPATH=/opt/ros/dev_ws/src/install/pid/lib/python3.8/site-packages:${PYTHONPATH} /usr/bin/python3 setup.py egg_info --egg-base ../build/pid build --build-base /opt/ros/dev_ws/src/build/pid/build install --prefix /opt/ros/dev_ws/src/install/pid --record /opt/ros/dev_ws/src/build/pid/install.log --single-version-externally-managed
