[1.520s] Invoking command in '/opt/ros/dev_ws/src/gps_sim': PYTHONPATH=/opt/ros/dev_ws/src/install/gps_sim/lib/python3.8/site-packages:${PYTHONPATH} /usr/bin/python3 setup.py egg_info --egg-base ../build/gps_sim build --build-base /opt/ros/dev_ws/src/build/gps_sim/build install --prefix /opt/ros/dev_ws/src/install/gps_sim --record /opt/ros/dev_ws/src/build/gps_sim/install.log --single-version-externally-managed
[1.728s] running egg_info
[1.728s] writing ../build/gps_sim/gps_sim.egg-info/PKG-INFO
[1.729s] writing dependency_links to ../build/gps_sim/gps_sim.egg-info/dependency_links.txt
[1.729s] writing entry points to ../build/gps_sim/gps_sim.egg-info/entry_points.txt
[1.729s] writing requirements to ../build/gps_sim/gps_sim.egg-info/requires.txt
[1.729s] writing top-level names to ../build/gps_sim/gps_sim.egg-info/top_level.txt
[1.780s] reading manifest file '../build/gps_sim/gps_sim.egg-info/SOURCES.txt'
[1.782s] writing manifest file '../build/gps_sim/gps_sim.egg-info/SOURCES.txt'
[1.782s] running build
[1.782s] running build_py
[1.782s] running install
[1.783s] running install_lib
[1.785s] running install_data
[1.786s] running install_egg_info
[1.789s] removing '/opt/ros/dev_ws/src/install/gps_sim/lib/python3.8/site-packages/gps_sim-0.0.0-py3.8.egg-info' (and everything under it)
[1.792s] Copying ../build/gps_sim/gps_sim.egg-info to /opt/ros/dev_ws/src/install/gps_sim/lib/python3.8/site-packages/gps_sim-0.0.0-py3.8.egg-info
[1.792s] running install_scripts
[1.815s] Installing gps_sim script to /opt/ros/dev_ws/src/install/gps_sim/lib/gps_sim
[1.815s] writing list of installed files to '/opt/ros/dev_ws/src/build/gps_sim/install.log'
[1.844s] Invoked command in '/opt/ros/dev_ws/src/gps_sim' returned '0': PYTHONPATH=/opt/ros/dev_ws/src/install/gps_sim/lib/python3.8/site-packages:${PYTHONPATH} /usr/bin/python3 setup.py egg_info --egg-base ../build/gps_sim build --build-base /opt/ros/dev_ws/src/build/gps_sim/build install --prefix /opt/ros/dev_ws/src/install/gps_sim --record /opt/ros/dev_ws/src/build/gps_sim/install.log --single-version-externally-managed
