running egg_info
creating ../build/gps_sim/gps_sim.egg-info
writing ../build/gps_sim/gps_sim.egg-info/PKG-INFO
writing dependency_links to ../build/gps_sim/gps_sim.egg-info/dependency_links.txt
writing entry points to ../build/gps_sim/gps_sim.egg-info/entry_points.txt
writing requirements to ../build/gps_sim/gps_sim.egg-info/requires.txt
writing top-level names to ../build/gps_sim/gps_sim.egg-info/top_level.txt
writing manifest file '../build/gps_sim/gps_sim.egg-info/SOURCES.txt'
reading manifest file '../build/gps_sim/gps_sim.egg-info/SOURCES.txt'
writing manifest file '../build/gps_sim/gps_sim.egg-info/SOURCES.txt'
running build
running build_py
creating /opt/ros/dev_ws/src/build/gps_sim/build
creating /opt/ros/dev_ws/src/build/gps_sim/build/lib
creating /opt/ros/dev_ws/src/build/gps_sim/build/lib/gps_sim
copying gps_sim/__init__.py -> /opt/ros/dev_ws/src/build/gps_sim/build/lib/gps_sim
copying gps_sim/simulate.py -> /opt/ros/dev_ws/src/build/gps_sim/build/lib/gps_sim
running install
running install_lib
creating /opt/ros/dev_ws/src/install/gps_sim/lib/python3.8/site-packages/gps_sim
copying /opt/ros/dev_ws/src/build/gps_sim/build/lib/gps_sim/__init__.py -> /opt/ros/dev_ws/src/install/gps_sim/lib/python3.8/site-packages/gps_sim
copying /opt/ros/dev_ws/src/build/gps_sim/build/lib/gps_sim/simulate.py -> /opt/ros/dev_ws/src/install/gps_sim/lib/python3.8/site-packages/gps_sim
byte-compiling /opt/ros/dev_ws/src/install/gps_sim/lib/python3.8/site-packages/gps_sim/__init__.py to __init__.cpython-38.pyc
byte-compiling /opt/ros/dev_ws/src/install/gps_sim/lib/python3.8/site-packages/gps_sim/simulate.py to simulate.cpython-38.pyc
running install_data
creating /opt/ros/dev_ws/src/install/gps_sim/share/ament_index
creating /opt/ros/dev_ws/src/install/gps_sim/share/ament_index/resource_index
creating /opt/ros/dev_ws/src/install/gps_sim/share/ament_index/resource_index/packages
copying resource/gps_sim -> /opt/ros/dev_ws/src/install/gps_sim/share/ament_index/resource_index/packages
copying package.xml -> /opt/ros/dev_ws/src/install/gps_sim/share/gps_sim
running install_egg_info
Copying ../build/gps_sim/gps_sim.egg-info to /opt/ros/dev_ws/src/install/gps_sim/lib/python3.8/site-packages/gps_sim-0.0.0-py3.8.egg-info
running install_scripts
Installing gps_sim script to /opt/ros/dev_ws/src/install/gps_sim/lib/gps_sim
writing list of installed files to '/opt/ros/dev_ws/src/build/gps_sim/install.log'
