[1.082s] Invoking command in '/opt/ros/dev_ws/src/gps_sim': PYTHONPATH=/opt/ros/dev_ws/src/install/gps_sim/lib/python3.8/site-packages:${PYTHONPATH} /usr/bin/python3 setup.py egg_info --egg-base ../build/gps_sim build --build-base /opt/ros/dev_ws/src/build/gps_sim/build install --prefix /opt/ros/dev_ws/src/install/gps_sim --record /opt/ros/dev_ws/src/build/gps_sim/install.log --single-version-externally-managed
[1.164s] running egg_info
[1.170s] creating ../build/gps_sim/gps_sim.egg-info
[1.182s] writing ../build/gps_sim/gps_sim.egg-info/PKG-INFO
[1.204s] writing dependency_links to ../build/gps_sim/gps_sim.egg-info/dependency_links.txt
[1.213s] writing entry points to ../build/gps_sim/gps_sim.egg-info/entry_points.txt
[1.224s] writing requirements to ../build/gps_sim/gps_sim.egg-info/requires.txt
[1.235s] writing top-level names to ../build/gps_sim/gps_sim.egg-info/top_level.txt
[1.251s] writing manifest file '../build/gps_sim/gps_sim.egg-info/SOURCES.txt'
[1.271s] reading manifest file '../build/gps_sim/gps_sim.egg-info/SOURCES.txt'
[1.291s] writing manifest file '../build/gps_sim/gps_sim.egg-info/SOURCES.txt'
[1.294s] running build
[1.300s] running build_py
[1.311s] creating /opt/ros/dev_ws/src/build/gps_sim/build
[1.323s] creating /opt/ros/dev_ws/src/build/gps_sim/build/lib
[1.329s] creating /opt/ros/dev_ws/src/build/gps_sim/build/lib/gps_sim
[1.341s] copying gps_sim/__init__.py -> /opt/ros/dev_ws/src/build/gps_sim/build/lib/gps_sim
[1.366s] copying gps_sim/simulate.py -> /opt/ros/dev_ws/src/build/gps_sim/build/lib/gps_sim
[1.381s] running install
[1.386s] running install_lib
[1.395s] creating /opt/ros/dev_ws/src/install/gps_sim/lib/python3.8/site-packages/gps_sim
[1.407s] copying /opt/ros/dev_ws/src/build/gps_sim/build/lib/gps_sim/__init__.py -> /opt/ros/dev_ws/src/install/gps_sim/lib/python3.8/site-packages/gps_sim
[1.432s] copying /opt/ros/dev_ws/src/build/gps_sim/build/lib/gps_sim/simulate.py -> /opt/ros/dev_ws/src/install/gps_sim/lib/python3.8/site-packages/gps_sim
[1.460s] byte-compiling /opt/ros/dev_ws/src/install/gps_sim/lib/python3.8/site-packages/gps_sim/__init__.py to __init__.cpython-38.pyc
[1.479s] byte-compiling /opt/ros/dev_ws/src/install/gps_sim/lib/python3.8/site-packages/gps_sim/simulate.py to simulate.cpython-38.pyc
[1.494s] running install_data
[1.505s] creating /opt/ros/dev_ws/src/install/gps_sim/share/ament_index
[1.508s] creating /opt/ros/dev_ws/src/install/gps_sim/share/ament_index/resource_index
[1.519s] creating /opt/ros/dev_ws/src/install/gps_sim/share/ament_index/resource_index/packages
[1.532s] copying resource/gps_sim -> /opt/ros/dev_ws/src/install/gps_sim/share/ament_index/resource_index/packages
[1.540s] copying package.xml -> /opt/ros/dev_ws/src/install/gps_sim/share/gps_sim
[1.564s] running install_egg_info
[1.573s] Copying ../build/gps_sim/gps_sim.egg-info to /opt/ros/dev_ws/src/install/gps_sim/lib/python3.8/site-packages/gps_sim-0.0.0-py3.8.egg-info
[1.723s] running install_scripts
[1.726s] Installing gps_sim script to /opt/ros/dev_ws/src/install/gps_sim/lib/gps_sim
[1.729s] writing list of installed files to '/opt/ros/dev_ws/src/build/gps_sim/install.log'
[1.731s] Invoked command in '/opt/ros/dev_ws/src/gps_sim' returned '0': PYTHONPATH=/opt/ros/dev_ws/src/install/gps_sim/lib/python3.8/site-packages:${PYTHONPATH} /usr/bin/python3 setup.py egg_info --egg-base ../build/gps_sim build --build-base /opt/ros/dev_ws/src/build/gps_sim/build install --prefix /opt/ros/dev_ws/src/install/gps_sim --record /opt/ros/dev_ws/src/build/gps_sim/install.log --single-version-externally-managed
