[1.027s] Invoking command in '/opt/ros/dev_ws/src/py_pubsub': PYTHONPATH=/opt/ros/dev_ws/src/install/py_pubsub/lib/python3.8/site-packages:${PYTHONPATH} /usr/bin/python3 setup.py egg_info --egg-base ../build/py_pubsub build --build-base /opt/ros/dev_ws/src/build/py_pubsub/build install --prefix /opt/ros/dev_ws/src/install/py_pubsub --record /opt/ros/dev_ws/src/build/py_pubsub/install.log --single-version-externally-managed
[1.088s] running egg_info
[1.099s] creating ../build/py_pubsub/py_pubsub.egg-info
[1.116s] writing ../build/py_pubsub/py_pubsub.egg-info/PKG-INFO
[1.132s] writing dependency_links to ../build/py_pubsub/py_pubsub.egg-info/dependency_links.txt
[1.140s] writing entry points to ../build/py_pubsub/py_pubsub.egg-info/entry_points.txt
[1.161s] writing requirements to ../build/py_pubsub/py_pubsub.egg-info/requires.txt
[1.163s] writing top-level names to ../build/py_pubsub/py_pubsub.egg-info/top_level.txt
[1.178s] writing manifest file '../build/py_pubsub/py_pubsub.egg-info/SOURCES.txt'
[1.203s] reading manifest file '../build/py_pubsub/py_pubsub.egg-info/SOURCES.txt'
[1.229s] writing manifest file '../build/py_pubsub/py_pubsub.egg-info/SOURCES.txt'
[1.236s] running build
[1.239s] running build_py
[1.247s] creating /opt/ros/dev_ws/src/build/py_pubsub/build
[1.257s] creating /opt/ros/dev_ws/src/build/py_pubsub/build/lib
[1.274s] creating /opt/ros/dev_ws/src/build/py_pubsub/build/lib/py_pubsub
[1.280s] copying py_pubsub/__init__.py -> /opt/ros/dev_ws/src/build/py_pubsub/build/lib/py_pubsub
[1.299s] copying py_pubsub/publisher_member_function.py -> /opt/ros/dev_ws/src/build/py_pubsub/build/lib/py_pubsub
[1.323s] copying py_pubsub/subscriber_member_function.py -> /opt/ros/dev_ws/src/build/py_pubsub/build/lib/py_pubsub
[1.342s] running install
[1.345s] running install_lib
[1.364s] creating /opt/ros/dev_ws/src/install/py_pubsub/lib/python3.8/site-packages/py_pubsub
[1.375s] copying /opt/ros/dev_ws/src/build/py_pubsub/build/lib/py_pubsub/__init__.py -> /opt/ros/dev_ws/src/install/py_pubsub/lib/python3.8/site-packages/py_pubsub
[1.388s] copying /opt/ros/dev_ws/src/build/py_pubsub/build/lib/py_pubsub/publisher_member_function.py -> /opt/ros/dev_ws/src/install/py_pubsub/lib/python3.8/site-packages/py_pubsub
[1.403s] copying /opt/ros/dev_ws/src/build/py_pubsub/build/lib/py_pubsub/subscriber_member_function.py -> /opt/ros/dev_ws/src/install/py_pubsub/lib/python3.8/site-packages/py_pubsub
[1.433s] byte-compiling /opt/ros/dev_ws/src/install/py_pubsub/lib/python3.8/site-packages/py_pubsub/__init__.py to __init__.cpython-38.pyc
[1.456s] byte-compiling /opt/ros/dev_ws/src/install/py_pubsub/lib/python3.8/site-packages/py_pubsub/publisher_member_function.py to publisher_member_function.cpython-38.pyc
[1.471s] byte-compiling /opt/ros/dev_ws/src/install/py_pubsub/lib/python3.8/site-packages/py_pubsub/subscriber_member_function.py to subscriber_member_function.cpython-38.pyc
[1.500s] running install_data
[1.521s] creating /opt/ros/dev_ws/src/install/py_pubsub/share/ament_index
[1.540s] creating /opt/ros/dev_ws/src/install/py_pubsub/share/ament_index/resource_index
[1.547s] creating /opt/ros/dev_ws/src/install/py_pubsub/share/ament_index/resource_index/packages
[1.551s] copying resource/py_pubsub -> /opt/ros/dev_ws/src/install/py_pubsub/share/ament_index/resource_index/packages
[1.582s] copying package.xml -> /opt/ros/dev_ws/src/install/py_pubsub/share/py_pubsub
[1.591s] copying launch/pubsub.launch.py -> /opt/ros/dev_ws/src/install/py_pubsub/share/py_pubsub
[1.616s] running install_egg_info
[1.628s] Copying ../build/py_pubsub/py_pubsub.egg-info to /opt/ros/dev_ws/src/install/py_pubsub/lib/python3.8/site-packages/py_pubsub-0.0.0-py3.8.egg-info
[1.657s] running install_scripts
[1.662s] Installing listener script to /opt/ros/dev_ws/src/install/py_pubsub/lib/py_pubsub
[1.669s] Installing talker script to /opt/ros/dev_ws/src/install/py_pubsub/lib/py_pubsub
[1.674s] writing list of installed files to '/opt/ros/dev_ws/src/build/py_pubsub/install.log'
[1.691s] Invoked command in '/opt/ros/dev_ws/src/py_pubsub' returned '0': PYTHONPATH=/opt/ros/dev_ws/src/install/py_pubsub/lib/python3.8/site-packages:${PYTHONPATH} /usr/bin/python3 setup.py egg_info --egg-base ../build/py_pubsub build --build-base /opt/ros/dev_ws/src/build/py_pubsub/build install --prefix /opt/ros/dev_ws/src/install/py_pubsub --record /opt/ros/dev_ws/src/build/py_pubsub/install.log --single-version-externally-managed
