[1.255s] Invoking command in '/opt/ros/dev_ws/src/driver_ui': PYTHONPATH=/opt/ros/dev_ws/src/install/driver_ui/lib/python3.8/site-packages:${PYTHONPATH} /usr/bin/python3 setup.py egg_info --egg-base ../build/driver_ui build --build-base /opt/ros/dev_ws/src/build/driver_ui/build install --prefix /opt/ros/dev_ws/src/install/driver_ui --record /opt/ros/dev_ws/src/build/driver_ui/install.log --single-version-externally-managed
[1.378s] running egg_info
[1.384s] writing ../build/driver_ui/driver_ui.egg-info/PKG-INFO
[1.393s] writing dependency_links to ../build/driver_ui/driver_ui.egg-info/dependency_links.txt
[1.396s] writing entry points to ../build/driver_ui/driver_ui.egg-info/entry_points.txt
[1.399s] writing requirements to ../build/driver_ui/driver_ui.egg-info/requires.txt
[1.406s] writing top-level names to ../build/driver_ui/driver_ui.egg-info/top_level.txt
[1.463s] reading manifest file '../build/driver_ui/driver_ui.egg-info/SOURCES.txt'
[1.498s] writing manifest file '../build/driver_ui/driver_ui.egg-info/SOURCES.txt'
[1.509s] running build
[1.513s] running build_py
[1.521s] creating /opt/ros/dev_ws/src/build/driver_ui/build
[1.529s] creating /opt/ros/dev_ws/src/build/driver_ui/build/lib
[1.547s] creating /opt/ros/dev_ws/src/build/driver_ui/build/lib/driver_ui
[1.575s] copying driver_ui/__init__.py -> /opt/ros/dev_ws/src/build/driver_ui/build/lib/driver_ui
[1.606s] copying driver_ui/main.py -> /opt/ros/dev_ws/src/build/driver_ui/build/lib/driver_ui
[1.632s] copying driver_ui/mainRTK.py -> /opt/ros/dev_ws/src/build/driver_ui/build/lib/driver_ui
[1.650s] copying driver_ui/test.py -> /opt/ros/dev_ws/src/build/driver_ui/build/lib/driver_ui
[1.662s] running install
[1.667s] running install_lib
[1.676s] creating /opt/ros/dev_ws/src/install/driver_ui/lib/python3.8/site-packages/driver_ui
[1.693s] copying /opt/ros/dev_ws/src/build/driver_ui/build/lib/driver_ui/__init__.py -> /opt/ros/dev_ws/src/install/driver_ui/lib/python3.8/site-packages/driver_ui
[1.728s] copying /opt/ros/dev_ws/src/build/driver_ui/build/lib/driver_ui/main.py -> /opt/ros/dev_ws/src/install/driver_ui/lib/python3.8/site-packages/driver_ui
[1.762s] copying /opt/ros/dev_ws/src/build/driver_ui/build/lib/driver_ui/mainRTK.py -> /opt/ros/dev_ws/src/install/driver_ui/lib/python3.8/site-packages/driver_ui
[1.775s] copying /opt/ros/dev_ws/src/build/driver_ui/build/lib/driver_ui/test.py -> /opt/ros/dev_ws/src/install/driver_ui/lib/python3.8/site-packages/driver_ui
[1.825s] byte-compiling /opt/ros/dev_ws/src/install/driver_ui/lib/python3.8/site-packages/driver_ui/__init__.py to __init__.cpython-38.pyc
[1.851s] byte-compiling /opt/ros/dev_ws/src/install/driver_ui/lib/python3.8/site-packages/driver_ui/main.py to main.cpython-38.pyc
[1.862s] byte-compiling /opt/ros/dev_ws/src/install/driver_ui/lib/python3.8/site-packages/driver_ui/mainRTK.py to mainRTK.cpython-38.pyc
[1.870s] byte-compiling /opt/ros/dev_ws/src/install/driver_ui/lib/python3.8/site-packages/driver_ui/test.py to test.cpython-38.pyc
[1.879s] running install_data
[1.887s] running install_egg_info
[1.894s] Copying ../build/driver_ui/driver_ui.egg-info to /opt/ros/dev_ws/src/install/driver_ui/lib/python3.8/site-packages/driver_ui-0.0.0-py3.8.egg-info
[1.968s] running install_scripts
[1.972s] Installing driver_ui script to /opt/ros/dev_ws/src/install/driver_ui/lib/driver_ui
[1.975s] Installing driver_ui_rtk script to /opt/ros/dev_ws/src/install/driver_ui/lib/driver_ui
[1.978s] writing list of installed files to '/opt/ros/dev_ws/src/build/driver_ui/install.log'
[2.116s] Invoked command in '/opt/ros/dev_ws/src/driver_ui' returned '0': PYTHONPATH=/opt/ros/dev_ws/src/install/driver_ui/lib/python3.8/site-packages:${PYTHONPATH} /usr/bin/python3 setup.py egg_info --egg-base ../build/driver_ui build --build-base /opt/ros/dev_ws/src/build/driver_ui/build install --prefix /opt/ros/dev_ws/src/install/driver_ui --record /opt/ros/dev_ws/src/build/driver_ui/install.log --single-version-externally-managed
