[1.469s] Invoking command in '/opt/ros/dev_ws/src/py_pubsub': PYTHONPATH=/opt/ros/dev_ws/src/install/py_pubsub/lib/python3.8/site-packages:${PYTHONPATH} /usr/bin/python3 setup.py egg_info --egg-base ../build/py_pubsub build --build-base /opt/ros/dev_ws/src/build/py_pubsub/build install --prefix /opt/ros/dev_ws/src/install/py_pubsub --record /opt/ros/dev_ws/src/build/py_pubsub/install.log --single-version-externally-managed
[1.679s] running egg_info
[1.680s] creating ../build/py_pubsub/py_pubsub.egg-info
[1.680s] writing ../build/py_pubsub/py_pubsub.egg-info/PKG-INFO
[1.681s] writing dependency_links to ../build/py_pubsub/py_pubsub.egg-info/dependency_links.txt
[1.681s] writing entry points to ../build/py_pubsub/py_pubsub.egg-info/entry_points.txt
[1.681s] writing requirements to ../build/py_pubsub/py_pubsub.egg-info/requires.txt
[1.681s] writing top-level names to ../build/py_pubsub/py_pubsub.egg-info/top_level.txt
[1.683s] writing manifest file '../build/py_pubsub/py_pubsub.egg-info/SOURCES.txt'
[1.735s] reading manifest file '../build/py_pubsub/py_pubsub.egg-info/SOURCES.txt'
[1.736s] writing manifest file '../build/py_pubsub/py_pubsub.egg-info/SOURCES.txt'
[1.737s] running build
[1.737s] running build_py
[1.737s] creating /opt/ros/dev_ws/src/build/py_pubsub/build
[1.738s] creating /opt/ros/dev_ws/src/build/py_pubsub/build/lib
[1.738s] creating /opt/ros/dev_ws/src/build/py_pubsub/build/lib/py_pubsub
[1.738s] copying py_pubsub/__init__.py -> /opt/ros/dev_ws/src/build/py_pubsub/build/lib/py_pubsub
[1.738s] copying py_pubsub/subscriber_member_function.py -> /opt/ros/dev_ws/src/build/py_pubsub/build/lib/py_pubsub
[1.739s] copying py_pubsub/publisher_member_function.py -> /opt/ros/dev_ws/src/build/py_pubsub/build/lib/py_pubsub
[1.739s] running install
[1.740s] running install_lib
[1.741s] creating /opt/ros/dev_ws/src/install/py_pubsub/lib/python3.8/site-packages/py_pubsub
[1.741s] copying /opt/ros/dev_ws/src/build/py_pubsub/build/lib/py_pubsub/__init__.py -> /opt/ros/dev_ws/src/install/py_pubsub/lib/python3.8/site-packages/py_pubsub
[1.741s] copying /opt/ros/dev_ws/src/build/py_pubsub/build/lib/py_pubsub/subscriber_member_function.py -> /opt/ros/dev_ws/src/install/py_pubsub/lib/python3.8/site-packages/py_pubsub
[1.741s] copying /opt/ros/dev_ws/src/build/py_pubsub/build/lib/py_pubsub/publisher_member_function.py -> /opt/ros/dev_ws/src/install/py_pubsub/lib/python3.8/site-packages/py_pubsub
[1.742s] byte-compiling /opt/ros/dev_ws/src/install/py_pubsub/lib/python3.8/site-packages/py_pubsub/__init__.py to __init__.cpython-38.pyc
[1.743s] byte-compiling /opt/ros/dev_ws/src/install/py_pubsub/lib/python3.8/site-packages/py_pubsub/subscriber_member_function.py to subscriber_member_function.cpython-38.pyc
[1.744s] byte-compiling /opt/ros/dev_ws/src/install/py_pubsub/lib/python3.8/site-packages/py_pubsub/publisher_member_function.py to publisher_member_function.cpython-38.pyc
[1.744s] running install_data
[1.745s] creating /opt/ros/dev_ws/src/install/py_pubsub/share/ament_index
[1.746s] creating /opt/ros/dev_ws/src/install/py_pubsub/share/ament_index/resource_index
[1.746s] creating /opt/ros/dev_ws/src/install/py_pubsub/share/ament_index/resource_index/packages
[1.746s] copying resource/py_pubsub -> /opt/ros/dev_ws/src/install/py_pubsub/share/ament_index/resource_index/packages
[1.746s] copying package.xml -> /opt/ros/dev_ws/src/install/py_pubsub/share/py_pubsub
[1.746s] copying launch/pubsub.launch.py -> /opt/ros/dev_ws/src/install/py_pubsub/share/py_pubsub
[1.746s] running install_egg_info
[1.750s] Copying ../build/py_pubsub/py_pubsub.egg-info to /opt/ros/dev_ws/src/install/py_pubsub/lib/python3.8/site-packages/py_pubsub-0.0.0-py3.8.egg-info
[1.750s] running install_scripts
[1.781s] Installing listener script to /opt/ros/dev_ws/src/install/py_pubsub/lib/py_pubsub
[1.781s] Installing talker script to /opt/ros/dev_ws/src/install/py_pubsub/lib/py_pubsub
[1.782s] writing list of installed files to '/opt/ros/dev_ws/src/build/py_pubsub/install.log'
[1.872s] Invoked command in '/opt/ros/dev_ws/src/py_pubsub' returned '0': PYTHONPATH=/opt/ros/dev_ws/src/install/py_pubsub/lib/python3.8/site-packages:${PYTHONPATH} /usr/bin/python3 setup.py egg_info --egg-base ../build/py_pubsub build --build-base /opt/ros/dev_ws/src/build/py_pubsub/build install --prefix /opt/ros/dev_ws/src/install/py_pubsub --record /opt/ros/dev_ws/src/build/py_pubsub/install.log --single-version-externally-managed
