running egg_info
writing ../build/teleop_keyboard/teleop_keyboard.egg-info/PKG-INFO
writing dependency_links to ../build/teleop_keyboard/teleop_keyboard.egg-info/dependency_links.txt
writing entry points to ../build/teleop_keyboard/teleop_keyboard.egg-info/entry_points.txt
writing requirements to ../build/teleop_keyboard/teleop_keyboard.egg-info/requires.txt
writing top-level names to ../build/teleop_keyboard/teleop_keyboard.egg-info/top_level.txt
reading manifest file '../build/teleop_keyboard/teleop_keyboard.egg-info/SOURCES.txt'
writing manifest file '../build/teleop_keyboard/teleop_keyboard.egg-info/SOURCES.txt'
running build
running build_py
creating /opt/ros/dev_ws/src/build/teleop_keyboard/build
creating /opt/ros/dev_ws/src/build/teleop_keyboard/build/lib
creating /opt/ros/dev_ws/src/build/teleop_keyboard/build/lib/teleop_keyboard
copying teleop_keyboard/__init__.py -> /opt/ros/dev_ws/src/build/teleop_keyboard/build/lib/teleop_keyboard
copying teleop_keyboard/teleop_keyboard.py -> /opt/ros/dev_ws/src/build/teleop_keyboard/build/lib/teleop_keyboard
running install
running install_lib
creating /opt/ros/dev_ws/src/install/teleop_keyboard/lib/python3.8/site-packages/teleop_keyboard
copying /opt/ros/dev_ws/src/build/teleop_keyboard/build/lib/teleop_keyboard/__init__.py -> /opt/ros/dev_ws/src/install/teleop_keyboard/lib/python3.8/site-packages/teleop_keyboard
copying /opt/ros/dev_ws/src/build/teleop_keyboard/build/lib/teleop_keyboard/teleop_keyboard.py -> /opt/ros/dev_ws/src/install/teleop_keyboard/lib/python3.8/site-packages/teleop_keyboard
byte-compiling /opt/ros/dev_ws/src/install/teleop_keyboard/lib/python3.8/site-packages/teleop_keyboard/__init__.py to __init__.cpython-38.pyc
byte-compiling /opt/ros/dev_ws/src/install/teleop_keyboard/lib/python3.8/site-packages/teleop_keyboard/teleop_keyboard.py to teleop_keyboard.cpython-38.pyc
running install_data
running install_egg_info
Copying ../build/teleop_keyboard/teleop_keyboard.egg-info to /opt/ros/dev_ws/src/install/teleop_keyboard/lib/python3.8/site-packages/teleop_keyboard-0.0.0-py3.8.egg-info
running install_scripts
Installing teleop_keyboard script to /opt/ros/dev_ws/src/install/teleop_keyboard/lib/teleop_keyboard
writing list of installed files to '/opt/ros/dev_ws/src/build/teleop_keyboard/install.log'
