[1.482s] Invoking command in '/opt/ros/dev_ws/src/pid': PYTHONPATH=/opt/ros/dev_ws/src/install/pid/lib/python3.8/site-packages:${PYTHONPATH} /usr/bin/python3 setup.py egg_info --egg-base ../build/pid build --build-base /opt/ros/dev_ws/src/build/pid/build install --prefix /opt/ros/dev_ws/src/install/pid --record /opt/ros/dev_ws/src/build/pid/install.log --single-version-externally-managed
[1.660s] running egg_info
[1.661s] writing ../build/pid/pid.egg-info/PKG-INFO
[1.662s] writing dependency_links to ../build/pid/pid.egg-info/dependency_links.txt
[1.662s] writing entry points to ../build/pid/pid.egg-info/entry_points.txt
[1.662s] writing requirements to ../build/pid/pid.egg-info/requires.txt
[1.663s] writing top-level names to ../build/pid/pid.egg-info/top_level.txt
[1.710s] reading manifest file '../build/pid/pid.egg-info/SOURCES.txt'
[1.711s] writing manifest file '../build/pid/pid.egg-info/SOURCES.txt'
[1.711s] running build
[1.711s] running build_py
[1.712s] running install
[1.713s] running install_lib
[1.715s] byte-compiling /opt/ros/dev_ws/src/install/pid/lib/python3.8/site-packages/pid/test.py to test.cpython-38.pyc
[1.717s]   File "/opt/ros/dev_ws/src/install/pid/lib/python3.8/site-packages/pid/test.py", line 5
[1.717s]     const int trigPin = 9;
[1.718s]           ^
[1.718s] SyntaxError: invalid syntax
[1.718s] 
[1.719s] running install_data
[1.719s] running install_egg_info
[1.720s] removing '/opt/ros/dev_ws/src/install/pid/lib/python3.8/site-packages/pid-0.0.0-py3.8.egg-info' (and everything under it)
[1.721s] Copying ../build/pid/pid.egg-info to /opt/ros/dev_ws/src/install/pid/lib/python3.8/site-packages/pid-0.0.0-py3.8.egg-info
[1.721s] running install_scripts
[1.750s] Installing pid script to /opt/ros/dev_ws/src/install/pid/lib/pid
[1.751s] writing list of installed files to '/opt/ros/dev_ws/src/build/pid/install.log'
[1.812s] Invoked command in '/opt/ros/dev_ws/src/pid' returned '0': PYTHONPATH=/opt/ros/dev_ws/src/install/pid/lib/python3.8/site-packages:${PYTHONPATH} /usr/bin/python3 setup.py egg_info --egg-base ../build/pid build --build-base /opt/ros/dev_ws/src/build/pid/build install --prefix /opt/ros/dev_ws/src/install/pid --record /opt/ros/dev_ws/src/build/pid/install.log --single-version-externally-managed
