[0.142s] DEBUG:colcon:Command line arguments: ['/usr/bin/colcon', 'build']
[0.143s] DEBUG:colcon:Parsed command line arguments: Namespace(ament_cmake_args=None, base_paths=['.'], build_base='build', catkin_cmake_args=None, catkin_skip_building_tests=False, cmake_args=None, cmake_clean_cache=False, cmake_clean_first=False, cmake_force_configure=False, cmake_target=None, cmake_target_skip_unavailable=False, continue_on_error=False, event_handlers=None, executor='parallel', ignore_user_meta=False, install_base='install', log_base=None, log_level=None, main=<bound method BuildVerb.main of <colcon_core.verb.build.BuildVerb object at 0xffff8fef03a0>>, merge_install=False, metas=['./colcon.meta'], mixin=None, mixin_files=None, mixin_verb=('build',), packages_above=None, packages_above_and_dependencies=None, packages_above_depth=None, packages_end=None, packages_ignore=None, packages_ignore_regex=None, packages_select=None, packages_select_build_failed=False, packages_select_by_dep=None, packages_select_regex=None, packages_select_test_failures=False, packages_skip=None, packages_skip_build_finished=False, packages_skip_by_dep=None, packages_skip_regex=None, packages_skip_test_passed=False, packages_skip_up_to=None, packages_start=None, packages_up_to=None, packages_up_to_regex=None, parallel_workers=4, paths=None, symlink_install=False, test_result_base=None, verb_extension=<colcon_core.verb.build.BuildVerb object at 0xffff8fef03a0>, verb_name='build', verb_parser=<colcon_mixin.mixin.mixin_argument.MixinArgumentDecorator object at 0xffff8fef0a00>)
[0.167s] Level 1:colcon.colcon_core.package_discovery:discover_packages(colcon_meta) check parameters
[0.169s] INFO:colcon.colcon_metadata.package_discovery.colcon_meta:Using configuration from '/root/.colcon/metadata/default/Gazebo.meta'
[0.170s] INFO:colcon.colcon_metadata.package_discovery.colcon_meta:Using configuration from '/root/.colcon/metadata/default/fastrtps.meta'
[0.172s] Level 1:colcon.colcon_core.package_discovery:discover_packages(recursive) check parameters
[0.173s] Level 1:colcon.colcon_core.package_discovery:discover_packages(ignore) check parameters
[0.173s] Level 1:colcon.colcon_core.package_discovery:discover_packages(path) check parameters
[0.174s] Level 1:colcon.colcon_core.package_discovery:discover_packages(colcon_meta) discover
[0.175s] Level 1:colcon.colcon_core.package_discovery:discover_packages(recursive) discover
[0.176s] INFO:colcon.colcon_core.package_discovery:Crawling recursively for packages in '/opt/ros/dev_ws/src'
[0.177s] Level 1:colcon.colcon_core.package_identification:_identify(.) by extensions ['ignore', 'ignore_ament_install']
[0.177s] Level 1:colcon.colcon_core.package_identification:_identify(.) by extension 'ignore'
[0.179s] Level 1:colcon.colcon_core.package_identification:_identify(.) by extension 'ignore_ament_install'
[0.181s] Level 1:colcon.colcon_core.package_identification:_identify(.) by extensions ['colcon_pkg']
[0.182s] Level 1:colcon.colcon_core.package_identification:_identify(.) by extension 'colcon_pkg'
[0.184s] Level 1:colcon.colcon_core.package_identification:_identify(.) by extensions ['colcon_meta']
[0.185s] Level 1:colcon.colcon_core.package_identification:_identify(.) by extension 'colcon_meta'
[0.185s] Level 1:colcon.colcon_core.package_identification:_identify(.) by extensions ['ros']
[0.187s] Level 1:colcon.colcon_core.package_identification:_identify(.) by extension 'ros'
[0.207s] Level 1:colcon.colcon_core.package_identification:_identify(.) by extensions ['cmake', 'python']
[0.208s] Level 1:colcon.colcon_core.package_identification:_identify(.) by extension 'cmake'
[0.210s] Level 1:colcon.colcon_core.package_identification:_identify(.) by extension 'python'
[0.211s] Level 1:colcon.colcon_core.package_identification:_identify(.) by extensions ['python_setup_py']
[0.213s] Level 1:colcon.colcon_core.package_identification:_identify(.) by extension 'python_setup_py'
[0.215s] Level 1:colcon.colcon_core.package_identification:_identify(build) by extensions ['ignore', 'ignore_ament_install']
[0.216s] Level 1:colcon.colcon_core.package_identification:_identify(build) by extension 'ignore'
[0.219s] Level 1:colcon.colcon_core.package_identification:_identify(build) ignored
[0.220s] Level 1:colcon.colcon_core.package_identification:_identify(driver_ui) by extensions ['ignore', 'ignore_ament_install']
[0.221s] Level 1:colcon.colcon_core.package_identification:_identify(driver_ui) by extension 'ignore'
[0.223s] Level 1:colcon.colcon_core.package_identification:_identify(driver_ui) by extension 'ignore_ament_install'
[0.228s] Level 1:colcon.colcon_core.package_identification:_identify(driver_ui) by extensions ['colcon_pkg']
[0.229s] Level 1:colcon.colcon_core.package_identification:_identify(driver_ui) by extension 'colcon_pkg'
[0.231s] Level 1:colcon.colcon_core.package_identification:_identify(driver_ui) by extensions ['colcon_meta']
[0.232s] Level 1:colcon.colcon_core.package_identification:_identify(driver_ui) by extension 'colcon_meta'
[0.233s] Level 1:colcon.colcon_core.package_identification:_identify(driver_ui) by extensions ['ros']
[0.234s] Level 1:colcon.colcon_core.package_identification:_identify(driver_ui) by extension 'ros'
[0.240s] DEBUG:colcon.colcon_core.package_identification:Package 'driver_ui' with type 'ros.ament_python' and name 'driver_ui'
[0.242s] Level 1:colcon.colcon_core.package_identification:_identify(gps_sim) by extensions ['ignore', 'ignore_ament_install']
[0.243s] Level 1:colcon.colcon_core.package_identification:_identify(gps_sim) by extension 'ignore'
[0.246s] Level 1:colcon.colcon_core.package_identification:_identify(gps_sim) by extension 'ignore_ament_install'
[0.249s] Level 1:colcon.colcon_core.package_identification:_identify(gps_sim) by extensions ['colcon_pkg']
[0.250s] Level 1:colcon.colcon_core.package_identification:_identify(gps_sim) by extension 'colcon_pkg'
[0.251s] Level 1:colcon.colcon_core.package_identification:_identify(gps_sim) by extensions ['colcon_meta']
[0.252s] Level 1:colcon.colcon_core.package_identification:_identify(gps_sim) by extension 'colcon_meta'
[0.253s] Level 1:colcon.colcon_core.package_identification:_identify(gps_sim) by extensions ['ros']
[0.253s] Level 1:colcon.colcon_core.package_identification:_identify(gps_sim) by extension 'ros'
[0.257s] DEBUG:colcon.colcon_core.package_identification:Package 'gps_sim' with type 'ros.ament_python' and name 'gps_sim'
[0.258s] Level 1:colcon.colcon_core.package_identification:_identify(install) by extensions ['ignore', 'ignore_ament_install']
[0.258s] Level 1:colcon.colcon_core.package_identification:_identify(install) by extension 'ignore'
[0.259s] Level 1:colcon.colcon_core.package_identification:_identify(install) ignored
[0.266s] Level 1:colcon.colcon_core.package_identification:_identify(log) by extensions ['ignore', 'ignore_ament_install']
[0.267s] Level 1:colcon.colcon_core.package_identification:_identify(log) by extension 'ignore'
[0.268s] Level 1:colcon.colcon_core.package_identification:_identify(log) ignored
[0.268s] Level 1:colcon.colcon_core.package_identification:_identify(pid) by extensions ['ignore', 'ignore_ament_install']
[0.269s] Level 1:colcon.colcon_core.package_identification:_identify(pid) by extension 'ignore'
[0.271s] Level 1:colcon.colcon_core.package_identification:_identify(pid) by extension 'ignore_ament_install'
[0.275s] Level 1:colcon.colcon_core.package_identification:_identify(pid) by extensions ['colcon_pkg']
[0.279s] Level 1:colcon.colcon_core.package_identification:_identify(pid) by extension 'colcon_pkg'
[0.281s] Level 1:colcon.colcon_core.package_identification:_identify(pid) by extensions ['colcon_meta']
[0.282s] Level 1:colcon.colcon_core.package_identification:_identify(pid) by extension 'colcon_meta'
[0.284s] Level 1:colcon.colcon_core.package_identification:_identify(pid) by extensions ['ros']
[0.285s] Level 1:colcon.colcon_core.package_identification:_identify(pid) by extension 'ros'
[0.291s] DEBUG:colcon.colcon_core.package_identification:Package 'pid' with type 'ros.ament_python' and name 'pid'
[0.294s] Level 1:colcon.colcon_core.package_identification:_identify(py_pubsub) by extensions ['ignore', 'ignore_ament_install']
[0.296s] Level 1:colcon.colcon_core.package_identification:_identify(py_pubsub) by extension 'ignore'
[0.297s] Level 1:colcon.colcon_core.package_identification:_identify(py_pubsub) by extension 'ignore_ament_install'
[0.300s] Level 1:colcon.colcon_core.package_identification:_identify(py_pubsub) by extensions ['colcon_pkg']
[0.302s] Level 1:colcon.colcon_core.package_identification:_identify(py_pubsub) by extension 'colcon_pkg'
[0.306s] Level 1:colcon.colcon_core.package_identification:_identify(py_pubsub) by extensions ['colcon_meta']
[0.307s] Level 1:colcon.colcon_core.package_identification:_identify(py_pubsub) by extension 'colcon_meta'
[0.308s] Level 1:colcon.colcon_core.package_identification:_identify(py_pubsub) by extensions ['ros']
[0.309s] Level 1:colcon.colcon_core.package_identification:_identify(py_pubsub) by extension 'ros'
[0.315s] DEBUG:colcon.colcon_core.package_identification:Package 'py_pubsub' with type 'ros.ament_python' and name 'py_pubsub'
[0.316s] Level 1:colcon.colcon_core.package_identification:_identify(rtk) by extensions ['ignore', 'ignore_ament_install']
[0.317s] Level 1:colcon.colcon_core.package_identification:_identify(rtk) by extension 'ignore'
[0.319s] Level 1:colcon.colcon_core.package_identification:_identify(rtk) by extension 'ignore_ament_install'
[0.321s] Level 1:colcon.colcon_core.package_identification:_identify(rtk) by extensions ['colcon_pkg']
[0.322s] Level 1:colcon.colcon_core.package_identification:_identify(rtk) by extension 'colcon_pkg'
[0.323s] Level 1:colcon.colcon_core.package_identification:_identify(rtk) by extensions ['colcon_meta']
[0.323s] Level 1:colcon.colcon_core.package_identification:_identify(rtk) by extension 'colcon_meta'
[0.324s] Level 1:colcon.colcon_core.package_identification:_identify(rtk) by extensions ['ros']
[0.325s] Level 1:colcon.colcon_core.package_identification:_identify(rtk) by extension 'ros'
[0.328s] DEBUG:colcon.colcon_core.package_identification:Package 'rtk' with type 'ros.ament_python' and name 'rtk'
[0.329s] Level 1:colcon.colcon_core.package_identification:_identify(teleop_keyboard) by extensions ['ignore', 'ignore_ament_install']
[0.329s] Level 1:colcon.colcon_core.package_identification:_identify(teleop_keyboard) by extension 'ignore'
[0.331s] Level 1:colcon.colcon_core.package_identification:_identify(teleop_keyboard) by extension 'ignore_ament_install'
[0.334s] Level 1:colcon.colcon_core.package_identification:_identify(teleop_keyboard) by extensions ['colcon_pkg']
[0.335s] Level 1:colcon.colcon_core.package_identification:_identify(teleop_keyboard) by extension 'colcon_pkg'
[0.337s] Level 1:colcon.colcon_core.package_identification:_identify(teleop_keyboard) by extensions ['colcon_meta']
[0.338s] Level 1:colcon.colcon_core.package_identification:_identify(teleop_keyboard) by extension 'colcon_meta'
[0.339s] Level 1:colcon.colcon_core.package_identification:_identify(teleop_keyboard) by extensions ['ros']
[0.340s] Level 1:colcon.colcon_core.package_identification:_identify(teleop_keyboard) by extension 'ros'
[0.345s] DEBUG:colcon.colcon_core.package_identification:Package 'teleop_keyboard' with type 'ros.ament_python' and name 'teleop_keyboard'
[0.346s] Level 1:colcon.colcon_core.package_discovery:discover_packages(recursive) using defaults
[0.347s] Level 1:colcon.colcon_core.package_discovery:discover_packages(ignore) discover
[0.348s] Level 1:colcon.colcon_core.package_discovery:discover_packages(ignore) using defaults
[0.349s] Level 1:colcon.colcon_core.package_discovery:discover_packages(path) discover
[0.350s] Level 1:colcon.colcon_core.package_discovery:discover_packages(path) using defaults
[0.387s] Level 5:colcon.colcon_core.verb:set package 'driver_ui' build argument 'cmake_args' from command line to 'None'
[0.388s] Level 5:colcon.colcon_core.verb:set package 'driver_ui' build argument 'cmake_target' from command line to 'None'
[0.389s] Level 5:colcon.colcon_core.verb:set package 'driver_ui' build argument 'cmake_target_skip_unavailable' from command line to 'False'
[0.390s] Level 5:colcon.colcon_core.verb:set package 'driver_ui' build argument 'cmake_clean_cache' from command line to 'False'
[0.393s] Level 5:colcon.colcon_core.verb:set package 'driver_ui' build argument 'cmake_clean_first' from command line to 'False'
[0.394s] Level 5:colcon.colcon_core.verb:set package 'driver_ui' build argument 'cmake_force_configure' from command line to 'False'
[0.395s] Level 5:colcon.colcon_core.verb:set package 'driver_ui' build argument 'ament_cmake_args' from command line to 'None'
[0.396s] Level 5:colcon.colcon_core.verb:set package 'driver_ui' build argument 'catkin_cmake_args' from command line to 'None'
[0.397s] Level 5:colcon.colcon_core.verb:set package 'driver_ui' build argument 'catkin_skip_building_tests' from command line to 'False'
[0.398s] DEBUG:colcon.colcon_core.verb:Building package 'driver_ui' with the following arguments: {'ament_cmake_args': None, 'build_base': '/opt/ros/dev_ws/src/build/driver_ui', 'catkin_cmake_args': None, 'catkin_skip_building_tests': False, 'cmake_args': None, 'cmake_clean_cache': False, 'cmake_clean_first': False, 'cmake_force_configure': False, 'cmake_target': None, 'cmake_target_skip_unavailable': False, 'install_base': '/opt/ros/dev_ws/src/install/driver_ui', 'merge_install': False, 'path': '/opt/ros/dev_ws/src/driver_ui', 'symlink_install': False, 'test_result_base': None}
[0.400s] Level 5:colcon.colcon_core.verb:set package 'gps_sim' build argument 'cmake_args' from command line to 'None'
[0.400s] Level 5:colcon.colcon_core.verb:set package 'gps_sim' build argument 'cmake_target' from command line to 'None'
[0.401s] Level 5:colcon.colcon_core.verb:set package 'gps_sim' build argument 'cmake_target_skip_unavailable' from command line to 'False'
[0.403s] Level 5:colcon.colcon_core.verb:set package 'gps_sim' build argument 'cmake_clean_cache' from command line to 'False'
[0.404s] Level 5:colcon.colcon_core.verb:set package 'gps_sim' build argument 'cmake_clean_first' from command line to 'False'
[0.405s] Level 5:colcon.colcon_core.verb:set package 'gps_sim' build argument 'cmake_force_configure' from command line to 'False'
[0.406s] Level 5:colcon.colcon_core.verb:set package 'gps_sim' build argument 'ament_cmake_args' from command line to 'None'
[0.406s] Level 5:colcon.colcon_core.verb:set package 'gps_sim' build argument 'catkin_cmake_args' from command line to 'None'
[0.407s] Level 5:colcon.colcon_core.verb:set package 'gps_sim' build argument 'catkin_skip_building_tests' from command line to 'False'
[0.408s] DEBUG:colcon.colcon_core.verb:Building package 'gps_sim' with the following arguments: {'ament_cmake_args': None, 'build_base': '/opt/ros/dev_ws/src/build/gps_sim', 'catkin_cmake_args': None, 'catkin_skip_building_tests': False, 'cmake_args': None, 'cmake_clean_cache': False, 'cmake_clean_first': False, 'cmake_force_configure': False, 'cmake_target': None, 'cmake_target_skip_unavailable': False, 'install_base': '/opt/ros/dev_ws/src/install/gps_sim', 'merge_install': False, 'path': '/opt/ros/dev_ws/src/gps_sim', 'symlink_install': False, 'test_result_base': None}
[0.410s] Level 5:colcon.colcon_core.verb:set package 'pid' build argument 'cmake_args' from command line to 'None'
[0.410s] Level 5:colcon.colcon_core.verb:set package 'pid' build argument 'cmake_target' from command line to 'None'
[0.412s] Level 5:colcon.colcon_core.verb:set package 'pid' build argument 'cmake_target_skip_unavailable' from command line to 'False'
[0.413s] Level 5:colcon.colcon_core.verb:set package 'pid' build argument 'cmake_clean_cache' from command line to 'False'
[0.413s] Level 5:colcon.colcon_core.verb:set package 'pid' build argument 'cmake_clean_first' from command line to 'False'
[0.415s] Level 5:colcon.colcon_core.verb:set package 'pid' build argument 'cmake_force_configure' from command line to 'False'
[0.416s] Level 5:colcon.colcon_core.verb:set package 'pid' build argument 'ament_cmake_args' from command line to 'None'
[0.416s] Level 5:colcon.colcon_core.verb:set package 'pid' build argument 'catkin_cmake_args' from command line to 'None'
[0.419s] Level 5:colcon.colcon_core.verb:set package 'pid' build argument 'catkin_skip_building_tests' from command line to 'False'
[0.420s] DEBUG:colcon.colcon_core.verb:Building package 'pid' with the following arguments: {'ament_cmake_args': None, 'build_base': '/opt/ros/dev_ws/src/build/pid', 'catkin_cmake_args': None, 'catkin_skip_building_tests': False, 'cmake_args': None, 'cmake_clean_cache': False, 'cmake_clean_first': False, 'cmake_force_configure': False, 'cmake_target': None, 'cmake_target_skip_unavailable': False, 'install_base': '/opt/ros/dev_ws/src/install/pid', 'merge_install': False, 'path': '/opt/ros/dev_ws/src/pid', 'symlink_install': False, 'test_result_base': None}
[0.422s] Level 5:colcon.colcon_core.verb:set package 'py_pubsub' build argument 'cmake_args' from command line to 'None'
[0.423s] Level 5:colcon.colcon_core.verb:set package 'py_pubsub' build argument 'cmake_target' from command line to 'None'
[0.424s] Level 5:colcon.colcon_core.verb:set package 'py_pubsub' build argument 'cmake_target_skip_unavailable' from command line to 'False'
[0.425s] Level 5:colcon.colcon_core.verb:set package 'py_pubsub' build argument 'cmake_clean_cache' from command line to 'False'
[0.426s] Level 5:colcon.colcon_core.verb:set package 'py_pubsub' build argument 'cmake_clean_first' from command line to 'False'
[0.427s] Level 5:colcon.colcon_core.verb:set package 'py_pubsub' build argument 'cmake_force_configure' from command line to 'False'
[0.428s] Level 5:colcon.colcon_core.verb:set package 'py_pubsub' build argument 'ament_cmake_args' from command line to 'None'
[0.428s] Level 5:colcon.colcon_core.verb:set package 'py_pubsub' build argument 'catkin_cmake_args' from command line to 'None'
[0.429s] Level 5:colcon.colcon_core.verb:set package 'py_pubsub' build argument 'catkin_skip_building_tests' from command line to 'False'
[0.430s] DEBUG:colcon.colcon_core.verb:Building package 'py_pubsub' with the following arguments: {'ament_cmake_args': None, 'build_base': '/opt/ros/dev_ws/src/build/py_pubsub', 'catkin_cmake_args': None, 'catkin_skip_building_tests': False, 'cmake_args': None, 'cmake_clean_cache': False, 'cmake_clean_first': False, 'cmake_force_configure': False, 'cmake_target': None, 'cmake_target_skip_unavailable': False, 'install_base': '/opt/ros/dev_ws/src/install/py_pubsub', 'merge_install': False, 'path': '/opt/ros/dev_ws/src/py_pubsub', 'symlink_install': False, 'test_result_base': None}
[0.431s] Level 5:colcon.colcon_core.verb:set package 'rtk' build argument 'cmake_args' from command line to 'None'
[0.432s] Level 5:colcon.colcon_core.verb:set package 'rtk' build argument 'cmake_target' from command line to 'None'
[0.433s] Level 5:colcon.colcon_core.verb:set package 'rtk' build argument 'cmake_target_skip_unavailable' from command line to 'False'
[0.434s] Level 5:colcon.colcon_core.verb:set package 'rtk' build argument 'cmake_clean_cache' from command line to 'False'
[0.434s] Level 5:colcon.colcon_core.verb:set package 'rtk' build argument 'cmake_clean_first' from command line to 'False'
[0.435s] Level 5:colcon.colcon_core.verb:set package 'rtk' build argument 'cmake_force_configure' from command line to 'False'
[0.436s] Level 5:colcon.colcon_core.verb:set package 'rtk' build argument 'ament_cmake_args' from command line to 'None'
[0.437s] Level 5:colcon.colcon_core.verb:set package 'rtk' build argument 'catkin_cmake_args' from command line to 'None'
[0.437s] Level 5:colcon.colcon_core.verb:set package 'rtk' build argument 'catkin_skip_building_tests' from command line to 'False'
[0.438s] DEBUG:colcon.colcon_core.verb:Building package 'rtk' with the following arguments: {'ament_cmake_args': None, 'build_base': '/opt/ros/dev_ws/src/build/rtk', 'catkin_cmake_args': None, 'catkin_skip_building_tests': False, 'cmake_args': None, 'cmake_clean_cache': False, 'cmake_clean_first': False, 'cmake_force_configure': False, 'cmake_target': None, 'cmake_target_skip_unavailable': False, 'install_base': '/opt/ros/dev_ws/src/install/rtk', 'merge_install': False, 'path': '/opt/ros/dev_ws/src/rtk', 'symlink_install': False, 'test_result_base': None}
[0.441s] Level 5:colcon.colcon_core.verb:set package 'teleop_keyboard' build argument 'cmake_args' from command line to 'None'
[0.442s] Level 5:colcon.colcon_core.verb:set package 'teleop_keyboard' build argument 'cmake_target' from command line to 'None'
[0.443s] Level 5:colcon.colcon_core.verb:set package 'teleop_keyboard' build argument 'cmake_target_skip_unavailable' from command line to 'False'
[0.444s] Level 5:colcon.colcon_core.verb:set package 'teleop_keyboard' build argument 'cmake_clean_cache' from command line to 'False'
[0.445s] Level 5:colcon.colcon_core.verb:set package 'teleop_keyboard' build argument 'cmake_clean_first' from command line to 'False'
[0.446s] Level 5:colcon.colcon_core.verb:set package 'teleop_keyboard' build argument 'cmake_force_configure' from command line to 'False'
[0.447s] Level 5:colcon.colcon_core.verb:set package 'teleop_keyboard' build argument 'ament_cmake_args' from command line to 'None'
[0.447s] Level 5:colcon.colcon_core.verb:set package 'teleop_keyboard' build argument 'catkin_cmake_args' from command line to 'None'
[0.448s] Level 5:colcon.colcon_core.verb:set package 'teleop_keyboard' build argument 'catkin_skip_building_tests' from command line to 'False'
[0.449s] DEBUG:colcon.colcon_core.verb:Building package 'teleop_keyboard' with the following arguments: {'ament_cmake_args': None, 'build_base': '/opt/ros/dev_ws/src/build/teleop_keyboard', 'catkin_cmake_args': None, 'catkin_skip_building_tests': False, 'cmake_args': None, 'cmake_clean_cache': False, 'cmake_clean_first': False, 'cmake_force_configure': False, 'cmake_target': None, 'cmake_target_skip_unavailable': False, 'install_base': '/opt/ros/dev_ws/src/install/teleop_keyboard', 'merge_install': False, 'path': '/opt/ros/dev_ws/src/teleop_keyboard', 'symlink_install': False, 'test_result_base': None}
[0.450s] INFO:colcon.colcon_core.executor:Executing jobs using 'parallel' executor
[0.453s] DEBUG:colcon.colcon_parallel_executor.executor.parallel:run_until_complete
[0.454s] INFO:colcon.colcon_ros.task.ament_python.build:Building ROS package in '/opt/ros/dev_ws/src/driver_ui' with build type 'ament_python'
[0.455s] Level 1:colcon.colcon_core.shell:create_environment_hook('driver_ui', 'ament_prefix_path')
[0.459s] INFO:colcon.colcon_core.plugin_system:Skipping extension 'colcon_core.shell.bat': Not used on non-Windows systems
[0.460s] INFO:colcon.colcon_core.shell:Creating environment hook '/opt/ros/dev_ws/src/install/driver_ui/share/driver_ui/hook/ament_prefix_path.ps1'
[0.470s] INFO:colcon.colcon_core.shell:Creating environment descriptor '/opt/ros/dev_ws/src/install/driver_ui/share/driver_ui/hook/ament_prefix_path.dsv'
[0.477s] INFO:colcon.colcon_core.shell:Creating environment hook '/opt/ros/dev_ws/src/install/driver_ui/share/driver_ui/hook/ament_prefix_path.sh'
[0.484s] INFO:colcon.colcon_core.shell:Skip shell extension 'powershell' for command environment: Not usable outside of PowerShell
[0.485s] DEBUG:colcon.colcon_core.shell:Skip shell extension 'dsv' for command environment
[0.510s] INFO:colcon.colcon_ros.task.ament_python.build:Building ROS package in '/opt/ros/dev_ws/src/gps_sim' with build type 'ament_python'
[0.513s] Level 1:colcon.colcon_core.shell:create_environment_hook('gps_sim', 'ament_prefix_path')
[0.515s] INFO:colcon.colcon_core.shell:Creating environment hook '/opt/ros/dev_ws/src/install/gps_sim/share/gps_sim/hook/ament_prefix_path.ps1'
[0.524s] INFO:colcon.colcon_core.shell:Creating environment descriptor '/opt/ros/dev_ws/src/install/gps_sim/share/gps_sim/hook/ament_prefix_path.dsv'
[0.533s] INFO:colcon.colcon_core.shell:Creating environment hook '/opt/ros/dev_ws/src/install/gps_sim/share/gps_sim/hook/ament_prefix_path.sh'
[0.540s] INFO:colcon.colcon_core.shell:Skip shell extension 'powershell' for command environment: Not usable outside of PowerShell
[0.541s] DEBUG:colcon.colcon_core.shell:Skip shell extension 'dsv' for command environment
[0.555s] INFO:colcon.colcon_ros.task.ament_python.build:Building ROS package in '/opt/ros/dev_ws/src/pid' with build type 'ament_python'
[0.556s] Level 1:colcon.colcon_core.shell:create_environment_hook('pid', 'ament_prefix_path')
[0.559s] INFO:colcon.colcon_core.shell:Creating environment hook '/opt/ros/dev_ws/src/install/pid/share/pid/hook/ament_prefix_path.ps1'
[0.567s] INFO:colcon.colcon_core.shell:Creating environment descriptor '/opt/ros/dev_ws/src/install/pid/share/pid/hook/ament_prefix_path.dsv'
[0.574s] INFO:colcon.colcon_core.shell:Creating environment hook '/opt/ros/dev_ws/src/install/pid/share/pid/hook/ament_prefix_path.sh'
[0.580s] INFO:colcon.colcon_core.shell:Skip shell extension 'powershell' for command environment: Not usable outside of PowerShell
[0.581s] DEBUG:colcon.colcon_core.shell:Skip shell extension 'dsv' for command environment
[0.595s] INFO:colcon.colcon_ros.task.ament_python.build:Building ROS package in '/opt/ros/dev_ws/src/py_pubsub' with build type 'ament_python'
[0.596s] Level 1:colcon.colcon_core.shell:create_environment_hook('py_pubsub', 'ament_prefix_path')
[0.599s] INFO:colcon.colcon_core.shell:Creating environment hook '/opt/ros/dev_ws/src/install/py_pubsub/share/py_pubsub/hook/ament_prefix_path.ps1'
[0.608s] INFO:colcon.colcon_core.shell:Creating environment descriptor '/opt/ros/dev_ws/src/install/py_pubsub/share/py_pubsub/hook/ament_prefix_path.dsv'
[0.615s] INFO:colcon.colcon_core.shell:Creating environment hook '/opt/ros/dev_ws/src/install/py_pubsub/share/py_pubsub/hook/ament_prefix_path.sh'
[0.621s] INFO:colcon.colcon_core.shell:Skip shell extension 'powershell' for command environment: Not usable outside of PowerShell
[0.622s] DEBUG:colcon.colcon_core.shell:Skip shell extension 'dsv' for command environment
[0.763s] INFO:colcon.colcon_core.task.python.build:Building Python package in '/opt/ros/dev_ws/src/driver_ui'
[0.765s] INFO:colcon.colcon_core.shell:Skip shell extension 'powershell' for command environment: Not usable outside of PowerShell
[0.766s] DEBUG:colcon.colcon_core.shell:Skip shell extension 'dsv' for command environment
[0.908s] INFO:colcon.colcon_core.task.python.build:Building Python package in '/opt/ros/dev_ws/src/gps_sim'
[0.911s] INFO:colcon.colcon_core.shell:Skip shell extension 'powershell' for command environment: Not usable outside of PowerShell
[0.912s] DEBUG:colcon.colcon_core.shell:Skip shell extension 'dsv' for command environment
[1.043s] INFO:colcon.colcon_core.task.python.build:Building Python package in '/opt/ros/dev_ws/src/pid'
[1.045s] INFO:colcon.colcon_core.shell:Skip shell extension 'powershell' for command environment: Not usable outside of PowerShell
[1.046s] DEBUG:colcon.colcon_core.shell:Skip shell extension 'dsv' for command environment
[1.179s] INFO:colcon.colcon_core.task.python.build:Building Python package in '/opt/ros/dev_ws/src/py_pubsub'
[1.181s] INFO:colcon.colcon_core.shell:Skip shell extension 'powershell' for command environment: Not usable outside of PowerShell
[1.183s] DEBUG:colcon.colcon_core.shell:Skip shell extension 'dsv' for command environment
[1.651s] DEBUG:colcon.colcon_core.event_handler.log_command:Invoking command in '/opt/ros/dev_ws/src/gps_sim': PYTHONPATH=/opt/ros/dev_ws/src/install/gps_sim/lib/python3.8/site-packages:${PYTHONPATH} /usr/bin/python3 setup.py egg_info --egg-base ../build/gps_sim build --build-base /opt/ros/dev_ws/src/build/gps_sim/build install --prefix /opt/ros/dev_ws/src/install/gps_sim --record /opt/ros/dev_ws/src/build/gps_sim/install.log --single-version-externally-managed
[1.692s] DEBUG:colcon.colcon_core.event_handler.log_command:Invoking command in '/opt/ros/dev_ws/src/pid': PYTHONPATH=/opt/ros/dev_ws/src/install/pid/lib/python3.8/site-packages:${PYTHONPATH} /usr/bin/python3 setup.py egg_info --egg-base ../build/pid build --build-base /opt/ros/dev_ws/src/build/pid/build install --prefix /opt/ros/dev_ws/src/install/pid --record /opt/ros/dev_ws/src/build/pid/install.log --single-version-externally-managed
[1.724s] DEBUG:colcon.colcon_core.event_handler.log_command:Invoking command in '/opt/ros/dev_ws/src/driver_ui': PYTHONPATH=/opt/ros/dev_ws/src/install/driver_ui/lib/python3.8/site-packages:${PYTHONPATH} /usr/bin/python3 setup.py egg_info --egg-base ../build/driver_ui build --build-base /opt/ros/dev_ws/src/build/driver_ui/build install --prefix /opt/ros/dev_ws/src/install/driver_ui --record /opt/ros/dev_ws/src/build/driver_ui/install.log --single-version-externally-managed
[1.754s] DEBUG:colcon.colcon_core.event_handler.log_command:Invoking command in '/opt/ros/dev_ws/src/py_pubsub': PYTHONPATH=/opt/ros/dev_ws/src/install/py_pubsub/lib/python3.8/site-packages:${PYTHONPATH} /usr/bin/python3 setup.py egg_info --egg-base ../build/py_pubsub build --build-base /opt/ros/dev_ws/src/build/py_pubsub/build install --prefix /opt/ros/dev_ws/src/install/py_pubsub --record /opt/ros/dev_ws/src/build/py_pubsub/install.log --single-version-externally-managed
[2.248s] Level 1:colcon.colcon_core.environment:checking '/opt/ros/dev_ws/src/install/gps_sim' for CMake module files
[2.284s] Level 1:colcon.colcon_core.environment:checking '/opt/ros/dev_ws/src/install/gps_sim' for CMake config files
[2.322s] Level 1:colcon.colcon_core.environment:checking '/opt/ros/dev_ws/src/install/gps_sim/lib'
[2.324s] Level 1:colcon.colcon_core.environment:checking '/opt/ros/dev_ws/src/install/gps_sim/bin'
[2.327s] Level 1:colcon.colcon_core.environment:checking '/opt/ros/dev_ws/src/install/gps_sim/lib/pkgconfig/gps_sim.pc'
[2.329s] Level 1:colcon.colcon_core.environment:checking '/opt/ros/dev_ws/src/install/gps_sim/lib/python3.8/site-packages'
[2.330s] Level 1:colcon.colcon_core.shell:create_environment_hook('gps_sim', 'pythonpath')
[2.333s] INFO:colcon.colcon_core.shell:Creating environment hook '/opt/ros/dev_ws/src/install/gps_sim/share/gps_sim/hook/pythonpath.ps1'
[2.341s] INFO:colcon.colcon_core.shell:Creating environment descriptor '/opt/ros/dev_ws/src/install/gps_sim/share/gps_sim/hook/pythonpath.dsv'
[2.348s] INFO:colcon.colcon_core.shell:Creating environment hook '/opt/ros/dev_ws/src/install/gps_sim/share/gps_sim/hook/pythonpath.sh'
[2.354s] Level 1:colcon.colcon_core.environment:checking '/opt/ros/dev_ws/src/install/gps_sim/bin'
[2.356s] Level 1:colcon.colcon_core.environment:create_environment_scripts_only(gps_sim)
[2.358s] INFO:colcon.colcon_core.shell:Creating package script '/opt/ros/dev_ws/src/install/gps_sim/share/gps_sim/package.ps1'
[2.363s] INFO:colcon.colcon_core.shell:Creating package descriptor '/opt/ros/dev_ws/src/install/gps_sim/share/gps_sim/package.dsv'
[2.374s] INFO:colcon.colcon_core.shell:Creating package script '/opt/ros/dev_ws/src/install/gps_sim/share/gps_sim/package.sh'
[2.386s] INFO:colcon.colcon_core.shell:Creating package script '/opt/ros/dev_ws/src/install/gps_sim/share/gps_sim/package.bash'
[2.395s] INFO:colcon.colcon_core.shell:Creating package script '/opt/ros/dev_ws/src/install/gps_sim/share/gps_sim/package.zsh'
[2.402s] Level 1:colcon.colcon_core.environment:create_file_with_runtime_dependencies(/opt/ros/dev_ws/src/install/gps_sim/share/colcon-core/packages/gps_sim)
[2.410s] INFO:colcon.colcon_ros.task.ament_python.build:Building ROS package in '/opt/ros/dev_ws/src/rtk' with build type 'ament_python'
[2.412s] Level 1:colcon.colcon_core.shell:create_environment_hook('rtk', 'ament_prefix_path')
[2.413s] INFO:colcon.colcon_core.shell:Creating environment hook '/opt/ros/dev_ws/src/install/rtk/share/rtk/hook/ament_prefix_path.ps1'
[2.423s] INFO:colcon.colcon_core.shell:Creating environment descriptor '/opt/ros/dev_ws/src/install/rtk/share/rtk/hook/ament_prefix_path.dsv'
[2.425s] DEBUG:colcon.colcon_core.event_handler.log_command:Invoked command in '/opt/ros/dev_ws/src/gps_sim' returned '0': PYTHONPATH=/opt/ros/dev_ws/src/install/gps_sim/lib/python3.8/site-packages:${PYTHONPATH} /usr/bin/python3 setup.py egg_info --egg-base ../build/gps_sim build --build-base /opt/ros/dev_ws/src/build/gps_sim/build install --prefix /opt/ros/dev_ws/src/install/gps_sim --record /opt/ros/dev_ws/src/build/gps_sim/install.log --single-version-externally-managed
[2.429s] INFO:colcon.colcon_core.shell:Creating environment hook '/opt/ros/dev_ws/src/install/rtk/share/rtk/hook/ament_prefix_path.sh'
[2.435s] INFO:colcon.colcon_core.shell:Skip shell extension 'powershell' for command environment: Not usable outside of PowerShell
[2.437s] DEBUG:colcon.colcon_core.shell:Skip shell extension 'dsv' for command environment
[2.461s] Level 1:colcon.colcon_core.environment:checking '/opt/ros/dev_ws/src/install/pid' for CMake module files
[2.482s] DEBUG:colcon.colcon_core.event_handler.log_command:Invoked command in '/opt/ros/dev_ws/src/pid' returned '0': PYTHONPATH=/opt/ros/dev_ws/src/install/pid/lib/python3.8/site-packages:${PYTHONPATH} /usr/bin/python3 setup.py egg_info --egg-base ../build/pid build --build-base /opt/ros/dev_ws/src/build/pid/build install --prefix /opt/ros/dev_ws/src/install/pid --record /opt/ros/dev_ws/src/build/pid/install.log --single-version-externally-managed
[2.488s] Level 1:colcon.colcon_core.environment:checking '/opt/ros/dev_ws/src/install/pid' for CMake config files
[2.517s] Level 1:colcon.colcon_core.environment:checking '/opt/ros/dev_ws/src/install/pid/lib'
[2.519s] Level 1:colcon.colcon_core.environment:checking '/opt/ros/dev_ws/src/install/pid/bin'
[2.520s] Level 1:colcon.colcon_core.environment:checking '/opt/ros/dev_ws/src/install/pid/lib/pkgconfig/pid.pc'
[2.522s] Level 1:colcon.colcon_core.environment:checking '/opt/ros/dev_ws/src/install/pid/lib/python3.8/site-packages'
[2.523s] Level 1:colcon.colcon_core.shell:create_environment_hook('pid', 'pythonpath')
[2.525s] INFO:colcon.colcon_core.shell:Creating environment hook '/opt/ros/dev_ws/src/install/pid/share/pid/hook/pythonpath.ps1'
[2.531s] INFO:colcon.colcon_core.shell:Creating environment descriptor '/opt/ros/dev_ws/src/install/pid/share/pid/hook/pythonpath.dsv'
[2.535s] INFO:colcon.colcon_core.shell:Creating environment hook '/opt/ros/dev_ws/src/install/pid/share/pid/hook/pythonpath.sh'
[2.539s] Level 1:colcon.colcon_core.environment:checking '/opt/ros/dev_ws/src/install/pid/bin'
[2.541s] Level 1:colcon.colcon_core.environment:create_environment_scripts_only(pid)
[2.542s] INFO:colcon.colcon_core.shell:Creating package script '/opt/ros/dev_ws/src/install/pid/share/pid/package.ps1'
[2.547s] INFO:colcon.colcon_core.shell:Creating package descriptor '/opt/ros/dev_ws/src/install/pid/share/pid/package.dsv'
[2.551s] INFO:colcon.colcon_core.shell:Creating package script '/opt/ros/dev_ws/src/install/pid/share/pid/package.sh'
[2.556s] INFO:colcon.colcon_core.shell:Creating package script '/opt/ros/dev_ws/src/install/pid/share/pid/package.bash'
[2.560s] INFO:colcon.colcon_core.shell:Creating package script '/opt/ros/dev_ws/src/install/pid/share/pid/package.zsh'
[2.566s] Level 1:colcon.colcon_core.environment:create_file_with_runtime_dependencies(/opt/ros/dev_ws/src/install/pid/share/colcon-core/packages/pid)
[2.573s] Level 1:colcon.colcon_core.environment:checking '/opt/ros/dev_ws/src/install/driver_ui' for CMake module files
[2.584s] DEBUG:colcon.colcon_core.event_handler.log_command:Invoked command in '/opt/ros/dev_ws/src/driver_ui' returned '0': PYTHONPATH=/opt/ros/dev_ws/src/install/driver_ui/lib/python3.8/site-packages:${PYTHONPATH} /usr/bin/python3 setup.py egg_info --egg-base ../build/driver_ui build --build-base /opt/ros/dev_ws/src/build/driver_ui/build install --prefix /opt/ros/dev_ws/src/install/driver_ui --record /opt/ros/dev_ws/src/build/driver_ui/install.log --single-version-externally-managed
[2.602s] Level 1:colcon.colcon_core.environment:checking '/opt/ros/dev_ws/src/install/driver_ui' for CMake config files
[2.632s] Level 1:colcon.colcon_core.environment:checking '/opt/ros/dev_ws/src/install/driver_ui/lib'
[2.634s] Level 1:colcon.colcon_core.environment:checking '/opt/ros/dev_ws/src/install/driver_ui/bin'
[2.636s] Level 1:colcon.colcon_core.environment:checking '/opt/ros/dev_ws/src/install/driver_ui/lib/pkgconfig/driver_ui.pc'
[2.639s] Level 1:colcon.colcon_core.environment:checking '/opt/ros/dev_ws/src/install/driver_ui/lib/python3.8/site-packages'
[2.640s] Level 1:colcon.colcon_core.shell:create_environment_hook('driver_ui', 'pythonpath')
[2.641s] INFO:colcon.colcon_core.shell:Creating environment hook '/opt/ros/dev_ws/src/install/driver_ui/share/driver_ui/hook/pythonpath.ps1'
[2.650s] INFO:colcon.colcon_core.shell:Creating environment descriptor '/opt/ros/dev_ws/src/install/driver_ui/share/driver_ui/hook/pythonpath.dsv'
[2.657s] INFO:colcon.colcon_core.shell:Creating environment hook '/opt/ros/dev_ws/src/install/driver_ui/share/driver_ui/hook/pythonpath.sh'
[2.661s] Level 1:colcon.colcon_core.environment:checking '/opt/ros/dev_ws/src/install/driver_ui/bin'
[2.662s] Level 1:colcon.colcon_core.environment:create_environment_scripts_only(driver_ui)
[2.664s] INFO:colcon.colcon_core.shell:Creating package script '/opt/ros/dev_ws/src/install/driver_ui/share/driver_ui/package.ps1'
[2.670s] INFO:colcon.colcon_core.shell:Creating package descriptor '/opt/ros/dev_ws/src/install/driver_ui/share/driver_ui/package.dsv'
[2.674s] INFO:colcon.colcon_core.shell:Creating package script '/opt/ros/dev_ws/src/install/driver_ui/share/driver_ui/package.sh'
[2.678s] INFO:colcon.colcon_core.shell:Creating package script '/opt/ros/dev_ws/src/install/driver_ui/share/driver_ui/package.bash'
[2.683s] INFO:colcon.colcon_core.shell:Creating package script '/opt/ros/dev_ws/src/install/driver_ui/share/driver_ui/package.zsh'
[2.687s] Level 1:colcon.colcon_core.environment:create_file_with_runtime_dependencies(/opt/ros/dev_ws/src/install/driver_ui/share/colcon-core/packages/driver_ui)
[2.693s] INFO:colcon.colcon_ros.task.ament_python.build:Building ROS package in '/opt/ros/dev_ws/src/teleop_keyboard' with build type 'ament_python'
[2.694s] Level 1:colcon.colcon_core.shell:create_environment_hook('teleop_keyboard', 'ament_prefix_path')
[2.695s] INFO:colcon.colcon_core.shell:Creating environment hook '/opt/ros/dev_ws/src/install/teleop_keyboard/share/teleop_keyboard/hook/ament_prefix_path.ps1'
[2.703s] INFO:colcon.colcon_core.shell:Creating environment descriptor '/opt/ros/dev_ws/src/install/teleop_keyboard/share/teleop_keyboard/hook/ament_prefix_path.dsv'
[2.707s] INFO:colcon.colcon_core.shell:Creating environment hook '/opt/ros/dev_ws/src/install/teleop_keyboard/share/teleop_keyboard/hook/ament_prefix_path.sh'
[2.713s] INFO:colcon.colcon_core.shell:Skip shell extension 'powershell' for command environment: Not usable outside of PowerShell
[2.714s] DEBUG:colcon.colcon_core.shell:Skip shell extension 'dsv' for command environment
[2.729s] Level 1:colcon.colcon_core.environment:checking '/opt/ros/dev_ws/src/install/py_pubsub' for CMake module files
[2.734s] DEBUG:colcon.colcon_core.event_handler.log_command:Invoked command in '/opt/ros/dev_ws/src/py_pubsub' returned '0': PYTHONPATH=/opt/ros/dev_ws/src/install/py_pubsub/lib/python3.8/site-packages:${PYTHONPATH} /usr/bin/python3 setup.py egg_info --egg-base ../build/py_pubsub build --build-base /opt/ros/dev_ws/src/build/py_pubsub/build install --prefix /opt/ros/dev_ws/src/install/py_pubsub --record /opt/ros/dev_ws/src/build/py_pubsub/install.log --single-version-externally-managed
[2.758s] Level 1:colcon.colcon_core.environment:checking '/opt/ros/dev_ws/src/install/py_pubsub' for CMake config files
[2.781s] Level 1:colcon.colcon_core.environment:checking '/opt/ros/dev_ws/src/install/py_pubsub/lib'
[2.783s] Level 1:colcon.colcon_core.environment:checking '/opt/ros/dev_ws/src/install/py_pubsub/bin'
[2.785s] Level 1:colcon.colcon_core.environment:checking '/opt/ros/dev_ws/src/install/py_pubsub/lib/pkgconfig/py_pubsub.pc'
[2.786s] Level 1:colcon.colcon_core.environment:checking '/opt/ros/dev_ws/src/install/py_pubsub/lib/python3.8/site-packages'
[2.787s] Level 1:colcon.colcon_core.shell:create_environment_hook('py_pubsub', 'pythonpath')
[2.789s] INFO:colcon.colcon_core.shell:Creating environment hook '/opt/ros/dev_ws/src/install/py_pubsub/share/py_pubsub/hook/pythonpath.ps1'
[2.796s] INFO:colcon.colcon_core.shell:Creating environment descriptor '/opt/ros/dev_ws/src/install/py_pubsub/share/py_pubsub/hook/pythonpath.dsv'
[2.801s] INFO:colcon.colcon_core.shell:Creating environment hook '/opt/ros/dev_ws/src/install/py_pubsub/share/py_pubsub/hook/pythonpath.sh'
[2.806s] Level 1:colcon.colcon_core.environment:checking '/opt/ros/dev_ws/src/install/py_pubsub/bin'
[2.808s] Level 1:colcon.colcon_core.environment:create_environment_scripts_only(py_pubsub)
[2.811s] INFO:colcon.colcon_core.shell:Creating package script '/opt/ros/dev_ws/src/install/py_pubsub/share/py_pubsub/package.ps1'
[2.815s] INFO:colcon.colcon_core.shell:Creating package descriptor '/opt/ros/dev_ws/src/install/py_pubsub/share/py_pubsub/package.dsv'
[2.821s] INFO:colcon.colcon_core.shell:Creating package script '/opt/ros/dev_ws/src/install/py_pubsub/share/py_pubsub/package.sh'
[2.825s] INFO:colcon.colcon_core.shell:Creating package script '/opt/ros/dev_ws/src/install/py_pubsub/share/py_pubsub/package.bash'
[2.830s] INFO:colcon.colcon_core.shell:Creating package script '/opt/ros/dev_ws/src/install/py_pubsub/share/py_pubsub/package.zsh'
[2.834s] Level 1:colcon.colcon_core.environment:create_file_with_runtime_dependencies(/opt/ros/dev_ws/src/install/py_pubsub/share/colcon-core/packages/py_pubsub)
[2.966s] INFO:colcon.colcon_core.task.python.build:Building Python package in '/opt/ros/dev_ws/src/rtk'
[2.968s] INFO:colcon.colcon_core.shell:Skip shell extension 'powershell' for command environment: Not usable outside of PowerShell
[2.969s] DEBUG:colcon.colcon_core.shell:Skip shell extension 'dsv' for command environment
[3.099s] INFO:colcon.colcon_core.task.python.build:Building Python package in '/opt/ros/dev_ws/src/teleop_keyboard'
[3.101s] INFO:colcon.colcon_core.shell:Skip shell extension 'powershell' for command environment: Not usable outside of PowerShell
[3.102s] DEBUG:colcon.colcon_core.shell:Skip shell extension 'dsv' for command environment
[3.464s] DEBUG:colcon.colcon_core.event_handler.log_command:Invoking command in '/opt/ros/dev_ws/src/rtk': PYTHONPATH=/opt/ros/dev_ws/src/install/rtk/lib/python3.8/site-packages:${PYTHONPATH} /usr/bin/python3 setup.py egg_info --egg-base ../build/rtk build --build-base /opt/ros/dev_ws/src/build/rtk/build install --prefix /opt/ros/dev_ws/src/install/rtk --record /opt/ros/dev_ws/src/build/rtk/install.log --single-version-externally-managed
[3.486s] DEBUG:colcon.colcon_core.event_handler.log_command:Invoking command in '/opt/ros/dev_ws/src/teleop_keyboard': PYTHONPATH=/opt/ros/dev_ws/src/install/teleop_keyboard/lib/python3.8/site-packages:${PYTHONPATH} /usr/bin/python3 setup.py egg_info --egg-base ../build/teleop_keyboard build --build-base /opt/ros/dev_ws/src/build/teleop_keyboard/build install --prefix /opt/ros/dev_ws/src/install/teleop_keyboard --record /opt/ros/dev_ws/src/build/teleop_keyboard/install.log --single-version-externally-managed
[3.905s] Level 1:colcon.colcon_core.environment:checking '/opt/ros/dev_ws/src/install/rtk' for CMake module files
[3.908s] DEBUG:colcon.colcon_core.event_handler.log_command:Invoked command in '/opt/ros/dev_ws/src/rtk' returned '0': PYTHONPATH=/opt/ros/dev_ws/src/install/rtk/lib/python3.8/site-packages:${PYTHONPATH} /usr/bin/python3 setup.py egg_info --egg-base ../build/rtk build --build-base /opt/ros/dev_ws/src/build/rtk/build install --prefix /opt/ros/dev_ws/src/install/rtk --record /opt/ros/dev_ws/src/build/rtk/install.log --single-version-externally-managed
[3.940s] Level 1:colcon.colcon_core.environment:checking '/opt/ros/dev_ws/src/install/rtk' for CMake config files
[3.968s] Level 1:colcon.colcon_core.environment:checking '/opt/ros/dev_ws/src/install/rtk/lib'
[3.970s] Level 1:colcon.colcon_core.environment:checking '/opt/ros/dev_ws/src/install/rtk/bin'
[3.971s] Level 1:colcon.colcon_core.environment:checking '/opt/ros/dev_ws/src/install/rtk/lib/pkgconfig/rtk.pc'
[3.973s] Level 1:colcon.colcon_core.environment:checking '/opt/ros/dev_ws/src/install/rtk/lib/python3.8/site-packages'
[3.974s] Level 1:colcon.colcon_core.shell:create_environment_hook('rtk', 'pythonpath')
[3.976s] INFO:colcon.colcon_core.shell:Creating environment hook '/opt/ros/dev_ws/src/install/rtk/share/rtk/hook/pythonpath.ps1'
[3.982s] INFO:colcon.colcon_core.shell:Creating environment descriptor '/opt/ros/dev_ws/src/install/rtk/share/rtk/hook/pythonpath.dsv'
[3.986s] INFO:colcon.colcon_core.shell:Creating environment hook '/opt/ros/dev_ws/src/install/rtk/share/rtk/hook/pythonpath.sh'
[3.990s] Level 1:colcon.colcon_core.environment:checking '/opt/ros/dev_ws/src/install/rtk/bin'
[3.993s] Level 1:colcon.colcon_core.environment:create_environment_scripts_only(rtk)
[3.995s] INFO:colcon.colcon_core.shell:Creating package script '/opt/ros/dev_ws/src/install/rtk/share/rtk/package.ps1'
[4.000s] INFO:colcon.colcon_core.shell:Creating package descriptor '/opt/ros/dev_ws/src/install/rtk/share/rtk/package.dsv'
[4.004s] INFO:colcon.colcon_core.shell:Creating package script '/opt/ros/dev_ws/src/install/rtk/share/rtk/package.sh'
[4.009s] INFO:colcon.colcon_core.shell:Creating package script '/opt/ros/dev_ws/src/install/rtk/share/rtk/package.bash'
[4.013s] INFO:colcon.colcon_core.shell:Creating package script '/opt/ros/dev_ws/src/install/rtk/share/rtk/package.zsh'
[4.018s] Level 1:colcon.colcon_core.environment:create_file_with_runtime_dependencies(/opt/ros/dev_ws/src/install/rtk/share/colcon-core/packages/rtk)
[4.026s] Level 1:colcon.colcon_core.environment:checking '/opt/ros/dev_ws/src/install/teleop_keyboard' for CMake module files
[4.034s] DEBUG:colcon.colcon_core.event_handler.log_command:Invoked command in '/opt/ros/dev_ws/src/teleop_keyboard' returned '0': PYTHONPATH=/opt/ros/dev_ws/src/install/teleop_keyboard/lib/python3.8/site-packages:${PYTHONPATH} /usr/bin/python3 setup.py egg_info --egg-base ../build/teleop_keyboard build --build-base /opt/ros/dev_ws/src/build/teleop_keyboard/build install --prefix /opt/ros/dev_ws/src/install/teleop_keyboard --record /opt/ros/dev_ws/src/build/teleop_keyboard/install.log --single-version-externally-managed
[4.050s] Level 1:colcon.colcon_core.environment:checking '/opt/ros/dev_ws/src/install/teleop_keyboard' for CMake config files
[4.079s] Level 1:colcon.colcon_core.environment:checking '/opt/ros/dev_ws/src/install/teleop_keyboard/lib'
[4.082s] Level 1:colcon.colcon_core.environment:checking '/opt/ros/dev_ws/src/install/teleop_keyboard/bin'
[4.083s] Level 1:colcon.colcon_core.environment:checking '/opt/ros/dev_ws/src/install/teleop_keyboard/lib/pkgconfig/teleop_keyboard.pc'
[4.084s] Level 1:colcon.colcon_core.environment:checking '/opt/ros/dev_ws/src/install/teleop_keyboard/lib/python3.8/site-packages'
[4.085s] Level 1:colcon.colcon_core.shell:create_environment_hook('teleop_keyboard', 'pythonpath')
[4.086s] INFO:colcon.colcon_core.shell:Creating environment hook '/opt/ros/dev_ws/src/install/teleop_keyboard/share/teleop_keyboard/hook/pythonpath.ps1'
[4.092s] INFO:colcon.colcon_core.shell:Creating environment descriptor '/opt/ros/dev_ws/src/install/teleop_keyboard/share/teleop_keyboard/hook/pythonpath.dsv'
[4.098s] INFO:colcon.colcon_core.shell:Creating environment hook '/opt/ros/dev_ws/src/install/teleop_keyboard/share/teleop_keyboard/hook/pythonpath.sh'
[4.103s] Level 1:colcon.colcon_core.environment:checking '/opt/ros/dev_ws/src/install/teleop_keyboard/bin'
[4.104s] Level 1:colcon.colcon_core.environment:create_environment_scripts_only(teleop_keyboard)
[4.106s] INFO:colcon.colcon_core.shell:Creating package script '/opt/ros/dev_ws/src/install/teleop_keyboard/share/teleop_keyboard/package.ps1'
[4.111s] INFO:colcon.colcon_core.shell:Creating package descriptor '/opt/ros/dev_ws/src/install/teleop_keyboard/share/teleop_keyboard/package.dsv'
[4.115s] INFO:colcon.colcon_core.shell:Creating package script '/opt/ros/dev_ws/src/install/teleop_keyboard/share/teleop_keyboard/package.sh'
[4.120s] INFO:colcon.colcon_core.shell:Creating package script '/opt/ros/dev_ws/src/install/teleop_keyboard/share/teleop_keyboard/package.bash'
[4.124s] INFO:colcon.colcon_core.shell:Creating package script '/opt/ros/dev_ws/src/install/teleop_keyboard/share/teleop_keyboard/package.zsh'
[4.129s] Level 1:colcon.colcon_core.environment:create_file_with_runtime_dependencies(/opt/ros/dev_ws/src/install/teleop_keyboard/share/colcon-core/packages/teleop_keyboard)
[4.134s] DEBUG:colcon.colcon_parallel_executor.executor.parallel:closing loop
[4.136s] DEBUG:colcon.colcon_parallel_executor.executor.parallel:loop closed
[4.138s] DEBUG:colcon.colcon_parallel_executor.executor.parallel:run_until_complete finished with '0'
[4.140s] DEBUG:colcon.colcon_core.event_reactor:joining thread
[4.150s] INFO:colcon.colcon_core.plugin_system:Skipping extension 'colcon_notification.desktop_notification.notify_send': Could not find 'notify-send'
[4.152s] INFO:colcon.colcon_core.plugin_system:Skipping extension 'colcon_notification.desktop_notification.terminal_notifier': Not used on non-Darwin systems
[4.152s] INFO:colcon.colcon_core.plugin_system:Skipping extension 'colcon_notification.desktop_notification.win32': Not used on non-Windows systems
[4.153s] INFO:colcon.colcon_notification.desktop_notification:Sending desktop notification using 'notify2'
[4.154s] DEBUG:colcon.colcon_notification.desktop_notification.notify2:Failed to initialize notify2: org.freedesktop.DBus.Error.NotSupported: Unable to autolaunch a dbus-daemon without a $DISPLAY for X11
[4.155s] DEBUG:colcon.colcon_core.event_reactor:joined thread
[4.157s] INFO:colcon.colcon_core.shell:Creating prefix script '/opt/ros/dev_ws/src/install/local_setup.ps1'
[4.162s] INFO:colcon.colcon_core.shell:Creating prefix util module '/opt/ros/dev_ws/src/install/_local_setup_util_ps1.py'
[4.168s] INFO:colcon.colcon_core.shell:Creating prefix chain script '/opt/ros/dev_ws/src/install/setup.ps1'
[4.174s] INFO:colcon.colcon_core.shell:Creating prefix script '/opt/ros/dev_ws/src/install/local_setup.sh'
[4.180s] INFO:colcon.colcon_core.shell:Creating prefix util module '/opt/ros/dev_ws/src/install/_local_setup_util_sh.py'
[4.185s] INFO:colcon.colcon_core.shell:Creating prefix chain script '/opt/ros/dev_ws/src/install/setup.sh'
[4.191s] INFO:colcon.colcon_core.shell:Creating prefix script '/opt/ros/dev_ws/src/install/local_setup.bash'
[4.197s] INFO:colcon.colcon_core.shell:Creating prefix chain script '/opt/ros/dev_ws/src/install/setup.bash'
[4.203s] INFO:colcon.colcon_core.shell:Creating prefix script '/opt/ros/dev_ws/src/install/local_setup.zsh'
[4.208s] INFO:colcon.colcon_core.shell:Creating prefix chain script '/opt/ros/dev_ws/src/install/setup.zsh'
