[0.096s] DEBUG:colcon:Command line arguments: ['/usr/bin/colcon', 'build']
[0.096s] DEBUG:colcon:Parsed command line arguments: Namespace(allow_overriding=[], ament_cmake_args=None, base_paths=['.'], build_base='build', catkin_cmake_args=None, catkin_skip_building_tests=False, cmake_args=None, cmake_clean_cache=False, cmake_clean_first=False, cmake_force_configure=False, cmake_target=None, cmake_target_skip_unavailable=False, continue_on_error=False, event_handlers=None, executor='parallel', ignore_user_meta=False, install_base='install', log_base=None, log_level=None, main=<bound method BuildVerb.main of <colcon_core.verb.build.BuildVerb object at 0xffff85444220>>, merge_install=False, metas=['./colcon.meta'], mixin=None, mixin_files=None, mixin_verb=('build',), packages_above=None, packages_above_and_dependencies=None, packages_above_depth=None, packages_end=None, packages_ignore=None, packages_ignore_regex=None, packages_select=None, packages_select_build_failed=False, packages_select_by_dep=None, packages_select_regex=None, packages_select_test_failures=False, packages_skip=None, packages_skip_build_finished=False, packages_skip_by_dep=None, packages_skip_regex=None, packages_skip_test_passed=False, packages_skip_up_to=None, packages_start=None, packages_up_to=None, packages_up_to_regex=None, parallel_workers=4, paths=None, symlink_install=False, test_result_base=None, verb_extension=<colcon_core.verb.build.BuildVerb object at 0xffff85444220>, verb_name='build', verb_parser=<colcon_mixin.mixin.mixin_argument.MixinArgumentDecorator object at 0xffff85444880>)
[0.117s] Level 1:colcon.colcon_core.package_discovery:discover_packages(colcon_meta) check parameters
[0.118s] INFO:colcon.colcon_metadata.package_discovery.colcon_meta:Using configuration from '/root/.colcon/metadata/default/Gazebo.meta'
[0.119s] INFO:colcon.colcon_metadata.package_discovery.colcon_meta:Using configuration from '/root/.colcon/metadata/default/fastrtps.meta'
[0.120s] Level 1:colcon.colcon_core.package_discovery:discover_packages(recursive) check parameters
[0.121s] Level 1:colcon.colcon_core.package_discovery:discover_packages(ignore) check parameters
[0.121s] Level 1:colcon.colcon_core.package_discovery:discover_packages(path) check parameters
[0.122s] Level 1:colcon.colcon_core.package_discovery:discover_packages(colcon_meta) discover
[0.123s] Level 1:colcon.colcon_core.package_discovery:discover_packages(recursive) discover
[0.123s] INFO:colcon.colcon_core.package_discovery:Crawling recursively for packages in '/opt/ros/dev_ws/src'
[0.125s] Level 1:colcon.colcon_core.package_identification:_identify(.) by extensions ['ignore', 'ignore_ament_install']
[0.126s] Level 1:colcon.colcon_core.package_identification:_identify(.) by extension 'ignore'
[0.127s] Level 1:colcon.colcon_core.package_identification:_identify(.) by extension 'ignore_ament_install'
[0.129s] Level 1:colcon.colcon_core.package_identification:_identify(.) by extensions ['colcon_pkg']
[0.129s] Level 1:colcon.colcon_core.package_identification:_identify(.) by extension 'colcon_pkg'
[0.131s] Level 1:colcon.colcon_core.package_identification:_identify(.) by extensions ['colcon_meta']
[0.131s] Level 1:colcon.colcon_core.package_identification:_identify(.) by extension 'colcon_meta'
[0.132s] Level 1:colcon.colcon_core.package_identification:_identify(.) by extensions ['ros']
[0.132s] Level 1:colcon.colcon_core.package_identification:_identify(.) by extension 'ros'
[0.142s] Level 1:colcon.colcon_core.package_identification:_identify(.) by extensions ['cmake', 'python']
[0.142s] Level 1:colcon.colcon_core.package_identification:_identify(.) by extension 'cmake'
[0.144s] Level 1:colcon.colcon_core.package_identification:_identify(.) by extension 'python'
[0.145s] Level 1:colcon.colcon_core.package_identification:_identify(.) by extensions ['python_setup_py']
[0.145s] Level 1:colcon.colcon_core.package_identification:_identify(.) by extension 'python_setup_py'
[0.149s] Level 1:colcon.colcon_core.package_identification:_identify(build) by extensions ['ignore', 'ignore_ament_install']
[0.150s] Level 1:colcon.colcon_core.package_identification:_identify(build) by extension 'ignore'
[0.151s] Level 1:colcon.colcon_core.package_identification:_identify(build) ignored
[0.153s] Level 1:colcon.colcon_core.package_identification:_identify(driver_ui) by extensions ['ignore', 'ignore_ament_install']
[0.153s] Level 1:colcon.colcon_core.package_identification:_identify(driver_ui) by extension 'ignore'
[0.155s] Level 1:colcon.colcon_core.package_identification:_identify(driver_ui) by extension 'ignore_ament_install'
[0.157s] Level 1:colcon.colcon_core.package_identification:_identify(driver_ui) by extensions ['colcon_pkg']
[0.158s] Level 1:colcon.colcon_core.package_identification:_identify(driver_ui) by extension 'colcon_pkg'
[0.159s] Level 1:colcon.colcon_core.package_identification:_identify(driver_ui) by extensions ['colcon_meta']
[0.160s] Level 1:colcon.colcon_core.package_identification:_identify(driver_ui) by extension 'colcon_meta'
[0.161s] Level 1:colcon.colcon_core.package_identification:_identify(driver_ui) by extensions ['ros']
[0.161s] Level 1:colcon.colcon_core.package_identification:_identify(driver_ui) by extension 'ros'
[0.165s] DEBUG:colcon.colcon_core.package_identification:Package 'driver_ui' with type 'ros.ament_python' and name 'driver_ui'
[0.165s] Level 1:colcon.colcon_core.package_identification:_identify(gps_sim) by extensions ['ignore', 'ignore_ament_install']
[0.166s] Level 1:colcon.colcon_core.package_identification:_identify(gps_sim) by extension 'ignore'
[0.168s] Level 1:colcon.colcon_core.package_identification:_identify(gps_sim) by extension 'ignore_ament_install'
[0.169s] Level 1:colcon.colcon_core.package_identification:_identify(gps_sim) by extensions ['colcon_pkg']
[0.170s] Level 1:colcon.colcon_core.package_identification:_identify(gps_sim) by extension 'colcon_pkg'
[0.171s] Level 1:colcon.colcon_core.package_identification:_identify(gps_sim) by extensions ['colcon_meta']
[0.172s] Level 1:colcon.colcon_core.package_identification:_identify(gps_sim) by extension 'colcon_meta'
[0.172s] Level 1:colcon.colcon_core.package_identification:_identify(gps_sim) by extensions ['ros']
[0.173s] Level 1:colcon.colcon_core.package_identification:_identify(gps_sim) by extension 'ros'
[0.176s] DEBUG:colcon.colcon_core.package_identification:Package 'gps_sim' with type 'ros.ament_python' and name 'gps_sim'
[0.179s] Level 1:colcon.colcon_core.package_identification:_identify(install) by extensions ['ignore', 'ignore_ament_install']
[0.179s] Level 1:colcon.colcon_core.package_identification:_identify(install) by extension 'ignore'
[0.180s] Level 1:colcon.colcon_core.package_identification:_identify(install) ignored
[0.186s] Level 1:colcon.colcon_core.package_identification:_identify(log) by extensions ['ignore', 'ignore_ament_install']
[0.187s] Level 1:colcon.colcon_core.package_identification:_identify(log) by extension 'ignore'
[0.187s] Level 1:colcon.colcon_core.package_identification:_identify(log) ignored
[0.188s] Level 1:colcon.colcon_core.package_identification:_identify(pid) by extensions ['ignore', 'ignore_ament_install']
[0.189s] Level 1:colcon.colcon_core.package_identification:_identify(pid) by extension 'ignore'
[0.191s] Level 1:colcon.colcon_core.package_identification:_identify(pid) by extension 'ignore_ament_install'
[0.192s] Level 1:colcon.colcon_core.package_identification:_identify(pid) by extensions ['colcon_pkg']
[0.193s] Level 1:colcon.colcon_core.package_identification:_identify(pid) by extension 'colcon_pkg'
[0.194s] Level 1:colcon.colcon_core.package_identification:_identify(pid) by extensions ['colcon_meta']
[0.195s] Level 1:colcon.colcon_core.package_identification:_identify(pid) by extension 'colcon_meta'
[0.196s] Level 1:colcon.colcon_core.package_identification:_identify(pid) by extensions ['ros']
[0.197s] Level 1:colcon.colcon_core.package_identification:_identify(pid) by extension 'ros'
[0.200s] DEBUG:colcon.colcon_core.package_identification:Package 'pid' with type 'ros.ament_python' and name 'pid'
[0.201s] Level 1:colcon.colcon_core.package_identification:_identify(py_pubsub) by extensions ['ignore', 'ignore_ament_install']
[0.202s] Level 1:colcon.colcon_core.package_identification:_identify(py_pubsub) by extension 'ignore'
[0.204s] Level 1:colcon.colcon_core.package_identification:_identify(py_pubsub) by extension 'ignore_ament_install'
[0.205s] Level 1:colcon.colcon_core.package_identification:_identify(py_pubsub) by extensions ['colcon_pkg']
[0.207s] Level 1:colcon.colcon_core.package_identification:_identify(py_pubsub) by extension 'colcon_pkg'
[0.208s] Level 1:colcon.colcon_core.package_identification:_identify(py_pubsub) by extensions ['colcon_meta']
[0.209s] Level 1:colcon.colcon_core.package_identification:_identify(py_pubsub) by extension 'colcon_meta'
[0.209s] Level 1:colcon.colcon_core.package_identification:_identify(py_pubsub) by extensions ['ros']
[0.210s] Level 1:colcon.colcon_core.package_identification:_identify(py_pubsub) by extension 'ros'
[0.213s] DEBUG:colcon.colcon_core.package_identification:Package 'py_pubsub' with type 'ros.ament_python' and name 'py_pubsub'
[0.213s] Level 1:colcon.colcon_core.package_identification:_identify(rtk) by extensions ['ignore', 'ignore_ament_install']
[0.214s] Level 1:colcon.colcon_core.package_identification:_identify(rtk) by extension 'ignore'
[0.215s] Level 1:colcon.colcon_core.package_identification:_identify(rtk) by extension 'ignore_ament_install'
[0.217s] Level 1:colcon.colcon_core.package_identification:_identify(rtk) by extensions ['colcon_pkg']
[0.218s] Level 1:colcon.colcon_core.package_identification:_identify(rtk) by extension 'colcon_pkg'
[0.219s] Level 1:colcon.colcon_core.package_identification:_identify(rtk) by extensions ['colcon_meta']
[0.220s] Level 1:colcon.colcon_core.package_identification:_identify(rtk) by extension 'colcon_meta'
[0.220s] Level 1:colcon.colcon_core.package_identification:_identify(rtk) by extensions ['ros']
[0.221s] Level 1:colcon.colcon_core.package_identification:_identify(rtk) by extension 'ros'
[0.223s] DEBUG:colcon.colcon_core.package_identification:Package 'rtk' with type 'ros.ament_python' and name 'rtk'
[0.224s] Level 1:colcon.colcon_core.package_identification:_identify(teleop_keyboard) by extensions ['ignore', 'ignore_ament_install']
[0.225s] Level 1:colcon.colcon_core.package_identification:_identify(teleop_keyboard) by extension 'ignore'
[0.226s] Level 1:colcon.colcon_core.package_identification:_identify(teleop_keyboard) by extension 'ignore_ament_install'
[0.228s] Level 1:colcon.colcon_core.package_identification:_identify(teleop_keyboard) by extensions ['colcon_pkg']
[0.228s] Level 1:colcon.colcon_core.package_identification:_identify(teleop_keyboard) by extension 'colcon_pkg'
[0.229s] Level 1:colcon.colcon_core.package_identification:_identify(teleop_keyboard) by extensions ['colcon_meta']
[0.230s] Level 1:colcon.colcon_core.package_identification:_identify(teleop_keyboard) by extension 'colcon_meta'
[0.231s] Level 1:colcon.colcon_core.package_identification:_identify(teleop_keyboard) by extensions ['ros']
[0.231s] Level 1:colcon.colcon_core.package_identification:_identify(teleop_keyboard) by extension 'ros'
[0.234s] DEBUG:colcon.colcon_core.package_identification:Package 'teleop_keyboard' with type 'ros.ament_python' and name 'teleop_keyboard'
[0.235s] Level 1:colcon.colcon_core.package_discovery:discover_packages(recursive) using defaults
[0.236s] Level 1:colcon.colcon_core.package_discovery:discover_packages(ignore) discover
[0.236s] Level 1:colcon.colcon_core.package_discovery:discover_packages(ignore) using defaults
[0.237s] Level 1:colcon.colcon_core.package_discovery:discover_packages(path) discover
[0.238s] Level 1:colcon.colcon_core.package_discovery:discover_packages(path) using defaults
[0.270s] Level 5:colcon.colcon_core.verb:set package 'driver_ui' build argument 'cmake_args' from command line to 'None'
[0.271s] Level 5:colcon.colcon_core.verb:set package 'driver_ui' build argument 'cmake_target' from command line to 'None'
[0.271s] Level 5:colcon.colcon_core.verb:set package 'driver_ui' build argument 'cmake_target_skip_unavailable' from command line to 'False'
[0.272s] Level 5:colcon.colcon_core.verb:set package 'driver_ui' build argument 'cmake_clean_cache' from command line to 'False'
[0.273s] Level 5:colcon.colcon_core.verb:set package 'driver_ui' build argument 'cmake_clean_first' from command line to 'False'
[0.273s] Level 5:colcon.colcon_core.verb:set package 'driver_ui' build argument 'cmake_force_configure' from command line to 'False'
[0.274s] Level 5:colcon.colcon_core.verb:set package 'driver_ui' build argument 'ament_cmake_args' from command line to 'None'
[0.275s] Level 5:colcon.colcon_core.verb:set package 'driver_ui' build argument 'catkin_cmake_args' from command line to 'None'
[0.275s] Level 5:colcon.colcon_core.verb:set package 'driver_ui' build argument 'catkin_skip_building_tests' from command line to 'False'
[0.276s] DEBUG:colcon.colcon_core.verb:Building package 'driver_ui' with the following arguments: {'ament_cmake_args': None, 'build_base': '/opt/ros/dev_ws/src/build/driver_ui', 'catkin_cmake_args': None, 'catkin_skip_building_tests': False, 'cmake_args': None, 'cmake_clean_cache': False, 'cmake_clean_first': False, 'cmake_force_configure': False, 'cmake_target': None, 'cmake_target_skip_unavailable': False, 'install_base': '/opt/ros/dev_ws/src/install/driver_ui', 'merge_install': False, 'path': '/opt/ros/dev_ws/src/driver_ui', 'symlink_install': False, 'test_result_base': None}
[0.277s] Level 5:colcon.colcon_core.verb:set package 'gps_sim' build argument 'cmake_args' from command line to 'None'
[0.277s] Level 5:colcon.colcon_core.verb:set package 'gps_sim' build argument 'cmake_target' from command line to 'None'
[0.278s] Level 5:colcon.colcon_core.verb:set package 'gps_sim' build argument 'cmake_target_skip_unavailable' from command line to 'False'
[0.279s] Level 5:colcon.colcon_core.verb:set package 'gps_sim' build argument 'cmake_clean_cache' from command line to 'False'
[0.279s] Level 5:colcon.colcon_core.verb:set package 'gps_sim' build argument 'cmake_clean_first' from command line to 'False'
[0.280s] Level 5:colcon.colcon_core.verb:set package 'gps_sim' build argument 'cmake_force_configure' from command line to 'False'
[0.280s] Level 5:colcon.colcon_core.verb:set package 'gps_sim' build argument 'ament_cmake_args' from command line to 'None'
[0.281s] Level 5:colcon.colcon_core.verb:set package 'gps_sim' build argument 'catkin_cmake_args' from command line to 'None'
[0.281s] Level 5:colcon.colcon_core.verb:set package 'gps_sim' build argument 'catkin_skip_building_tests' from command line to 'False'
[0.282s] DEBUG:colcon.colcon_core.verb:Building package 'gps_sim' with the following arguments: {'ament_cmake_args': None, 'build_base': '/opt/ros/dev_ws/src/build/gps_sim', 'catkin_cmake_args': None, 'catkin_skip_building_tests': False, 'cmake_args': None, 'cmake_clean_cache': False, 'cmake_clean_first': False, 'cmake_force_configure': False, 'cmake_target': None, 'cmake_target_skip_unavailable': False, 'install_base': '/opt/ros/dev_ws/src/install/gps_sim', 'merge_install': False, 'path': '/opt/ros/dev_ws/src/gps_sim', 'symlink_install': False, 'test_result_base': None}
[0.283s] Level 5:colcon.colcon_core.verb:set package 'pid' build argument 'cmake_args' from command line to 'None'
[0.283s] Level 5:colcon.colcon_core.verb:set package 'pid' build argument 'cmake_target' from command line to 'None'
[0.284s] Level 5:colcon.colcon_core.verb:set package 'pid' build argument 'cmake_target_skip_unavailable' from command line to 'False'
[0.285s] Level 5:colcon.colcon_core.verb:set package 'pid' build argument 'cmake_clean_cache' from command line to 'False'
[0.285s] Level 5:colcon.colcon_core.verb:set package 'pid' build argument 'cmake_clean_first' from command line to 'False'
[0.286s] Level 5:colcon.colcon_core.verb:set package 'pid' build argument 'cmake_force_configure' from command line to 'False'
[0.287s] Level 5:colcon.colcon_core.verb:set package 'pid' build argument 'ament_cmake_args' from command line to 'None'
[0.287s] Level 5:colcon.colcon_core.verb:set package 'pid' build argument 'catkin_cmake_args' from command line to 'None'
[0.288s] Level 5:colcon.colcon_core.verb:set package 'pid' build argument 'catkin_skip_building_tests' from command line to 'False'
[0.289s] DEBUG:colcon.colcon_core.verb:Building package 'pid' with the following arguments: {'ament_cmake_args': None, 'build_base': '/opt/ros/dev_ws/src/build/pid', 'catkin_cmake_args': None, 'catkin_skip_building_tests': False, 'cmake_args': None, 'cmake_clean_cache': False, 'cmake_clean_first': False, 'cmake_force_configure': False, 'cmake_target': None, 'cmake_target_skip_unavailable': False, 'install_base': '/opt/ros/dev_ws/src/install/pid', 'merge_install': False, 'path': '/opt/ros/dev_ws/src/pid', 'symlink_install': False, 'test_result_base': None}
[0.290s] Level 5:colcon.colcon_core.verb:set package 'py_pubsub' build argument 'cmake_args' from command line to 'None'
[0.291s] Level 5:colcon.colcon_core.verb:set package 'py_pubsub' build argument 'cmake_target' from command line to 'None'
[0.292s] Level 5:colcon.colcon_core.verb:set package 'py_pubsub' build argument 'cmake_target_skip_unavailable' from command line to 'False'
[0.292s] Level 5:colcon.colcon_core.verb:set package 'py_pubsub' build argument 'cmake_clean_cache' from command line to 'False'
[0.293s] Level 5:colcon.colcon_core.verb:set package 'py_pubsub' build argument 'cmake_clean_first' from command line to 'False'
[0.294s] Level 5:colcon.colcon_core.verb:set package 'py_pubsub' build argument 'cmake_force_configure' from command line to 'False'
[0.294s] Level 5:colcon.colcon_core.verb:set package 'py_pubsub' build argument 'ament_cmake_args' from command line to 'None'
[0.295s] Level 5:colcon.colcon_core.verb:set package 'py_pubsub' build argument 'catkin_cmake_args' from command line to 'None'
[0.295s] Level 5:colcon.colcon_core.verb:set package 'py_pubsub' build argument 'catkin_skip_building_tests' from command line to 'False'
[0.296s] DEBUG:colcon.colcon_core.verb:Building package 'py_pubsub' with the following arguments: {'ament_cmake_args': None, 'build_base': '/opt/ros/dev_ws/src/build/py_pubsub', 'catkin_cmake_args': None, 'catkin_skip_building_tests': False, 'cmake_args': None, 'cmake_clean_cache': False, 'cmake_clean_first': False, 'cmake_force_configure': False, 'cmake_target': None, 'cmake_target_skip_unavailable': False, 'install_base': '/opt/ros/dev_ws/src/install/py_pubsub', 'merge_install': False, 'path': '/opt/ros/dev_ws/src/py_pubsub', 'symlink_install': False, 'test_result_base': None}
[0.297s] Level 5:colcon.colcon_core.verb:set package 'rtk' build argument 'cmake_args' from command line to 'None'
[0.298s] Level 5:colcon.colcon_core.verb:set package 'rtk' build argument 'cmake_target' from command line to 'None'
[0.298s] Level 5:colcon.colcon_core.verb:set package 'rtk' build argument 'cmake_target_skip_unavailable' from command line to 'False'
[0.299s] Level 5:colcon.colcon_core.verb:set package 'rtk' build argument 'cmake_clean_cache' from command line to 'False'
[0.299s] Level 5:colcon.colcon_core.verb:set package 'rtk' build argument 'cmake_clean_first' from command line to 'False'
[0.300s] Level 5:colcon.colcon_core.verb:set package 'rtk' build argument 'cmake_force_configure' from command line to 'False'
[0.300s] Level 5:colcon.colcon_core.verb:set package 'rtk' build argument 'ament_cmake_args' from command line to 'None'
[0.301s] Level 5:colcon.colcon_core.verb:set package 'rtk' build argument 'catkin_cmake_args' from command line to 'None'
[0.302s] Level 5:colcon.colcon_core.verb:set package 'rtk' build argument 'catkin_skip_building_tests' from command line to 'False'
[0.302s] DEBUG:colcon.colcon_core.verb:Building package 'rtk' with the following arguments: {'ament_cmake_args': None, 'build_base': '/opt/ros/dev_ws/src/build/rtk', 'catkin_cmake_args': None, 'catkin_skip_building_tests': False, 'cmake_args': None, 'cmake_clean_cache': False, 'cmake_clean_first': False, 'cmake_force_configure': False, 'cmake_target': None, 'cmake_target_skip_unavailable': False, 'install_base': '/opt/ros/dev_ws/src/install/rtk', 'merge_install': False, 'path': '/opt/ros/dev_ws/src/rtk', 'symlink_install': False, 'test_result_base': None}
[0.304s] Level 5:colcon.colcon_core.verb:set package 'teleop_keyboard' build argument 'cmake_args' from command line to 'None'
[0.304s] Level 5:colcon.colcon_core.verb:set package 'teleop_keyboard' build argument 'cmake_target' from command line to 'None'
[0.305s] Level 5:colcon.colcon_core.verb:set package 'teleop_keyboard' build argument 'cmake_target_skip_unavailable' from command line to 'False'
[0.305s] Level 5:colcon.colcon_core.verb:set package 'teleop_keyboard' build argument 'cmake_clean_cache' from command line to 'False'
[0.306s] Level 5:colcon.colcon_core.verb:set package 'teleop_keyboard' build argument 'cmake_clean_first' from command line to 'False'
[0.307s] Level 5:colcon.colcon_core.verb:set package 'teleop_keyboard' build argument 'cmake_force_configure' from command line to 'False'
[0.307s] Level 5:colcon.colcon_core.verb:set package 'teleop_keyboard' build argument 'ament_cmake_args' from command line to 'None'
[0.308s] Level 5:colcon.colcon_core.verb:set package 'teleop_keyboard' build argument 'catkin_cmake_args' from command line to 'None'
[0.308s] Level 5:colcon.colcon_core.verb:set package 'teleop_keyboard' build argument 'catkin_skip_building_tests' from command line to 'False'
[0.309s] DEBUG:colcon.colcon_core.verb:Building package 'teleop_keyboard' with the following arguments: {'ament_cmake_args': None, 'build_base': '/opt/ros/dev_ws/src/build/teleop_keyboard', 'catkin_cmake_args': None, 'catkin_skip_building_tests': False, 'cmake_args': None, 'cmake_clean_cache': False, 'cmake_clean_first': False, 'cmake_force_configure': False, 'cmake_target': None, 'cmake_target_skip_unavailable': False, 'install_base': '/opt/ros/dev_ws/src/install/teleop_keyboard', 'merge_install': False, 'path': '/opt/ros/dev_ws/src/teleop_keyboard', 'symlink_install': False, 'test_result_base': None}
[0.311s] WARNING:colcon.colcon_core.verb:Some selected packages are already built in one or more underlay workspaces:
	'gps_sim' is in: /opt/ros/dev_ws/install/gps_sim
	'pid' is in: /opt/ros/dev_ws/install/pid
	'py_pubsub' is in: /opt/ros/dev_ws/install/py_pubsub
	'rtk' is in: /opt/ros/dev_ws/install/rtk
	'teleop_keyboard' is in: /opt/ros/dev_ws/install/teleop_keyboard
If a package in a merged underlay workspace is overridden and it installs headers, then all packages in the overlay must sort their include directories by workspace order. Failure to do so may result in build failures or undefined behavior at run time.
If the overridden package is used by another package in any underlay, then the overriding package in the overlay must be API and ABI compatible or undefined behavior at run time may occur.

If you understand the risks and want to override a package anyways, add the following to the command line:
	--allow-overriding gps_sim pid py_pubsub rtk teleop_keyboard

This may be promoted to an error in a future release of colcon-core.
[0.312s] INFO:colcon.colcon_core.executor:Executing jobs using 'parallel' executor
[0.314s] DEBUG:colcon.colcon_parallel_executor.executor.parallel:run_until_complete
[0.316s] INFO:colcon.colcon_ros.task.ament_python.build:Building ROS package in '/opt/ros/dev_ws/src/driver_ui' with build type 'ament_python'
[0.317s] Level 1:colcon.colcon_core.shell:create_environment_hook('driver_ui', 'ament_prefix_path')
[0.320s] INFO:colcon.colcon_core.plugin_system:Skipping extension 'colcon_core.shell.bat': Not used on non-Windows systems
[0.321s] INFO:colcon.colcon_core.shell:Creating environment hook '/opt/ros/dev_ws/src/install/driver_ui/share/driver_ui/hook/ament_prefix_path.ps1'
[0.338s] INFO:colcon.colcon_core.shell:Creating environment descriptor '/opt/ros/dev_ws/src/install/driver_ui/share/driver_ui/hook/ament_prefix_path.dsv'
[0.344s] INFO:colcon.colcon_core.shell:Creating environment hook '/opt/ros/dev_ws/src/install/driver_ui/share/driver_ui/hook/ament_prefix_path.sh'
[0.349s] INFO:colcon.colcon_core.shell:Skip shell extension 'powershell' for command environment: Not usable outside of PowerShell
[0.349s] DEBUG:colcon.colcon_core.shell:Skip shell extension 'dsv' for command environment
[0.359s] INFO:colcon.colcon_ros.task.ament_python.build:Building ROS package in '/opt/ros/dev_ws/src/gps_sim' with build type 'ament_python'
[0.360s] Level 1:colcon.colcon_core.shell:create_environment_hook('gps_sim', 'ament_prefix_path')
[0.361s] INFO:colcon.colcon_core.shell:Creating environment hook '/opt/ros/dev_ws/src/install/gps_sim/share/gps_sim/hook/ament_prefix_path.ps1'
[0.376s] INFO:colcon.colcon_core.shell:Creating environment descriptor '/opt/ros/dev_ws/src/install/gps_sim/share/gps_sim/hook/ament_prefix_path.dsv'
[0.381s] INFO:colcon.colcon_core.shell:Creating environment hook '/opt/ros/dev_ws/src/install/gps_sim/share/gps_sim/hook/ament_prefix_path.sh'
[0.387s] INFO:colcon.colcon_core.shell:Skip shell extension 'powershell' for command environment: Not usable outside of PowerShell
[0.388s] DEBUG:colcon.colcon_core.shell:Skip shell extension 'dsv' for command environment
[0.397s] INFO:colcon.colcon_ros.task.ament_python.build:Building ROS package in '/opt/ros/dev_ws/src/pid' with build type 'ament_python'
[0.398s] Level 1:colcon.colcon_core.shell:create_environment_hook('pid', 'ament_prefix_path')
[0.399s] INFO:colcon.colcon_core.shell:Creating environment hook '/opt/ros/dev_ws/src/install/pid/share/pid/hook/ament_prefix_path.ps1'
[0.417s] INFO:colcon.colcon_core.shell:Creating environment descriptor '/opt/ros/dev_ws/src/install/pid/share/pid/hook/ament_prefix_path.dsv'
[0.422s] INFO:colcon.colcon_core.shell:Creating environment hook '/opt/ros/dev_ws/src/install/pid/share/pid/hook/ament_prefix_path.sh'
[0.427s] INFO:colcon.colcon_core.shell:Skip shell extension 'powershell' for command environment: Not usable outside of PowerShell
[0.428s] DEBUG:colcon.colcon_core.shell:Skip shell extension 'dsv' for command environment
[0.438s] INFO:colcon.colcon_ros.task.ament_python.build:Building ROS package in '/opt/ros/dev_ws/src/py_pubsub' with build type 'ament_python'
[0.439s] Level 1:colcon.colcon_core.shell:create_environment_hook('py_pubsub', 'ament_prefix_path')
[0.441s] INFO:colcon.colcon_core.shell:Creating environment hook '/opt/ros/dev_ws/src/install/py_pubsub/share/py_pubsub/hook/ament_prefix_path.ps1'
[0.459s] INFO:colcon.colcon_core.shell:Creating environment descriptor '/opt/ros/dev_ws/src/install/py_pubsub/share/py_pubsub/hook/ament_prefix_path.dsv'
[0.464s] INFO:colcon.colcon_core.shell:Creating environment hook '/opt/ros/dev_ws/src/install/py_pubsub/share/py_pubsub/hook/ament_prefix_path.sh'
[0.469s] INFO:colcon.colcon_core.shell:Skip shell extension 'powershell' for command environment: Not usable outside of PowerShell
[0.470s] DEBUG:colcon.colcon_core.shell:Skip shell extension 'dsv' for command environment
[0.587s] INFO:colcon.colcon_core.task.python.build:Building Python package in '/opt/ros/dev_ws/src/driver_ui'
[0.589s] INFO:colcon.colcon_core.shell:Skip shell extension 'powershell' for command environment: Not usable outside of PowerShell
[0.590s] DEBUG:colcon.colcon_core.shell:Skip shell extension 'dsv' for command environment
[0.704s] INFO:colcon.colcon_core.task.python.build:Building Python package in '/opt/ros/dev_ws/src/gps_sim'
[0.705s] INFO:colcon.colcon_core.shell:Skip shell extension 'powershell' for command environment: Not usable outside of PowerShell
[0.706s] DEBUG:colcon.colcon_core.shell:Skip shell extension 'dsv' for command environment
[0.818s] INFO:colcon.colcon_core.task.python.build:Building Python package in '/opt/ros/dev_ws/src/pid'
[0.820s] INFO:colcon.colcon_core.shell:Skip shell extension 'powershell' for command environment: Not usable outside of PowerShell
[0.821s] DEBUG:colcon.colcon_core.shell:Skip shell extension 'dsv' for command environment
[0.940s] INFO:colcon.colcon_core.task.python.build:Building Python package in '/opt/ros/dev_ws/src/py_pubsub'
[0.941s] INFO:colcon.colcon_core.shell:Skip shell extension 'powershell' for command environment: Not usable outside of PowerShell
[0.942s] DEBUG:colcon.colcon_core.shell:Skip shell extension 'dsv' for command environment
[1.390s] DEBUG:colcon.colcon_core.event_handler.log_command:Invoking command in '/opt/ros/dev_ws/src/pid': PYTHONPATH=/opt/ros/dev_ws/src/install/pid/lib/python3.8/site-packages:${PYTHONPATH} /usr/bin/python3 setup.py egg_info --egg-base ../build/pid build --build-base /opt/ros/dev_ws/src/build/pid/build install --prefix /opt/ros/dev_ws/src/install/pid --record /opt/ros/dev_ws/src/build/pid/install.log --single-version-externally-managed
[1.414s] DEBUG:colcon.colcon_core.event_handler.log_command:Invoking command in '/opt/ros/dev_ws/src/driver_ui': PYTHONPATH=/opt/ros/dev_ws/src/install/driver_ui/lib/python3.8/site-packages:${PYTHONPATH} /usr/bin/python3 setup.py egg_info --egg-base ../build/driver_ui build --build-base /opt/ros/dev_ws/src/build/driver_ui/build install --prefix /opt/ros/dev_ws/src/install/driver_ui --record /opt/ros/dev_ws/src/build/driver_ui/install.log --single-version-externally-managed
[1.444s] DEBUG:colcon.colcon_core.event_handler.log_command:Invoking command in '/opt/ros/dev_ws/src/gps_sim': PYTHONPATH=/opt/ros/dev_ws/src/install/gps_sim/lib/python3.8/site-packages:${PYTHONPATH} /usr/bin/python3 setup.py egg_info --egg-base ../build/gps_sim build --build-base /opt/ros/dev_ws/src/build/gps_sim/build install --prefix /opt/ros/dev_ws/src/install/gps_sim --record /opt/ros/dev_ws/src/build/gps_sim/install.log --single-version-externally-managed
[1.467s] DEBUG:colcon.colcon_core.event_handler.log_command:Invoking command in '/opt/ros/dev_ws/src/py_pubsub': PYTHONPATH=/opt/ros/dev_ws/src/install/py_pubsub/lib/python3.8/site-packages:${PYTHONPATH} /usr/bin/python3 setup.py egg_info --egg-base ../build/py_pubsub build --build-base /opt/ros/dev_ws/src/build/py_pubsub/build install --prefix /opt/ros/dev_ws/src/install/py_pubsub --record /opt/ros/dev_ws/src/build/py_pubsub/install.log --single-version-externally-managed
[1.898s] Level 1:colcon.colcon_core.environment:checking '/opt/ros/dev_ws/src/install/gps_sim' for CMake module files
[1.925s] Level 1:colcon.colcon_core.environment:checking '/opt/ros/dev_ws/src/install/gps_sim' for CMake config files
[1.981s] Level 1:colcon.colcon_core.environment:checking '/opt/ros/dev_ws/src/install/gps_sim/lib'
[1.982s] Level 1:colcon.colcon_core.environment:checking '/opt/ros/dev_ws/src/install/gps_sim/bin'
[1.984s] Level 1:colcon.colcon_core.environment:checking '/opt/ros/dev_ws/src/install/gps_sim/lib/pkgconfig/gps_sim.pc'
[1.986s] Level 1:colcon.colcon_core.environment:checking '/opt/ros/dev_ws/src/install/gps_sim/lib/python3.8/site-packages'
[1.987s] Level 1:colcon.colcon_core.shell:create_environment_hook('gps_sim', 'pythonpath')
[1.989s] INFO:colcon.colcon_core.shell:Creating environment hook '/opt/ros/dev_ws/src/install/gps_sim/share/gps_sim/hook/pythonpath.ps1'
[1.995s] INFO:colcon.colcon_core.shell:Creating environment descriptor '/opt/ros/dev_ws/src/install/gps_sim/share/gps_sim/hook/pythonpath.dsv'
[2.001s] INFO:colcon.colcon_core.shell:Creating environment hook '/opt/ros/dev_ws/src/install/gps_sim/share/gps_sim/hook/pythonpath.sh'
[2.021s] Level 1:colcon.colcon_core.environment:create_environment_scripts_only(gps_sim)
[2.023s] INFO:colcon.colcon_core.shell:Creating package script '/opt/ros/dev_ws/src/install/gps_sim/share/gps_sim/package.ps1'
[2.028s] INFO:colcon.colcon_core.shell:Creating package descriptor '/opt/ros/dev_ws/src/install/gps_sim/share/gps_sim/package.dsv'
[2.034s] INFO:colcon.colcon_core.shell:Creating package script '/opt/ros/dev_ws/src/install/gps_sim/share/gps_sim/package.sh'
[2.040s] INFO:colcon.colcon_core.shell:Creating package script '/opt/ros/dev_ws/src/install/gps_sim/share/gps_sim/package.bash'
[2.045s] INFO:colcon.colcon_core.shell:Creating package script '/opt/ros/dev_ws/src/install/gps_sim/share/gps_sim/package.zsh'
[2.050s] Level 1:colcon.colcon_core.environment:create_file_with_runtime_dependencies(/opt/ros/dev_ws/src/install/gps_sim/share/colcon-core/packages/gps_sim)
[2.058s] INFO:colcon.colcon_ros.task.ament_python.build:Building ROS package in '/opt/ros/dev_ws/src/rtk' with build type 'ament_python'
[2.059s] Level 1:colcon.colcon_core.shell:create_environment_hook('rtk', 'ament_prefix_path')
[2.060s] INFO:colcon.colcon_core.shell:Creating environment hook '/opt/ros/dev_ws/src/install/rtk/share/rtk/hook/ament_prefix_path.ps1'
[2.078s] INFO:colcon.colcon_core.shell:Creating environment descriptor '/opt/ros/dev_ws/src/install/rtk/share/rtk/hook/ament_prefix_path.dsv'
[2.084s] INFO:colcon.colcon_core.shell:Creating environment hook '/opt/ros/dev_ws/src/install/rtk/share/rtk/hook/ament_prefix_path.sh'
[2.089s] INFO:colcon.colcon_core.shell:Skip shell extension 'powershell' for command environment: Not usable outside of PowerShell
[2.090s] DEBUG:colcon.colcon_core.shell:Skip shell extension 'dsv' for command environment
[2.092s] DEBUG:colcon.colcon_core.event_handler.log_command:Invoked command in '/opt/ros/dev_ws/src/gps_sim' returned '0': PYTHONPATH=/opt/ros/dev_ws/src/install/gps_sim/lib/python3.8/site-packages:${PYTHONPATH} /usr/bin/python3 setup.py egg_info --egg-base ../build/gps_sim build --build-base /opt/ros/dev_ws/src/build/gps_sim/build install --prefix /opt/ros/dev_ws/src/install/gps_sim --record /opt/ros/dev_ws/src/build/gps_sim/install.log --single-version-externally-managed
[2.103s] Level 1:colcon.colcon_core.environment:checking '/opt/ros/dev_ws/src/install/py_pubsub' for CMake module files
[2.121s] Level 1:colcon.colcon_core.environment:checking '/opt/ros/dev_ws/src/install/py_pubsub' for CMake config files
[2.131s] DEBUG:colcon.colcon_core.event_handler.log_command:Invoked command in '/opt/ros/dev_ws/src/py_pubsub' returned '0': PYTHONPATH=/opt/ros/dev_ws/src/install/py_pubsub/lib/python3.8/site-packages:${PYTHONPATH} /usr/bin/python3 setup.py egg_info --egg-base ../build/py_pubsub build --build-base /opt/ros/dev_ws/src/build/py_pubsub/build install --prefix /opt/ros/dev_ws/src/install/py_pubsub --record /opt/ros/dev_ws/src/build/py_pubsub/install.log --single-version-externally-managed
[2.138s] Level 1:colcon.colcon_core.environment:checking '/opt/ros/dev_ws/src/install/py_pubsub/lib'
[2.139s] Level 1:colcon.colcon_core.environment:checking '/opt/ros/dev_ws/src/install/py_pubsub/bin'
[2.140s] Level 1:colcon.colcon_core.environment:checking '/opt/ros/dev_ws/src/install/py_pubsub/lib/pkgconfig/py_pubsub.pc'
[2.142s] Level 1:colcon.colcon_core.environment:checking '/opt/ros/dev_ws/src/install/py_pubsub/lib/python3.8/site-packages'
[2.143s] Level 1:colcon.colcon_core.shell:create_environment_hook('py_pubsub', 'pythonpath')
[2.144s] INFO:colcon.colcon_core.shell:Creating environment hook '/opt/ros/dev_ws/src/install/py_pubsub/share/py_pubsub/hook/pythonpath.ps1'
[2.149s] INFO:colcon.colcon_core.shell:Creating environment descriptor '/opt/ros/dev_ws/src/install/py_pubsub/share/py_pubsub/hook/pythonpath.dsv'
[2.153s] INFO:colcon.colcon_core.shell:Creating environment hook '/opt/ros/dev_ws/src/install/py_pubsub/share/py_pubsub/hook/pythonpath.sh'
[2.158s] Level 1:colcon.colcon_core.environment:create_environment_scripts_only(py_pubsub)
[2.159s] INFO:colcon.colcon_core.shell:Creating package script '/opt/ros/dev_ws/src/install/py_pubsub/share/py_pubsub/package.ps1'
[2.163s] INFO:colcon.colcon_core.shell:Creating package descriptor '/opt/ros/dev_ws/src/install/py_pubsub/share/py_pubsub/package.dsv'
[2.168s] INFO:colcon.colcon_core.shell:Creating package script '/opt/ros/dev_ws/src/install/py_pubsub/share/py_pubsub/package.sh'
[2.173s] INFO:colcon.colcon_core.shell:Creating package script '/opt/ros/dev_ws/src/install/py_pubsub/share/py_pubsub/package.bash'
[2.178s] INFO:colcon.colcon_core.shell:Creating package script '/opt/ros/dev_ws/src/install/py_pubsub/share/py_pubsub/package.zsh'
[2.183s] Level 1:colcon.colcon_core.environment:create_file_with_runtime_dependencies(/opt/ros/dev_ws/src/install/py_pubsub/share/colcon-core/packages/py_pubsub)
[2.190s] Level 1:colcon.colcon_core.environment:checking '/opt/ros/dev_ws/src/install/driver_ui' for CMake module files
[2.200s] DEBUG:colcon.colcon_core.event_handler.log_command:Invoked command in '/opt/ros/dev_ws/src/driver_ui' returned '0': PYTHONPATH=/opt/ros/dev_ws/src/install/driver_ui/lib/python3.8/site-packages:${PYTHONPATH} /usr/bin/python3 setup.py egg_info --egg-base ../build/driver_ui build --build-base /opt/ros/dev_ws/src/build/driver_ui/build install --prefix /opt/ros/dev_ws/src/install/driver_ui --record /opt/ros/dev_ws/src/build/driver_ui/install.log --single-version-externally-managed
[2.208s] Level 1:colcon.colcon_core.environment:checking '/opt/ros/dev_ws/src/install/driver_ui' for CMake config files
[2.226s] Level 1:colcon.colcon_core.environment:checking '/opt/ros/dev_ws/src/install/driver_ui/lib'
[2.228s] Level 1:colcon.colcon_core.environment:checking '/opt/ros/dev_ws/src/install/driver_ui/bin'
[2.229s] Level 1:colcon.colcon_core.environment:checking '/opt/ros/dev_ws/src/install/driver_ui/lib/pkgconfig/driver_ui.pc'
[2.232s] Level 1:colcon.colcon_core.environment:checking '/opt/ros/dev_ws/src/install/driver_ui/lib/python3.8/site-packages'
[2.232s] Level 1:colcon.colcon_core.shell:create_environment_hook('driver_ui', 'pythonpath')
[2.233s] INFO:colcon.colcon_core.shell:Creating environment hook '/opt/ros/dev_ws/src/install/driver_ui/share/driver_ui/hook/pythonpath.ps1'
[2.238s] INFO:colcon.colcon_core.shell:Creating environment descriptor '/opt/ros/dev_ws/src/install/driver_ui/share/driver_ui/hook/pythonpath.dsv'
[2.242s] INFO:colcon.colcon_core.shell:Creating environment hook '/opt/ros/dev_ws/src/install/driver_ui/share/driver_ui/hook/pythonpath.sh'
[2.247s] Level 1:colcon.colcon_core.environment:create_environment_scripts_only(driver_ui)
[2.248s] INFO:colcon.colcon_core.shell:Creating package script '/opt/ros/dev_ws/src/install/driver_ui/share/driver_ui/package.ps1'
[2.252s] INFO:colcon.colcon_core.shell:Creating package descriptor '/opt/ros/dev_ws/src/install/driver_ui/share/driver_ui/package.dsv'
[2.256s] INFO:colcon.colcon_core.shell:Creating package script '/opt/ros/dev_ws/src/install/driver_ui/share/driver_ui/package.sh'
[2.260s] INFO:colcon.colcon_core.shell:Creating package script '/opt/ros/dev_ws/src/install/driver_ui/share/driver_ui/package.bash'
[2.265s] INFO:colcon.colcon_core.shell:Creating package script '/opt/ros/dev_ws/src/install/driver_ui/share/driver_ui/package.zsh'
[2.270s] Level 1:colcon.colcon_core.environment:create_file_with_runtime_dependencies(/opt/ros/dev_ws/src/install/driver_ui/share/colcon-core/packages/driver_ui)
[2.278s] Level 1:colcon.colcon_core.environment:checking '/opt/ros/dev_ws/src/install/pid' for CMake module files
[2.286s] DEBUG:colcon.colcon_core.event_handler.log_command:Invoked command in '/opt/ros/dev_ws/src/pid' returned '0': PYTHONPATH=/opt/ros/dev_ws/src/install/pid/lib/python3.8/site-packages:${PYTHONPATH} /usr/bin/python3 setup.py egg_info --egg-base ../build/pid build --build-base /opt/ros/dev_ws/src/build/pid/build install --prefix /opt/ros/dev_ws/src/install/pid --record /opt/ros/dev_ws/src/build/pid/install.log --single-version-externally-managed
[2.295s] Level 1:colcon.colcon_core.environment:checking '/opt/ros/dev_ws/src/install/pid' for CMake config files
[2.312s] Level 1:colcon.colcon_core.environment:checking '/opt/ros/dev_ws/src/install/pid/lib'
[2.313s] Level 1:colcon.colcon_core.environment:checking '/opt/ros/dev_ws/src/install/pid/bin'
[2.314s] Level 1:colcon.colcon_core.environment:checking '/opt/ros/dev_ws/src/install/pid/lib/pkgconfig/pid.pc'
[2.316s] Level 1:colcon.colcon_core.environment:checking '/opt/ros/dev_ws/src/install/pid/lib/python3.8/site-packages'
[2.317s] Level 1:colcon.colcon_core.shell:create_environment_hook('pid', 'pythonpath')
[2.317s] INFO:colcon.colcon_core.shell:Creating environment hook '/opt/ros/dev_ws/src/install/pid/share/pid/hook/pythonpath.ps1'
[2.322s] INFO:colcon.colcon_core.shell:Creating environment descriptor '/opt/ros/dev_ws/src/install/pid/share/pid/hook/pythonpath.dsv'
[2.327s] INFO:colcon.colcon_core.shell:Creating environment hook '/opt/ros/dev_ws/src/install/pid/share/pid/hook/pythonpath.sh'
[2.331s] Level 1:colcon.colcon_core.environment:create_environment_scripts_only(pid)
[2.333s] INFO:colcon.colcon_core.shell:Creating package script '/opt/ros/dev_ws/src/install/pid/share/pid/package.ps1'
[2.337s] INFO:colcon.colcon_core.shell:Creating package descriptor '/opt/ros/dev_ws/src/install/pid/share/pid/package.dsv'
[2.342s] INFO:colcon.colcon_core.shell:Creating package script '/opt/ros/dev_ws/src/install/pid/share/pid/package.sh'
[2.346s] INFO:colcon.colcon_core.shell:Creating package script '/opt/ros/dev_ws/src/install/pid/share/pid/package.bash'
[2.351s] INFO:colcon.colcon_core.shell:Creating package script '/opt/ros/dev_ws/src/install/pid/share/pid/package.zsh'
[2.356s] Level 1:colcon.colcon_core.environment:create_file_with_runtime_dependencies(/opt/ros/dev_ws/src/install/pid/share/colcon-core/packages/pid)
[2.364s] INFO:colcon.colcon_ros.task.ament_python.build:Building ROS package in '/opt/ros/dev_ws/src/teleop_keyboard' with build type 'ament_python'
[2.365s] Level 1:colcon.colcon_core.shell:create_environment_hook('teleop_keyboard', 'ament_prefix_path')
[2.366s] INFO:colcon.colcon_core.shell:Creating environment hook '/opt/ros/dev_ws/src/install/teleop_keyboard/share/teleop_keyboard/hook/ament_prefix_path.ps1'
[2.380s] INFO:colcon.colcon_core.shell:Creating environment descriptor '/opt/ros/dev_ws/src/install/teleop_keyboard/share/teleop_keyboard/hook/ament_prefix_path.dsv'
[2.386s] INFO:colcon.colcon_core.shell:Creating environment hook '/opt/ros/dev_ws/src/install/teleop_keyboard/share/teleop_keyboard/hook/ament_prefix_path.sh'
[2.391s] INFO:colcon.colcon_core.shell:Skip shell extension 'powershell' for command environment: Not usable outside of PowerShell
[2.391s] DEBUG:colcon.colcon_core.shell:Skip shell extension 'dsv' for command environment
[2.511s] INFO:colcon.colcon_core.task.python.build:Building Python package in '/opt/ros/dev_ws/src/rtk'
[2.512s] INFO:colcon.colcon_core.shell:Skip shell extension 'powershell' for command environment: Not usable outside of PowerShell
[2.513s] DEBUG:colcon.colcon_core.shell:Skip shell extension 'dsv' for command environment
[2.635s] INFO:colcon.colcon_core.task.python.build:Building Python package in '/opt/ros/dev_ws/src/teleop_keyboard'
[2.637s] INFO:colcon.colcon_core.shell:Skip shell extension 'powershell' for command environment: Not usable outside of PowerShell
[2.637s] DEBUG:colcon.colcon_core.shell:Skip shell extension 'dsv' for command environment
[2.948s] DEBUG:colcon.colcon_core.event_handler.log_command:Invoking command in '/opt/ros/dev_ws/src/teleop_keyboard': PYTHONPATH=/opt/ros/dev_ws/src/install/teleop_keyboard/lib/python3.8/site-packages:${PYTHONPATH} /usr/bin/python3 setup.py egg_info --egg-base ../build/teleop_keyboard build --build-base /opt/ros/dev_ws/src/build/teleop_keyboard/build install --prefix /opt/ros/dev_ws/src/install/teleop_keyboard --record /opt/ros/dev_ws/src/build/teleop_keyboard/install.log --single-version-externally-managed
[2.965s] DEBUG:colcon.colcon_core.event_handler.log_command:Invoking command in '/opt/ros/dev_ws/src/rtk': PYTHONPATH=/opt/ros/dev_ws/src/install/rtk/lib/python3.8/site-packages:${PYTHONPATH} /usr/bin/python3 setup.py egg_info --egg-base ../build/rtk build --build-base /opt/ros/dev_ws/src/build/rtk/build install --prefix /opt/ros/dev_ws/src/install/rtk --record /opt/ros/dev_ws/src/build/rtk/install.log --single-version-externally-managed
[3.369s] Level 1:colcon.colcon_core.environment:checking '/opt/ros/dev_ws/src/install/teleop_keyboard' for CMake module files
[3.373s] DEBUG:colcon.colcon_core.event_handler.log_command:Invoked command in '/opt/ros/dev_ws/src/teleop_keyboard' returned '0': PYTHONPATH=/opt/ros/dev_ws/src/install/teleop_keyboard/lib/python3.8/site-packages:${PYTHONPATH} /usr/bin/python3 setup.py egg_info --egg-base ../build/teleop_keyboard build --build-base /opt/ros/dev_ws/src/build/teleop_keyboard/build install --prefix /opt/ros/dev_ws/src/install/teleop_keyboard --record /opt/ros/dev_ws/src/build/teleop_keyboard/install.log --single-version-externally-managed
[3.388s] Level 1:colcon.colcon_core.environment:checking '/opt/ros/dev_ws/src/install/teleop_keyboard' for CMake config files
[3.407s] Level 1:colcon.colcon_core.environment:checking '/opt/ros/dev_ws/src/install/teleop_keyboard/lib'
[3.409s] Level 1:colcon.colcon_core.environment:checking '/opt/ros/dev_ws/src/install/teleop_keyboard/bin'
[3.411s] Level 1:colcon.colcon_core.environment:checking '/opt/ros/dev_ws/src/install/teleop_keyboard/lib/pkgconfig/teleop_keyboard.pc'
[3.412s] Level 1:colcon.colcon_core.environment:checking '/opt/ros/dev_ws/src/install/teleop_keyboard/lib/python3.8/site-packages'
[3.413s] Level 1:colcon.colcon_core.shell:create_environment_hook('teleop_keyboard', 'pythonpath')
[3.414s] INFO:colcon.colcon_core.shell:Creating environment hook '/opt/ros/dev_ws/src/install/teleop_keyboard/share/teleop_keyboard/hook/pythonpath.ps1'
[3.420s] INFO:colcon.colcon_core.shell:Creating environment descriptor '/opt/ros/dev_ws/src/install/teleop_keyboard/share/teleop_keyboard/hook/pythonpath.dsv'
[3.424s] INFO:colcon.colcon_core.shell:Creating environment hook '/opt/ros/dev_ws/src/install/teleop_keyboard/share/teleop_keyboard/hook/pythonpath.sh'
[3.429s] Level 1:colcon.colcon_core.environment:create_environment_scripts_only(teleop_keyboard)
[3.430s] INFO:colcon.colcon_core.shell:Creating package script '/opt/ros/dev_ws/src/install/teleop_keyboard/share/teleop_keyboard/package.ps1'
[3.434s] INFO:colcon.colcon_core.shell:Creating package descriptor '/opt/ros/dev_ws/src/install/teleop_keyboard/share/teleop_keyboard/package.dsv'
[3.438s] INFO:colcon.colcon_core.shell:Creating package script '/opt/ros/dev_ws/src/install/teleop_keyboard/share/teleop_keyboard/package.sh'
[3.442s] INFO:colcon.colcon_core.shell:Creating package script '/opt/ros/dev_ws/src/install/teleop_keyboard/share/teleop_keyboard/package.bash'
[3.447s] INFO:colcon.colcon_core.shell:Creating package script '/opt/ros/dev_ws/src/install/teleop_keyboard/share/teleop_keyboard/package.zsh'
[3.451s] Level 1:colcon.colcon_core.environment:create_file_with_runtime_dependencies(/opt/ros/dev_ws/src/install/teleop_keyboard/share/colcon-core/packages/teleop_keyboard)
[3.459s] Level 1:colcon.colcon_core.environment:checking '/opt/ros/dev_ws/src/install/rtk' for CMake module files
[3.466s] DEBUG:colcon.colcon_core.event_handler.log_command:Invoked command in '/opt/ros/dev_ws/src/rtk' returned '0': PYTHONPATH=/opt/ros/dev_ws/src/install/rtk/lib/python3.8/site-packages:${PYTHONPATH} /usr/bin/python3 setup.py egg_info --egg-base ../build/rtk build --build-base /opt/ros/dev_ws/src/build/rtk/build install --prefix /opt/ros/dev_ws/src/install/rtk --record /opt/ros/dev_ws/src/build/rtk/install.log --single-version-externally-managed
[3.475s] Level 1:colcon.colcon_core.environment:checking '/opt/ros/dev_ws/src/install/rtk' for CMake config files
[3.493s] Level 1:colcon.colcon_core.environment:checking '/opt/ros/dev_ws/src/install/rtk/lib'
[3.494s] Level 1:colcon.colcon_core.environment:checking '/opt/ros/dev_ws/src/install/rtk/bin'
[3.496s] Level 1:colcon.colcon_core.environment:checking '/opt/ros/dev_ws/src/install/rtk/lib/pkgconfig/rtk.pc'
[3.497s] Level 1:colcon.colcon_core.environment:checking '/opt/ros/dev_ws/src/install/rtk/lib/python3.8/site-packages'
[3.498s] Level 1:colcon.colcon_core.shell:create_environment_hook('rtk', 'pythonpath')
[3.499s] INFO:colcon.colcon_core.shell:Creating environment hook '/opt/ros/dev_ws/src/install/rtk/share/rtk/hook/pythonpath.ps1'
[3.505s] INFO:colcon.colcon_core.shell:Creating environment descriptor '/opt/ros/dev_ws/src/install/rtk/share/rtk/hook/pythonpath.dsv'
[3.510s] INFO:colcon.colcon_core.shell:Creating environment hook '/opt/ros/dev_ws/src/install/rtk/share/rtk/hook/pythonpath.sh'
[3.515s] Level 1:colcon.colcon_core.environment:create_environment_scripts_only(rtk)
[3.516s] INFO:colcon.colcon_core.shell:Creating package script '/opt/ros/dev_ws/src/install/rtk/share/rtk/package.ps1'
[3.521s] INFO:colcon.colcon_core.shell:Creating package descriptor '/opt/ros/dev_ws/src/install/rtk/share/rtk/package.dsv'
[3.525s] INFO:colcon.colcon_core.shell:Creating package script '/opt/ros/dev_ws/src/install/rtk/share/rtk/package.sh'
[3.529s] INFO:colcon.colcon_core.shell:Creating package script '/opt/ros/dev_ws/src/install/rtk/share/rtk/package.bash'
[3.534s] INFO:colcon.colcon_core.shell:Creating package script '/opt/ros/dev_ws/src/install/rtk/share/rtk/package.zsh'
[3.538s] Level 1:colcon.colcon_core.environment:create_file_with_runtime_dependencies(/opt/ros/dev_ws/src/install/rtk/share/colcon-core/packages/rtk)
[3.546s] DEBUG:colcon.colcon_parallel_executor.executor.parallel:closing loop
[3.547s] DEBUG:colcon.colcon_parallel_executor.executor.parallel:loop closed
[3.547s] DEBUG:colcon.colcon_parallel_executor.executor.parallel:run_until_complete finished with '0'
[3.548s] DEBUG:colcon.colcon_core.event_reactor:joining thread
[3.555s] INFO:colcon.colcon_core.plugin_system:Skipping extension 'colcon_notification.desktop_notification.notify_send': Could not find 'notify-send'
[3.556s] INFO:colcon.colcon_core.plugin_system:Skipping extension 'colcon_notification.desktop_notification.terminal_notifier': Not used on non-Darwin systems
[3.557s] INFO:colcon.colcon_core.plugin_system:Skipping extension 'colcon_notification.desktop_notification.win32': Not used on non-Windows systems
[3.557s] INFO:colcon.colcon_notification.desktop_notification:Sending desktop notification using 'notify2'
[3.558s] DEBUG:colcon.colcon_notification.desktop_notification.notify2:Failed to initialize notify2: org.freedesktop.DBus.Error.NotSupported: Unable to autolaunch a dbus-daemon without a $DISPLAY for X11
[3.559s] DEBUG:colcon.colcon_core.event_reactor:joined thread
[3.560s] INFO:colcon.colcon_core.shell:Creating prefix script '/opt/ros/dev_ws/src/install/local_setup.ps1'
[3.564s] INFO:colcon.colcon_core.shell:Creating prefix util module '/opt/ros/dev_ws/src/install/_local_setup_util_ps1.py'
[3.570s] INFO:colcon.colcon_core.shell:Creating prefix chain script '/opt/ros/dev_ws/src/install/setup.ps1'
[3.574s] INFO:colcon.colcon_core.shell:Creating prefix script '/opt/ros/dev_ws/src/install/local_setup.sh'
[3.579s] INFO:colcon.colcon_core.shell:Creating prefix util module '/opt/ros/dev_ws/src/install/_local_setup_util_sh.py'
[3.584s] INFO:colcon.colcon_core.shell:Creating prefix chain script '/opt/ros/dev_ws/src/install/setup.sh'
[3.589s] INFO:colcon.colcon_core.shell:Creating prefix script '/opt/ros/dev_ws/src/install/local_setup.bash'
[3.602s] INFO:colcon.colcon_core.shell:Creating prefix chain script '/opt/ros/dev_ws/src/install/setup.bash'
[3.607s] INFO:colcon.colcon_core.shell:Creating prefix script '/opt/ros/dev_ws/src/install/local_setup.zsh'
[3.612s] INFO:colcon.colcon_core.shell:Creating prefix chain script '/opt/ros/dev_ws/src/install/setup.zsh'
