[1.090s] Invoking command in '/opt/ros/dev_ws/src/driver_ui': PYTHONPATH=/opt/ros/dev_ws/src/install/driver_ui/lib/python3.8/site-packages:${PYTHONPATH} /usr/bin/python3 setup.py egg_info --egg-base ../build/driver_ui build --build-base /opt/ros/dev_ws/src/build/driver_ui/build install --prefix /opt/ros/dev_ws/src/install/driver_ui --record /opt/ros/dev_ws/src/build/driver_ui/install.log --single-version-externally-managed
[1.185s] running egg_info
[1.189s] creating ../build/driver_ui/driver_ui.egg-info
[1.196s] writing ../build/driver_ui/driver_ui.egg-info/PKG-INFO
[1.212s] writing dependency_links to ../build/driver_ui/driver_ui.egg-info/dependency_links.txt
[1.228s] writing entry points to ../build/driver_ui/driver_ui.egg-info/entry_points.txt
[1.237s] writing requirements to ../build/driver_ui/driver_ui.egg-info/requires.txt
[1.246s] writing top-level names to ../build/driver_ui/driver_ui.egg-info/top_level.txt
[1.270s] writing manifest file '../build/driver_ui/driver_ui.egg-info/SOURCES.txt'
[1.342s] reading manifest file '../build/driver_ui/driver_ui.egg-info/SOURCES.txt'
[1.371s] writing manifest file '../build/driver_ui/driver_ui.egg-info/SOURCES.txt'
[1.382s] running build
[1.386s] running build_py
[1.394s] creating /opt/ros/dev_ws/src/build/driver_ui/build
[1.400s] creating /opt/ros/dev_ws/src/build/driver_ui/build/lib
[1.408s] creating /opt/ros/dev_ws/src/build/driver_ui/build/lib/driver_ui
[1.411s] copying driver_ui/__init__.py -> /opt/ros/dev_ws/src/build/driver_ui/build/lib/driver_ui
[1.437s] copying driver_ui/main.py -> /opt/ros/dev_ws/src/build/driver_ui/build/lib/driver_ui
[1.450s] copying driver_ui/mainRTK.py -> /opt/ros/dev_ws/src/build/driver_ui/build/lib/driver_ui
[1.475s] running install
[1.478s] running install_lib
[1.488s] creating /opt/ros/dev_ws/src/install/driver_ui/lib/python3.8/site-packages/driver_ui
[1.501s] copying /opt/ros/dev_ws/src/build/driver_ui/build/lib/driver_ui/__init__.py -> /opt/ros/dev_ws/src/install/driver_ui/lib/python3.8/site-packages/driver_ui
[1.512s] copying /opt/ros/dev_ws/src/build/driver_ui/build/lib/driver_ui/main.py -> /opt/ros/dev_ws/src/install/driver_ui/lib/python3.8/site-packages/driver_ui
[1.527s] copying /opt/ros/dev_ws/src/build/driver_ui/build/lib/driver_ui/mainRTK.py -> /opt/ros/dev_ws/src/install/driver_ui/lib/python3.8/site-packages/driver_ui
[1.560s] byte-compiling /opt/ros/dev_ws/src/install/driver_ui/lib/python3.8/site-packages/driver_ui/__init__.py to __init__.cpython-38.pyc
[1.583s] byte-compiling /opt/ros/dev_ws/src/install/driver_ui/lib/python3.8/site-packages/driver_ui/main.py to main.cpython-38.pyc
[1.614s] byte-compiling /opt/ros/dev_ws/src/install/driver_ui/lib/python3.8/site-packages/driver_ui/mainRTK.py to mainRTK.cpython-38.pyc
[1.660s] running install_data
[1.671s] creating /opt/ros/dev_ws/src/install/driver_ui/share/ament_index
[1.675s] creating /opt/ros/dev_ws/src/install/driver_ui/share/ament_index/resource_index
[1.678s] creating /opt/ros/dev_ws/src/install/driver_ui/share/ament_index/resource_index/packages
[1.705s] copying resource/driver_ui -> /opt/ros/dev_ws/src/install/driver_ui/share/ament_index/resource_index/packages
[1.713s] copying package.xml -> /opt/ros/dev_ws/src/install/driver_ui/share/driver_ui
[1.736s] running install_egg_info
[1.747s] Copying ../build/driver_ui/driver_ui.egg-info to /opt/ros/dev_ws/src/install/driver_ui/lib/python3.8/site-packages/driver_ui-0.0.0-py3.8.egg-info
[1.772s] running install_scripts
[1.776s] Installing driver_ui script to /opt/ros/dev_ws/src/install/driver_ui/lib/driver_ui
[1.784s] Installing driver_ui_rtk script to /opt/ros/dev_ws/src/install/driver_ui/lib/driver_ui
[1.788s] writing list of installed files to '/opt/ros/dev_ws/src/build/driver_ui/install.log'
[1.876s] Invoked command in '/opt/ros/dev_ws/src/driver_ui' returned '0': PYTHONPATH=/opt/ros/dev_ws/src/install/driver_ui/lib/python3.8/site-packages:${PYTHONPATH} /usr/bin/python3 setup.py egg_info --egg-base ../build/driver_ui build --build-base /opt/ros/dev_ws/src/build/driver_ui/build install --prefix /opt/ros/dev_ws/src/install/driver_ui --record /opt/ros/dev_ws/src/build/driver_ui/install.log --single-version-externally-managed
