running egg_info
writing ../build/driver_ui/driver_ui.egg-info/PKG-INFO
writing dependency_links to ../build/driver_ui/driver_ui.egg-info/dependency_links.txt
writing entry points to ../build/driver_ui/driver_ui.egg-info/entry_points.txt
writing requirements to ../build/driver_ui/driver_ui.egg-info/requires.txt
writing top-level names to ../build/driver_ui/driver_ui.egg-info/top_level.txt
reading manifest file '../build/driver_ui/driver_ui.egg-info/SOURCES.txt'
writing manifest file '../build/driver_ui/driver_ui.egg-info/SOURCES.txt'
running build
running build_py
copying driver_ui/mainRTK.py -> /opt/ros/dev_ws/src/build/driver_ui/build/lib/driver_ui
running install
running install_lib
copying /opt/ros/dev_ws/src/build/driver_ui/build/lib/driver_ui/mainRTK.py -> /opt/ros/dev_ws/src/install/driver_ui/lib/python3.8/site-packages/driver_ui
byte-compiling /opt/ros/dev_ws/src/install/driver_ui/lib/python3.8/site-packages/driver_ui/mainRTK.py to mainRTK.cpython-38.pyc
running install_data
running install_egg_info
removing '/opt/ros/dev_ws/src/install/driver_ui/lib/python3.8/site-packages/driver_ui-0.0.0-py3.8.egg-info' (and everything under it)
Copying ../build/driver_ui/driver_ui.egg-info to /opt/ros/dev_ws/src/install/driver_ui/lib/python3.8/site-packages/driver_ui-0.0.0-py3.8.egg-info
running install_scripts
Installing driver_ui script to /opt/ros/dev_ws/src/install/driver_ui/lib/driver_ui
Installing driver_ui_rtk script to /opt/ros/dev_ws/src/install/driver_ui/lib/driver_ui
writing list of installed files to '/opt/ros/dev_ws/src/build/driver_ui/install.log'
