[1.469s] Invoking command in '/opt/ros/dev_ws/src/driver_ui': PYTHONPATH=/opt/ros/dev_ws/src/install/driver_ui/lib/python3.8/site-packages:${PYTHONPATH} /usr/bin/python3 setup.py egg_info --egg-base ../build/driver_ui build --build-base /opt/ros/dev_ws/src/build/driver_ui/build install --prefix /opt/ros/dev_ws/src/install/driver_ui --record /opt/ros/dev_ws/src/build/driver_ui/install.log --single-version-externally-managed
[1.714s] running egg_info
[1.715s] creating ../build/driver_ui/driver_ui.egg-info
[1.715s] writing ../build/driver_ui/driver_ui.egg-info/PKG-INFO
[1.715s] writing dependency_links to ../build/driver_ui/driver_ui.egg-info/dependency_links.txt
[1.715s] writing entry points to ../build/driver_ui/driver_ui.egg-info/entry_points.txt
[1.715s] writing requirements to ../build/driver_ui/driver_ui.egg-info/requires.txt
[1.716s] writing top-level names to ../build/driver_ui/driver_ui.egg-info/top_level.txt
[1.717s] writing manifest file '../build/driver_ui/driver_ui.egg-info/SOURCES.txt'
[1.766s] reading manifest file '../build/driver_ui/driver_ui.egg-info/SOURCES.txt'
[1.767s] writing manifest file '../build/driver_ui/driver_ui.egg-info/SOURCES.txt'
[1.767s] running build
[1.768s] running build_py
[1.768s] creating /opt/ros/dev_ws/src/build/driver_ui/build
[1.768s] creating /opt/ros/dev_ws/src/build/driver_ui/build/lib
[1.768s] creating /opt/ros/dev_ws/src/build/driver_ui/build/lib/driver_ui
[1.768s] copying driver_ui/main.py -> /opt/ros/dev_ws/src/build/driver_ui/build/lib/driver_ui
[1.769s] copying driver_ui/__init__.py -> /opt/ros/dev_ws/src/build/driver_ui/build/lib/driver_ui
[1.769s] copying driver_ui/test.py -> /opt/ros/dev_ws/src/build/driver_ui/build/lib/driver_ui
[1.769s] copying driver_ui/mainRTK.py -> /opt/ros/dev_ws/src/build/driver_ui/build/lib/driver_ui
[1.769s] copying driver_ui/haha.py -> /opt/ros/dev_ws/src/build/driver_ui/build/lib/driver_ui
[1.770s] running install
[1.770s] running install_lib
[1.771s] creating /opt/ros/dev_ws/src/install/driver_ui/lib/python3.8/site-packages/driver_ui
[1.771s] copying /opt/ros/dev_ws/src/build/driver_ui/build/lib/driver_ui/main.py -> /opt/ros/dev_ws/src/install/driver_ui/lib/python3.8/site-packages/driver_ui
[1.771s] copying /opt/ros/dev_ws/src/build/driver_ui/build/lib/driver_ui/__init__.py -> /opt/ros/dev_ws/src/install/driver_ui/lib/python3.8/site-packages/driver_ui
[1.771s] copying /opt/ros/dev_ws/src/build/driver_ui/build/lib/driver_ui/test.py -> /opt/ros/dev_ws/src/install/driver_ui/lib/python3.8/site-packages/driver_ui
[1.771s] copying /opt/ros/dev_ws/src/build/driver_ui/build/lib/driver_ui/mainRTK.py -> /opt/ros/dev_ws/src/install/driver_ui/lib/python3.8/site-packages/driver_ui
[1.771s] copying /opt/ros/dev_ws/src/build/driver_ui/build/lib/driver_ui/haha.py -> /opt/ros/dev_ws/src/install/driver_ui/lib/python3.8/site-packages/driver_ui
[1.772s] byte-compiling /opt/ros/dev_ws/src/install/driver_ui/lib/python3.8/site-packages/driver_ui/main.py to main.cpython-38.pyc
[1.775s] byte-compiling /opt/ros/dev_ws/src/install/driver_ui/lib/python3.8/site-packages/driver_ui/__init__.py to __init__.cpython-38.pyc
[1.775s] byte-compiling /opt/ros/dev_ws/src/install/driver_ui/lib/python3.8/site-packages/driver_ui/test.py to test.cpython-38.pyc
[1.776s] byte-compiling /opt/ros/dev_ws/src/install/driver_ui/lib/python3.8/site-packages/driver_ui/mainRTK.py to mainRTK.cpython-38.pyc
[1.778s] byte-compiling /opt/ros/dev_ws/src/install/driver_ui/lib/python3.8/site-packages/driver_ui/haha.py to haha.cpython-38.pyc
[1.779s] running install_data
[1.780s] creating /opt/ros/dev_ws/src/install/driver_ui/share/ament_index
[1.780s] creating /opt/ros/dev_ws/src/install/driver_ui/share/ament_index/resource_index
[1.780s] creating /opt/ros/dev_ws/src/install/driver_ui/share/ament_index/resource_index/packages
[1.780s] copying resource/driver_ui -> /opt/ros/dev_ws/src/install/driver_ui/share/ament_index/resource_index/packages
[1.780s] copying package.xml -> /opt/ros/dev_ws/src/install/driver_ui/share/driver_ui
[1.781s] running install_egg_info
[1.783s] Copying ../build/driver_ui/driver_ui.egg-info to /opt/ros/dev_ws/src/install/driver_ui/lib/python3.8/site-packages/driver_ui-0.0.0-py3.8.egg-info
[1.783s] running install_scripts
[1.807s] Installing driver_ui script to /opt/ros/dev_ws/src/install/driver_ui/lib/driver_ui
[1.807s] Installing driver_ui_rtk script to /opt/ros/dev_ws/src/install/driver_ui/lib/driver_ui
[1.807s] writing list of installed files to '/opt/ros/dev_ws/src/build/driver_ui/install.log'
[1.865s] Invoked command in '/opt/ros/dev_ws/src/driver_ui' returned '0': PYTHONPATH=/opt/ros/dev_ws/src/install/driver_ui/lib/python3.8/site-packages:${PYTHONPATH} /usr/bin/python3 setup.py egg_info --egg-base ../build/driver_ui build --build-base /opt/ros/dev_ws/src/build/driver_ui/build install --prefix /opt/ros/dev_ws/src/install/driver_ui --record /opt/ros/dev_ws/src/build/driver_ui/install.log --single-version-externally-managed
