[0.577s] Invoking command in '/opt/ros/dev_ws/src/teleop_keyboard': PYTHONPATH=/opt/ros/dev_ws/src/install/teleop_keyboard/lib/python3.8/site-packages:${PYTHONPATH} /usr/bin/python3 setup.py egg_info --egg-base ../build/teleop_keyboard build --build-base /opt/ros/dev_ws/src/build/teleop_keyboard/build install --prefix /opt/ros/dev_ws/src/install/teleop_keyboard --record /opt/ros/dev_ws/src/build/teleop_keyboard/install.log --single-version-externally-managed
[0.676s] running egg_info
[0.679s] creating ../build/teleop_keyboard/teleop_keyboard.egg-info
[0.686s] writing ../build/teleop_keyboard/teleop_keyboard.egg-info/PKG-INFO
[0.692s] writing dependency_links to ../build/teleop_keyboard/teleop_keyboard.egg-info/dependency_links.txt
[0.700s] writing entry points to ../build/teleop_keyboard/teleop_keyboard.egg-info/entry_points.txt
[0.710s] writing requirements to ../build/teleop_keyboard/teleop_keyboard.egg-info/requires.txt
[0.713s] writing top-level names to ../build/teleop_keyboard/teleop_keyboard.egg-info/top_level.txt
[0.718s] writing manifest file '../build/teleop_keyboard/teleop_keyboard.egg-info/SOURCES.txt'
[0.749s] reading manifest file '../build/teleop_keyboard/teleop_keyboard.egg-info/SOURCES.txt'
[0.766s] writing manifest file '../build/teleop_keyboard/teleop_keyboard.egg-info/SOURCES.txt'
[0.773s] running build
[0.776s] running build_py
[0.784s] creating /opt/ros/dev_ws/src/build/teleop_keyboard/build
[0.789s] creating /opt/ros/dev_ws/src/build/teleop_keyboard/build/lib
[0.793s] creating /opt/ros/dev_ws/src/build/teleop_keyboard/build/lib/teleop_keyboard
[0.796s] copying teleop_keyboard/__init__.py -> /opt/ros/dev_ws/src/build/teleop_keyboard/build/lib/teleop_keyboard
[0.804s] copying teleop_keyboard/teleop_keyboard.py -> /opt/ros/dev_ws/src/build/teleop_keyboard/build/lib/teleop_keyboard
[0.814s] running install
[0.817s] running install_lib
[0.823s] creating /opt/ros/dev_ws/src/install/teleop_keyboard/lib/python3.8/site-packages/teleop_keyboard
[0.831s] copying /opt/ros/dev_ws/src/build/teleop_keyboard/build/lib/teleop_keyboard/__init__.py -> /opt/ros/dev_ws/src/install/teleop_keyboard/lib/python3.8/site-packages/teleop_keyboard
[0.836s] copying /opt/ros/dev_ws/src/build/teleop_keyboard/build/lib/teleop_keyboard/teleop_keyboard.py -> /opt/ros/dev_ws/src/install/teleop_keyboard/lib/python3.8/site-packages/teleop_keyboard
[0.841s] byte-compiling /opt/ros/dev_ws/src/install/teleop_keyboard/lib/python3.8/site-packages/teleop_keyboard/__init__.py to __init__.cpython-38.pyc
[0.850s] byte-compiling /opt/ros/dev_ws/src/install/teleop_keyboard/lib/python3.8/site-packages/teleop_keyboard/teleop_keyboard.py to teleop_keyboard.cpython-38.pyc
[0.862s] running install_data
[0.869s] creating /opt/ros/dev_ws/src/install/teleop_keyboard/share/ament_index
[0.873s] creating /opt/ros/dev_ws/src/install/teleop_keyboard/share/ament_index/resource_index
[0.877s] creating /opt/ros/dev_ws/src/install/teleop_keyboard/share/ament_index/resource_index/packages
[0.879s] copying resource/teleop_keyboard -> /opt/ros/dev_ws/src/install/teleop_keyboard/share/ament_index/resource_index/packages
[0.887s] copying package.xml -> /opt/ros/dev_ws/src/install/teleop_keyboard/share/teleop_keyboard
[0.893s] running install_egg_info
[0.896s] Copying ../build/teleop_keyboard/teleop_keyboard.egg-info to /opt/ros/dev_ws/src/install/teleop_keyboard/lib/python3.8/site-packages/teleop_keyboard-0.0.0-py3.8.egg-info
[0.961s] running install_scripts
[0.974s] Installing teleop_keyboard script to /opt/ros/dev_ws/src/install/teleop_keyboard/lib/teleop_keyboard
[0.980s] writing list of installed files to '/opt/ros/dev_ws/src/build/teleop_keyboard/install.log'
[1.001s] Invoked command in '/opt/ros/dev_ws/src/teleop_keyboard' returned '0': PYTHONPATH=/opt/ros/dev_ws/src/install/teleop_keyboard/lib/python3.8/site-packages:${PYTHONPATH} /usr/bin/python3 setup.py egg_info --egg-base ../build/teleop_keyboard build --build-base /opt/ros/dev_ws/src/build/teleop_keyboard/build install --prefix /opt/ros/dev_ws/src/install/teleop_keyboard --record /opt/ros/dev_ws/src/build/teleop_keyboard/install.log --single-version-externally-managed
