[1.552s] Invoking command in '/opt/ros/dev_ws/src/rtk': PYTHONPATH=/opt/ros/dev_ws/src/install/rtk/lib/python3.8/site-packages:${PYTHONPATH} /usr/bin/python3 setup.py egg_info --egg-base ../build/rtk build --build-base /opt/ros/dev_ws/src/build/rtk/build install --prefix /opt/ros/dev_ws/src/install/rtk --record /opt/ros/dev_ws/src/build/rtk/install.log --single-version-externally-managed
[1.750s] running egg_info
[1.750s] writing ../build/rtk/rtk.egg-info/PKG-INFO
[1.751s] writing dependency_links to ../build/rtk/rtk.egg-info/dependency_links.txt
[1.751s] writing entry points to ../build/rtk/rtk.egg-info/entry_points.txt
[1.751s] writing requirements to ../build/rtk/rtk.egg-info/requires.txt
[1.751s] writing top-level names to ../build/rtk/rtk.egg-info/top_level.txt
[1.798s] reading manifest file '../build/rtk/rtk.egg-info/SOURCES.txt'
[1.798s] writing manifest file '../build/rtk/rtk.egg-info/SOURCES.txt'
[1.799s] running build
[1.799s] running build_py
[1.799s] running install
[1.800s] running install_lib
[1.802s] running install_data
[1.802s] running install_egg_info
[1.805s] removing '/opt/ros/dev_ws/src/install/rtk/lib/python3.8/site-packages/rtk-0.0.0-py3.8.egg-info' (and everything under it)
[1.805s] Copying ../build/rtk/rtk.egg-info to /opt/ros/dev_ws/src/install/rtk/lib/python3.8/site-packages/rtk-0.0.0-py3.8.egg-info
[1.806s] running install_scripts
[1.830s] Installing pub script to /opt/ros/dev_ws/src/install/rtk/lib/rtk
[1.830s] writing list of installed files to '/opt/ros/dev_ws/src/build/rtk/install.log'
[1.884s] Invoked command in '/opt/ros/dev_ws/src/rtk' returned '0': PYTHONPATH=/opt/ros/dev_ws/src/install/rtk/lib/python3.8/site-packages:${PYTHONPATH} /usr/bin/python3 setup.py egg_info --egg-base ../build/rtk build --build-base /opt/ros/dev_ws/src/build/rtk/build install --prefix /opt/ros/dev_ws/src/install/rtk --record /opt/ros/dev_ws/src/build/rtk/install.log --single-version-externally-managed
