[1.490s] Invoking command in '/opt/ros/dev_ws/src/rtk': PYTHONPATH=/opt/ros/dev_ws/src/install/rtk/lib/python3.8/site-packages:${PYTHONPATH} /usr/bin/python3 setup.py egg_info --egg-base ../build/rtk build --build-base /opt/ros/dev_ws/src/build/rtk/build install --prefix /opt/ros/dev_ws/src/install/rtk --record /opt/ros/dev_ws/src/build/rtk/install.log --single-version-externally-managed
[1.731s] running egg_info
[1.731s] creating ../build/rtk/rtk.egg-info
[1.731s] writing ../build/rtk/rtk.egg-info/PKG-INFO
[1.732s] writing dependency_links to ../build/rtk/rtk.egg-info/dependency_links.txt
[1.732s] writing entry points to ../build/rtk/rtk.egg-info/entry_points.txt
[1.732s] writing requirements to ../build/rtk/rtk.egg-info/requires.txt
[1.732s] writing top-level names to ../build/rtk/rtk.egg-info/top_level.txt
[1.733s] writing manifest file '../build/rtk/rtk.egg-info/SOURCES.txt'
[1.778s] reading manifest file '../build/rtk/rtk.egg-info/SOURCES.txt'
[1.779s] writing manifest file '../build/rtk/rtk.egg-info/SOURCES.txt'
[1.779s] running build
[1.779s] running build_py
[1.779s] creating /opt/ros/dev_ws/src/build/rtk/build
[1.780s] creating /opt/ros/dev_ws/src/build/rtk/build/lib
[1.780s] creating /opt/ros/dev_ws/src/build/rtk/build/lib/rtk
[1.780s] copying rtk/__init__.py -> /opt/ros/dev_ws/src/build/rtk/build/lib/rtk
[1.780s] copying rtk/publisher.py -> /opt/ros/dev_ws/src/build/rtk/build/lib/rtk
[1.780s] running install
[1.781s] running install_lib
[1.783s] creating /opt/ros/dev_ws/src/install/rtk/lib/python3.8/site-packages/rtk
[1.783s] copying /opt/ros/dev_ws/src/build/rtk/build/lib/rtk/__init__.py -> /opt/ros/dev_ws/src/install/rtk/lib/python3.8/site-packages/rtk
[1.783s] copying /opt/ros/dev_ws/src/build/rtk/build/lib/rtk/publisher.py -> /opt/ros/dev_ws/src/install/rtk/lib/python3.8/site-packages/rtk
[1.783s] byte-compiling /opt/ros/dev_ws/src/install/rtk/lib/python3.8/site-packages/rtk/__init__.py to __init__.cpython-38.pyc
[1.786s] byte-compiling /opt/ros/dev_ws/src/install/rtk/lib/python3.8/site-packages/rtk/publisher.py to publisher.cpython-38.pyc
[1.787s] running install_data
[1.788s] creating /opt/ros/dev_ws/src/install/rtk/share/ament_index
[1.788s] creating /opt/ros/dev_ws/src/install/rtk/share/ament_index/resource_index
[1.788s] creating /opt/ros/dev_ws/src/install/rtk/share/ament_index/resource_index/packages
[1.788s] copying resource/rtk -> /opt/ros/dev_ws/src/install/rtk/share/ament_index/resource_index/packages
[1.788s] copying package.xml -> /opt/ros/dev_ws/src/install/rtk/share/rtk
[1.788s] running install_egg_info
[1.792s] Copying ../build/rtk/rtk.egg-info to /opt/ros/dev_ws/src/install/rtk/lib/python3.8/site-packages/rtk-0.0.0-py3.8.egg-info
[1.792s] running install_scripts
[1.821s] Installing pub script to /opt/ros/dev_ws/src/install/rtk/lib/rtk
[1.822s] writing list of installed files to '/opt/ros/dev_ws/src/build/rtk/install.log'
[1.883s] Invoked command in '/opt/ros/dev_ws/src/rtk' returned '0': PYTHONPATH=/opt/ros/dev_ws/src/install/rtk/lib/python3.8/site-packages:${PYTHONPATH} /usr/bin/python3 setup.py egg_info --egg-base ../build/rtk build --build-base /opt/ros/dev_ws/src/build/rtk/build install --prefix /opt/ros/dev_ws/src/install/rtk --record /opt/ros/dev_ws/src/build/rtk/install.log --single-version-externally-managed
