[1.137s] Invoking command in '/opt/ros/dev_ws/src/gps_sim': PYTHONPATH=/opt/ros/dev_ws/src/install/gps_sim/lib/python3.8/site-packages:${PYTHONPATH} /usr/bin/python3 setup.py egg_info --egg-base ../build/gps_sim build --build-base /opt/ros/dev_ws/src/build/gps_sim/build install --prefix /opt/ros/dev_ws/src/install/gps_sim --record /opt/ros/dev_ws/src/build/gps_sim/install.log --single-version-externally-managed
[1.278s] running egg_info
[1.287s] writing ../build/gps_sim/gps_sim.egg-info/PKG-INFO
[1.298s] writing dependency_links to ../build/gps_sim/gps_sim.egg-info/dependency_links.txt
[1.309s] writing entry points to ../build/gps_sim/gps_sim.egg-info/entry_points.txt
[1.315s] writing requirements to ../build/gps_sim/gps_sim.egg-info/requires.txt
[1.324s] writing top-level names to ../build/gps_sim/gps_sim.egg-info/top_level.txt
[1.369s] reading manifest file '../build/gps_sim/gps_sim.egg-info/SOURCES.txt'
[1.376s] writing manifest file '../build/gps_sim/gps_sim.egg-info/SOURCES.txt'
[1.385s] running build
[1.391s] running build_py
[1.394s] creating /opt/ros/dev_ws/src/build/gps_sim/build
[1.398s] creating /opt/ros/dev_ws/src/build/gps_sim/build/lib
[1.410s] creating /opt/ros/dev_ws/src/build/gps_sim/build/lib/gps_sim
[1.435s] copying gps_sim/__init__.py -> /opt/ros/dev_ws/src/build/gps_sim/build/lib/gps_sim
[1.458s] copying gps_sim/simulate.py -> /opt/ros/dev_ws/src/build/gps_sim/build/lib/gps_sim
[1.497s] running install
[1.506s] running install_lib
[1.525s] creating /opt/ros/dev_ws/src/install/gps_sim/lib/python3.8/site-packages/gps_sim
[1.534s] copying /opt/ros/dev_ws/src/build/gps_sim/build/lib/gps_sim/__init__.py -> /opt/ros/dev_ws/src/install/gps_sim/lib/python3.8/site-packages/gps_sim
[1.572s] copying /opt/ros/dev_ws/src/build/gps_sim/build/lib/gps_sim/simulate.py -> /opt/ros/dev_ws/src/install/gps_sim/lib/python3.8/site-packages/gps_sim
[1.608s] byte-compiling /opt/ros/dev_ws/src/install/gps_sim/lib/python3.8/site-packages/gps_sim/__init__.py to __init__.cpython-38.pyc
[1.636s] byte-compiling /opt/ros/dev_ws/src/install/gps_sim/lib/python3.8/site-packages/gps_sim/simulate.py to simulate.cpython-38.pyc
[1.663s] running install_data
[1.686s] running install_egg_info
[1.702s] Copying ../build/gps_sim/gps_sim.egg-info to /opt/ros/dev_ws/src/install/gps_sim/lib/python3.8/site-packages/gps_sim-0.0.0-py3.8.egg-info
[1.853s] running install_scripts
[1.866s] Installing gps_sim script to /opt/ros/dev_ws/src/install/gps_sim/lib/gps_sim
[1.883s] writing list of installed files to '/opt/ros/dev_ws/src/build/gps_sim/install.log'
[1.912s] Invoked command in '/opt/ros/dev_ws/src/gps_sim' returned '0': PYTHONPATH=/opt/ros/dev_ws/src/install/gps_sim/lib/python3.8/site-packages:${PYTHONPATH} /usr/bin/python3 setup.py egg_info --egg-base ../build/gps_sim build --build-base /opt/ros/dev_ws/src/build/gps_sim/build install --prefix /opt/ros/dev_ws/src/install/gps_sim --record /opt/ros/dev_ws/src/build/gps_sim/install.log --single-version-externally-managed
