[1.475s] Invoking command in '/opt/ros/dev_ws/src/teleop_keyboard': PYTHONPATH=/opt/ros/dev_ws/src/install/teleop_keyboard/lib/python3.8/site-packages:${PYTHONPATH} /usr/bin/python3 setup.py egg_info --egg-base ../build/teleop_keyboard build --build-base /opt/ros/dev_ws/src/build/teleop_keyboard/build install --prefix /opt/ros/dev_ws/src/install/teleop_keyboard --record /opt/ros/dev_ws/src/build/teleop_keyboard/install.log --single-version-externally-managed
[1.686s] running egg_info
[1.687s] creating ../build/teleop_keyboard/teleop_keyboard.egg-info
[1.688s] writing ../build/teleop_keyboard/teleop_keyboard.egg-info/PKG-INFO
[1.689s] writing dependency_links to ../build/teleop_keyboard/teleop_keyboard.egg-info/dependency_links.txt
[1.689s] writing entry points to ../build/teleop_keyboard/teleop_keyboard.egg-info/entry_points.txt
[1.689s] writing requirements to ../build/teleop_keyboard/teleop_keyboard.egg-info/requires.txt
[1.689s] writing top-level names to ../build/teleop_keyboard/teleop_keyboard.egg-info/top_level.txt
[1.692s] writing manifest file '../build/teleop_keyboard/teleop_keyboard.egg-info/SOURCES.txt'
[1.734s] reading manifest file '../build/teleop_keyboard/teleop_keyboard.egg-info/SOURCES.txt'
[1.735s] writing manifest file '../build/teleop_keyboard/teleop_keyboard.egg-info/SOURCES.txt'
[1.735s] running build
[1.735s] running build_py
[1.735s] creating /opt/ros/dev_ws/src/build/teleop_keyboard/build
[1.735s] creating /opt/ros/dev_ws/src/build/teleop_keyboard/build/lib
[1.735s] creating /opt/ros/dev_ws/src/build/teleop_keyboard/build/lib/teleop_keyboard
[1.735s] copying teleop_keyboard/__init__.py -> /opt/ros/dev_ws/src/build/teleop_keyboard/build/lib/teleop_keyboard
[1.736s] copying teleop_keyboard/teleop_keyboard.py -> /opt/ros/dev_ws/src/build/teleop_keyboard/build/lib/teleop_keyboard
[1.736s] running install
[1.737s] running install_lib
[1.738s] creating /opt/ros/dev_ws/src/install/teleop_keyboard/lib/python3.8/site-packages/teleop_keyboard
[1.738s] copying /opt/ros/dev_ws/src/build/teleop_keyboard/build/lib/teleop_keyboard/__init__.py -> /opt/ros/dev_ws/src/install/teleop_keyboard/lib/python3.8/site-packages/teleop_keyboard
[1.738s] copying /opt/ros/dev_ws/src/build/teleop_keyboard/build/lib/teleop_keyboard/teleop_keyboard.py -> /opt/ros/dev_ws/src/install/teleop_keyboard/lib/python3.8/site-packages/teleop_keyboard
[1.739s] byte-compiling /opt/ros/dev_ws/src/install/teleop_keyboard/lib/python3.8/site-packages/teleop_keyboard/__init__.py to __init__.cpython-38.pyc
[1.740s] byte-compiling /opt/ros/dev_ws/src/install/teleop_keyboard/lib/python3.8/site-packages/teleop_keyboard/teleop_keyboard.py to teleop_keyboard.cpython-38.pyc
[1.742s] running install_data
[1.743s] creating /opt/ros/dev_ws/src/install/teleop_keyboard/share/ament_index
[1.744s] creating /opt/ros/dev_ws/src/install/teleop_keyboard/share/ament_index/resource_index
[1.744s] creating /opt/ros/dev_ws/src/install/teleop_keyboard/share/ament_index/resource_index/packages
[1.744s] copying resource/teleop_keyboard -> /opt/ros/dev_ws/src/install/teleop_keyboard/share/ament_index/resource_index/packages
[1.745s] copying package.xml -> /opt/ros/dev_ws/src/install/teleop_keyboard/share/teleop_keyboard
[1.745s] running install_egg_info
[1.746s] Copying ../build/teleop_keyboard/teleop_keyboard.egg-info to /opt/ros/dev_ws/src/install/teleop_keyboard/lib/python3.8/site-packages/teleop_keyboard-0.0.0-py3.8.egg-info
[1.747s] running install_scripts
[1.771s] Installing teleop_keyboard script to /opt/ros/dev_ws/src/install/teleop_keyboard/lib/teleop_keyboard
[1.771s] writing list of installed files to '/opt/ros/dev_ws/src/build/teleop_keyboard/install.log'
[1.866s] Invoked command in '/opt/ros/dev_ws/src/teleop_keyboard' returned '0': PYTHONPATH=/opt/ros/dev_ws/src/install/teleop_keyboard/lib/python3.8/site-packages:${PYTHONPATH} /usr/bin/python3 setup.py egg_info --egg-base ../build/teleop_keyboard build --build-base /opt/ros/dev_ws/src/build/teleop_keyboard/build install --prefix /opt/ros/dev_ws/src/install/teleop_keyboard --record /opt/ros/dev_ws/src/build/teleop_keyboard/install.log --single-version-externally-managed
