[1.549s] Invoking command in '/opt/ros/dev_ws/src/gps_sim': PYTHONPATH=/opt/ros/dev_ws/src/install/gps_sim/lib/python3.8/site-packages:${PYTHONPATH} /usr/bin/python3 setup.py egg_info --egg-base ../build/gps_sim build --build-base /opt/ros/dev_ws/src/build/gps_sim/build install --prefix /opt/ros/dev_ws/src/install/gps_sim --record /opt/ros/dev_ws/src/build/gps_sim/install.log --single-version-externally-managed
[1.737s] running egg_info
[1.738s] writing ../build/gps_sim/gps_sim.egg-info/PKG-INFO
[1.738s] writing dependency_links to ../build/gps_sim/gps_sim.egg-info/dependency_links.txt
[1.738s] writing entry points to ../build/gps_sim/gps_sim.egg-info/entry_points.txt
[1.738s] writing requirements to ../build/gps_sim/gps_sim.egg-info/requires.txt
[1.738s] writing top-level names to ../build/gps_sim/gps_sim.egg-info/top_level.txt
[1.772s] reading manifest file '../build/gps_sim/gps_sim.egg-info/SOURCES.txt'
[1.773s] writing manifest file '../build/gps_sim/gps_sim.egg-info/SOURCES.txt'
[1.773s] running build
[1.773s] running build_py
[1.774s] running install
[1.774s] running install_lib
[1.776s] running install_data
[1.777s] running install_egg_info
[1.778s] removing '/opt/ros/dev_ws/src/install/gps_sim/lib/python3.8/site-packages/gps_sim-0.0.0-py3.8.egg-info' (and everything under it)
[1.778s] Copying ../build/gps_sim/gps_sim.egg-info to /opt/ros/dev_ws/src/install/gps_sim/lib/python3.8/site-packages/gps_sim-0.0.0-py3.8.egg-info
[1.779s] running install_scripts
[1.797s] Installing gps_sim script to /opt/ros/dev_ws/src/install/gps_sim/lib/gps_sim
[1.797s] writing list of installed files to '/opt/ros/dev_ws/src/build/gps_sim/install.log'
[1.834s] Invoked command in '/opt/ros/dev_ws/src/gps_sim' returned '0': PYTHONPATH=/opt/ros/dev_ws/src/install/gps_sim/lib/python3.8/site-packages:${PYTHONPATH} /usr/bin/python3 setup.py egg_info --egg-base ../build/gps_sim build --build-base /opt/ros/dev_ws/src/build/gps_sim/build install --prefix /opt/ros/dev_ws/src/install/gps_sim --record /opt/ros/dev_ws/src/build/gps_sim/install.log --single-version-externally-managed
