[1.548s] Invoking command in '/opt/ros/dev_ws/src/teleop_keyboard': PYTHONPATH=/opt/ros/dev_ws/src/install/teleop_keyboard/lib/python3.8/site-packages:${PYTHONPATH} /usr/bin/python3 setup.py egg_info --egg-base ../build/teleop_keyboard build --build-base /opt/ros/dev_ws/src/build/teleop_keyboard/build install --prefix /opt/ros/dev_ws/src/install/teleop_keyboard --record /opt/ros/dev_ws/src/build/teleop_keyboard/install.log --single-version-externally-managed
[1.729s] running egg_info
[1.730s] writing ../build/teleop_keyboard/teleop_keyboard.egg-info/PKG-INFO
[1.730s] writing dependency_links to ../build/teleop_keyboard/teleop_keyboard.egg-info/dependency_links.txt
[1.730s] writing entry points to ../build/teleop_keyboard/teleop_keyboard.egg-info/entry_points.txt
[1.731s] writing requirements to ../build/teleop_keyboard/teleop_keyboard.egg-info/requires.txt
[1.731s] writing top-level names to ../build/teleop_keyboard/teleop_keyboard.egg-info/top_level.txt
[1.766s] reading manifest file '../build/teleop_keyboard/teleop_keyboard.egg-info/SOURCES.txt'
[1.766s] writing manifest file '../build/teleop_keyboard/teleop_keyboard.egg-info/SOURCES.txt'
[1.767s] running build
[1.767s] running build_py
[1.768s] running install
[1.768s] running install_lib
[1.769s] running install_data
[1.770s] running install_egg_info
[1.771s] removing '/opt/ros/dev_ws/src/install/teleop_keyboard/lib/python3.8/site-packages/teleop_keyboard-0.0.0-py3.8.egg-info' (and everything under it)
[1.772s] Copying ../build/teleop_keyboard/teleop_keyboard.egg-info to /opt/ros/dev_ws/src/install/teleop_keyboard/lib/python3.8/site-packages/teleop_keyboard-0.0.0-py3.8.egg-info
[1.773s] running install_scripts
[1.794s] Installing teleop_keyboard script to /opt/ros/dev_ws/src/install/teleop_keyboard/lib/teleop_keyboard
[1.795s] writing list of installed files to '/opt/ros/dev_ws/src/build/teleop_keyboard/install.log'
[1.860s] Invoked command in '/opt/ros/dev_ws/src/teleop_keyboard' returned '0': PYTHONPATH=/opt/ros/dev_ws/src/install/teleop_keyboard/lib/python3.8/site-packages:${PYTHONPATH} /usr/bin/python3 setup.py egg_info --egg-base ../build/teleop_keyboard build --build-base /opt/ros/dev_ws/src/build/teleop_keyboard/build install --prefix /opt/ros/dev_ws/src/install/teleop_keyboard --record /opt/ros/dev_ws/src/build/teleop_keyboard/install.log --single-version-externally-managed
