[1.484s] Invoking command in '/opt/ros/dev_ws/src/driver_ui': PYTHONPATH=/opt/ros/dev_ws/src/install/driver_ui/lib/python3.8/site-packages:${PYTHONPATH} /usr/bin/python3 setup.py egg_info --egg-base ../build/driver_ui build --build-base /opt/ros/dev_ws/src/build/driver_ui/build install --prefix /opt/ros/dev_ws/src/install/driver_ui --record /opt/ros/dev_ws/src/build/driver_ui/install.log --single-version-externally-managed
[1.671s] running egg_info
[1.672s] writing ../build/driver_ui/driver_ui.egg-info/PKG-INFO
[1.673s] writing dependency_links to ../build/driver_ui/driver_ui.egg-info/dependency_links.txt
[1.673s] writing entry points to ../build/driver_ui/driver_ui.egg-info/entry_points.txt
[1.674s] writing requirements to ../build/driver_ui/driver_ui.egg-info/requires.txt
[1.674s] writing top-level names to ../build/driver_ui/driver_ui.egg-info/top_level.txt
[1.714s] reading manifest file '../build/driver_ui/driver_ui.egg-info/SOURCES.txt'
[1.715s] writing manifest file '../build/driver_ui/driver_ui.egg-info/SOURCES.txt'
[1.715s] running build
[1.715s] running build_py
[1.715s] copying driver_ui/mainRTK.py -> /opt/ros/dev_ws/src/build/driver_ui/build/lib/driver_ui
[1.716s] running install
[1.717s] running install_lib
[1.718s] copying /opt/ros/dev_ws/src/build/driver_ui/build/lib/driver_ui/mainRTK.py -> /opt/ros/dev_ws/src/install/driver_ui/lib/python3.8/site-packages/driver_ui
[1.718s] byte-compiling /opt/ros/dev_ws/src/install/driver_ui/lib/python3.8/site-packages/driver_ui/mainRTK.py to mainRTK.cpython-38.pyc
[1.721s] running install_data
[1.722s] running install_egg_info
[1.724s] removing '/opt/ros/dev_ws/src/install/driver_ui/lib/python3.8/site-packages/driver_ui-0.0.0-py3.8.egg-info' (and everything under it)
[1.724s] Copying ../build/driver_ui/driver_ui.egg-info to /opt/ros/dev_ws/src/install/driver_ui/lib/python3.8/site-packages/driver_ui-0.0.0-py3.8.egg-info
[1.725s] running install_scripts
[1.746s] Installing driver_ui script to /opt/ros/dev_ws/src/install/driver_ui/lib/driver_ui
[1.746s] Installing driver_ui_rtk script to /opt/ros/dev_ws/src/install/driver_ui/lib/driver_ui
[1.746s] writing list of installed files to '/opt/ros/dev_ws/src/build/driver_ui/install.log'
[1.787s] Invoked command in '/opt/ros/dev_ws/src/driver_ui' returned '0': PYTHONPATH=/opt/ros/dev_ws/src/install/driver_ui/lib/python3.8/site-packages:${PYTHONPATH} /usr/bin/python3 setup.py egg_info --egg-base ../build/driver_ui build --build-base /opt/ros/dev_ws/src/build/driver_ui/build install --prefix /opt/ros/dev_ws/src/install/driver_ui --record /opt/ros/dev_ws/src/build/driver_ui/install.log --single-version-externally-managed
