[1.478s] Invoking command in '/opt/ros/dev_ws/src/rtk': PYTHONPATH=/opt/ros/dev_ws/src/install/rtk/lib/python3.8/site-packages:${PYTHONPATH} /usr/bin/python3 setup.py egg_info --egg-base ../build/rtk build --build-base /opt/ros/dev_ws/src/build/rtk/build install --prefix /opt/ros/dev_ws/src/install/rtk --record /opt/ros/dev_ws/src/build/rtk/install.log --single-version-externally-managed
[1.658s] running egg_info
[1.659s] writing ../build/rtk/rtk.egg-info/PKG-INFO
[1.659s] writing dependency_links to ../build/rtk/rtk.egg-info/dependency_links.txt
[1.660s] writing entry points to ../build/rtk/rtk.egg-info/entry_points.txt
[1.660s] writing requirements to ../build/rtk/rtk.egg-info/requires.txt
[1.660s] writing top-level names to ../build/rtk/rtk.egg-info/top_level.txt
[1.699s] reading manifest file '../build/rtk/rtk.egg-info/SOURCES.txt'
[1.700s] writing manifest file '../build/rtk/rtk.egg-info/SOURCES.txt'
[1.700s] running build
[1.700s] running build_py
[1.700s] running install
[1.700s] running install_lib
[1.702s] running install_data
[1.702s] running install_egg_info
[1.704s] removing '/opt/ros/dev_ws/src/install/rtk/lib/python3.8/site-packages/rtk-0.0.0-py3.8.egg-info' (and everything under it)
[1.704s] Copying ../build/rtk/rtk.egg-info to /opt/ros/dev_ws/src/install/rtk/lib/python3.8/site-packages/rtk-0.0.0-py3.8.egg-info
[1.705s] running install_scripts
[1.728s] Installing pub script to /opt/ros/dev_ws/src/install/rtk/lib/rtk
[1.728s] writing list of installed files to '/opt/ros/dev_ws/src/build/rtk/install.log'
[1.774s] Invoked command in '/opt/ros/dev_ws/src/rtk' returned '0': PYTHONPATH=/opt/ros/dev_ws/src/install/rtk/lib/python3.8/site-packages:${PYTHONPATH} /usr/bin/python3 setup.py egg_info --egg-base ../build/rtk build --build-base /opt/ros/dev_ws/src/build/rtk/build install --prefix /opt/ros/dev_ws/src/install/rtk --record /opt/ros/dev_ws/src/build/rtk/install.log --single-version-externally-managed
