[0.991s] Invoking command in '/opt/ros/dev_ws/src/pid': PYTHONPATH=/opt/ros/dev_ws/src/install/pid/lib/python3.8/site-packages:${PYTHONPATH} /usr/bin/python3 setup.py egg_info --egg-base ../build/pid build --build-base /opt/ros/dev_ws/src/build/pid/build install --prefix /opt/ros/dev_ws/src/install/pid --record /opt/ros/dev_ws/src/build/pid/install.log --single-version-externally-managed
[1.207s] running egg_info
[1.216s] creating ../build/pid/pid.egg-info
[1.223s] writing ../build/pid/pid.egg-info/PKG-INFO
[1.226s] writing dependency_links to ../build/pid/pid.egg-info/dependency_links.txt
[1.229s] writing entry points to ../build/pid/pid.egg-info/entry_points.txt
[1.238s] writing requirements to ../build/pid/pid.egg-info/requires.txt
[1.242s] writing top-level names to ../build/pid/pid.egg-info/top_level.txt
[1.248s] writing manifest file '../build/pid/pid.egg-info/SOURCES.txt'
[1.351s] reading manifest file '../build/pid/pid.egg-info/SOURCES.txt'
[1.372s] writing manifest file '../build/pid/pid.egg-info/SOURCES.txt'
[1.378s] running build
[1.381s] running build_py
[1.389s] creating /opt/ros/dev_ws/src/build/pid/build
[1.397s] creating /opt/ros/dev_ws/src/build/pid/build/lib
[1.409s] creating /opt/ros/dev_ws/src/build/pid/build/lib/pid
[1.420s] copying pid/__init__.py -> /opt/ros/dev_ws/src/build/pid/build/lib/pid
[1.433s] copying pid/pid.py -> /opt/ros/dev_ws/src/build/pid/build/lib/pid
[1.447s] copying pid/test.py -> /opt/ros/dev_ws/src/build/pid/build/lib/pid
[1.459s] running install
[1.463s] running install_lib
[1.479s] creating /opt/ros/dev_ws/src/install/pid/lib/python3.8/site-packages/pid
[1.488s] copying /opt/ros/dev_ws/src/build/pid/build/lib/pid/__init__.py -> /opt/ros/dev_ws/src/install/pid/lib/python3.8/site-packages/pid
[1.505s] copying /opt/ros/dev_ws/src/build/pid/build/lib/pid/pid.py -> /opt/ros/dev_ws/src/install/pid/lib/python3.8/site-packages/pid
[1.531s] copying /opt/ros/dev_ws/src/build/pid/build/lib/pid/test.py -> /opt/ros/dev_ws/src/install/pid/lib/python3.8/site-packages/pid
[1.577s] byte-compiling /opt/ros/dev_ws/src/install/pid/lib/python3.8/site-packages/pid/__init__.py to __init__.cpython-38.pyc
[1.627s] byte-compiling /opt/ros/dev_ws/src/install/pid/lib/python3.8/site-packages/pid/pid.py to pid.cpython-38.pyc
[1.635s] byte-compiling /opt/ros/dev_ws/src/install/pid/lib/python3.8/site-packages/pid/test.py to test.cpython-38.pyc
[1.640s]   File "/opt/ros/dev_ws/src/install/pid/lib/python3.8/site-packages/pid/test.py", line 5
[1.643s]     const int trigPin = 9;
[1.645s]           ^
[1.647s] SyntaxError: invalid syntax
[1.650s] 
[1.653s] running install_data
[1.655s] creating /opt/ros/dev_ws/src/install/pid/share/ament_index
[1.663s] creating /opt/ros/dev_ws/src/install/pid/share/ament_index/resource_index
[1.666s] creating /opt/ros/dev_ws/src/install/pid/share/ament_index/resource_index/packages
[1.676s] copying resource/pid -> /opt/ros/dev_ws/src/install/pid/share/ament_index/resource_index/packages
[1.678s] copying package.xml -> /opt/ros/dev_ws/src/install/pid/share/pid
[1.681s] running install_egg_info
[1.683s] Copying ../build/pid/pid.egg-info to /opt/ros/dev_ws/src/install/pid/lib/python3.8/site-packages/pid-0.0.0-py3.8.egg-info
[1.719s] running install_scripts
[1.722s] Installing pid script to /opt/ros/dev_ws/src/install/pid/lib/pid
[1.726s] writing list of installed files to '/opt/ros/dev_ws/src/build/pid/install.log'
[1.887s] Invoked command in '/opt/ros/dev_ws/src/pid' returned '0': PYTHONPATH=/opt/ros/dev_ws/src/install/pid/lib/python3.8/site-packages:${PYTHONPATH} /usr/bin/python3 setup.py egg_info --egg-base ../build/pid build --build-base /opt/ros/dev_ws/src/build/pid/build install --prefix /opt/ros/dev_ws/src/install/pid --record /opt/ros/dev_ws/src/build/pid/install.log --single-version-externally-managed
