[1.555s] Invoking command in '/opt/ros/dev_ws/src/py_pubsub': PYTHONPATH=/opt/ros/dev_ws/src/install/py_pubsub/lib/python3.8/site-packages:${PYTHONPATH} /usr/bin/python3 setup.py egg_info --egg-base ../build/py_pubsub build --build-base /opt/ros/dev_ws/src/build/py_pubsub/build install --prefix /opt/ros/dev_ws/src/install/py_pubsub --record /opt/ros/dev_ws/src/build/py_pubsub/install.log --single-version-externally-managed
[1.754s] running egg_info
[1.755s] writing ../build/py_pubsub/py_pubsub.egg-info/PKG-INFO
[1.755s] writing dependency_links to ../build/py_pubsub/py_pubsub.egg-info/dependency_links.txt
[1.755s] writing entry points to ../build/py_pubsub/py_pubsub.egg-info/entry_points.txt
[1.755s] writing requirements to ../build/py_pubsub/py_pubsub.egg-info/requires.txt
[1.755s] writing top-level names to ../build/py_pubsub/py_pubsub.egg-info/top_level.txt
[1.797s] reading manifest file '../build/py_pubsub/py_pubsub.egg-info/SOURCES.txt'
[1.798s] writing manifest file '../build/py_pubsub/py_pubsub.egg-info/SOURCES.txt'
[1.798s] running build
[1.799s] running build_py
[1.799s] running install
[1.800s] running install_lib
[1.802s] running install_data
[1.802s] running install_egg_info
[1.805s] removing '/opt/ros/dev_ws/src/install/py_pubsub/lib/python3.8/site-packages/py_pubsub-0.0.0-py3.8.egg-info' (and everything under it)
[1.805s] Copying ../build/py_pubsub/py_pubsub.egg-info to /opt/ros/dev_ws/src/install/py_pubsub/lib/python3.8/site-packages/py_pubsub-0.0.0-py3.8.egg-info
[1.806s] running install_scripts
[1.829s] Installing listener script to /opt/ros/dev_ws/src/install/py_pubsub/lib/py_pubsub
[1.830s] Installing talker script to /opt/ros/dev_ws/src/install/py_pubsub/lib/py_pubsub
[1.831s] writing list of installed files to '/opt/ros/dev_ws/src/build/py_pubsub/install.log'
[1.883s] Invoked command in '/opt/ros/dev_ws/src/py_pubsub' returned '0': PYTHONPATH=/opt/ros/dev_ws/src/install/py_pubsub/lib/python3.8/site-packages:${PYTHONPATH} /usr/bin/python3 setup.py egg_info --egg-base ../build/py_pubsub build --build-base /opt/ros/dev_ws/src/build/py_pubsub/build install --prefix /opt/ros/dev_ws/src/install/py_pubsub --record /opt/ros/dev_ws/src/build/py_pubsub/install.log --single-version-externally-managed
