[1.473s] Invoking command in '/opt/ros/dev_ws/src/gps_sim': PYTHONPATH=/opt/ros/dev_ws/src/install/gps_sim/lib/python3.8/site-packages:${PYTHONPATH} /usr/bin/python3 setup.py egg_info --egg-base ../build/gps_sim build --build-base /opt/ros/dev_ws/src/build/gps_sim/build install --prefix /opt/ros/dev_ws/src/install/gps_sim --record /opt/ros/dev_ws/src/build/gps_sim/install.log --single-version-externally-managed
[1.723s] running egg_info
[1.724s] creating ../build/gps_sim/gps_sim.egg-info
[1.724s] writing ../build/gps_sim/gps_sim.egg-info/PKG-INFO
[1.725s] writing dependency_links to ../build/gps_sim/gps_sim.egg-info/dependency_links.txt
[1.725s] writing entry points to ../build/gps_sim/gps_sim.egg-info/entry_points.txt
[1.725s] writing requirements to ../build/gps_sim/gps_sim.egg-info/requires.txt
[1.725s] writing top-level names to ../build/gps_sim/gps_sim.egg-info/top_level.txt
[1.726s] writing manifest file '../build/gps_sim/gps_sim.egg-info/SOURCES.txt'
[1.768s] reading manifest file '../build/gps_sim/gps_sim.egg-info/SOURCES.txt'
[1.769s] writing manifest file '../build/gps_sim/gps_sim.egg-info/SOURCES.txt'
[1.769s] running build
[1.769s] running build_py
[1.770s] creating /opt/ros/dev_ws/src/build/gps_sim/build
[1.770s] creating /opt/ros/dev_ws/src/build/gps_sim/build/lib
[1.770s] creating /opt/ros/dev_ws/src/build/gps_sim/build/lib/gps_sim
[1.770s] copying gps_sim/__init__.py -> /opt/ros/dev_ws/src/build/gps_sim/build/lib/gps_sim
[1.770s] copying gps_sim/simulate.py -> /opt/ros/dev_ws/src/build/gps_sim/build/lib/gps_sim
[1.770s] running install
[1.771s] running install_lib
[1.773s] creating /opt/ros/dev_ws/src/install/gps_sim/lib/python3.8/site-packages/gps_sim
[1.773s] copying /opt/ros/dev_ws/src/build/gps_sim/build/lib/gps_sim/__init__.py -> /opt/ros/dev_ws/src/install/gps_sim/lib/python3.8/site-packages/gps_sim
[1.773s] copying /opt/ros/dev_ws/src/build/gps_sim/build/lib/gps_sim/simulate.py -> /opt/ros/dev_ws/src/install/gps_sim/lib/python3.8/site-packages/gps_sim
[1.773s] byte-compiling /opt/ros/dev_ws/src/install/gps_sim/lib/python3.8/site-packages/gps_sim/__init__.py to __init__.cpython-38.pyc
[1.775s] byte-compiling /opt/ros/dev_ws/src/install/gps_sim/lib/python3.8/site-packages/gps_sim/simulate.py to simulate.cpython-38.pyc
[1.775s] running install_data
[1.777s] creating /opt/ros/dev_ws/src/install/gps_sim/share/ament_index
[1.777s] creating /opt/ros/dev_ws/src/install/gps_sim/share/ament_index/resource_index
[1.777s] creating /opt/ros/dev_ws/src/install/gps_sim/share/ament_index/resource_index/packages
[1.777s] copying resource/gps_sim -> /opt/ros/dev_ws/src/install/gps_sim/share/ament_index/resource_index/packages
[1.778s] copying package.xml -> /opt/ros/dev_ws/src/install/gps_sim/share/gps_sim
[1.778s] running install_egg_info
[1.779s] Copying ../build/gps_sim/gps_sim.egg-info to /opt/ros/dev_ws/src/install/gps_sim/lib/python3.8/site-packages/gps_sim-0.0.0-py3.8.egg-info
[1.780s] running install_scripts
[1.806s] Installing gps_sim script to /opt/ros/dev_ws/src/install/gps_sim/lib/gps_sim
[1.807s] writing list of installed files to '/opt/ros/dev_ws/src/build/gps_sim/install.log'
[1.882s] Invoked command in '/opt/ros/dev_ws/src/gps_sim' returned '0': PYTHONPATH=/opt/ros/dev_ws/src/install/gps_sim/lib/python3.8/site-packages:${PYTHONPATH} /usr/bin/python3 setup.py egg_info --egg-base ../build/gps_sim build --build-base /opt/ros/dev_ws/src/build/gps_sim/build install --prefix /opt/ros/dev_ws/src/install/gps_sim --record /opt/ros/dev_ws/src/build/gps_sim/install.log --single-version-externally-managed
