/opt/ros/dev_ws/src/install/driver_ui/lib/python3.8/site-packages/driver_ui/main.py
/opt/ros/dev_ws/src/install/driver_ui/lib/python3.8/site-packages/driver_ui/__init__.py
/opt/ros/dev_ws/src/install/driver_ui/lib/python3.8/site-packages/driver_ui/test.py
/opt/ros/dev_ws/src/install/driver_ui/lib/python3.8/site-packages/driver_ui/mainRTK.py
/opt/ros/dev_ws/src/install/driver_ui/lib/python3.8/site-packages/driver_ui/haha.py
/opt/ros/dev_ws/src/install/driver_ui/lib/python3.8/site-packages/driver_ui/__pycache__/main.cpython-38.pyc
/opt/ros/dev_ws/src/install/driver_ui/lib/python3.8/site-packages/driver_ui/__pycache__/__init__.cpython-38.pyc
/opt/ros/dev_ws/src/install/driver_ui/lib/python3.8/site-packages/driver_ui/__pycache__/test.cpython-38.pyc
/opt/ros/dev_ws/src/install/driver_ui/lib/python3.8/site-packages/driver_ui/__pycache__/mainRTK.cpython-38.pyc
/opt/ros/dev_ws/src/install/driver_ui/lib/python3.8/site-packages/driver_ui/__pycache__/haha.cpython-38.pyc
/opt/ros/dev_ws/src/install/driver_ui/share/ament_index/resource_index/packages/driver_ui
/opt/ros/dev_ws/src/install/driver_ui/share/driver_ui/package.xml
/opt/ros/dev_ws/src/install/driver_ui/lib/python3.8/site-packages/driver_ui-0.0.0-py3.8.egg-info/dependency_links.txt
/opt/ros/dev_ws/src/install/driver_ui/lib/python3.8/site-packages/driver_ui-0.0.0-py3.8.egg-info/requires.txt
/opt/ros/dev_ws/src/install/driver_ui/lib/python3.8/site-packages/driver_ui-0.0.0-py3.8.egg-info/SOURCES.txt
/opt/ros/dev_ws/src/install/driver_ui/lib/python3.8/site-packages/driver_ui-0.0.0-py3.8.egg-info/entry_points.txt
/opt/ros/dev_ws/src/install/driver_ui/lib/python3.8/site-packages/driver_ui-0.0.0-py3.8.egg-info/PKG-INFO
/opt/ros/dev_ws/src/install/driver_ui/lib/python3.8/site-packages/driver_ui-0.0.0-py3.8.egg-info/zip-safe
/opt/ros/dev_ws/src/install/driver_ui/lib/python3.8/site-packages/driver_ui-0.0.0-py3.8.egg-info/top_level.txt
/opt/ros/dev_ws/src/install/driver_ui/lib/driver_ui/driver_ui
/opt/ros/dev_ws/src/install/driver_ui/lib/driver_ui/driver_ui_rtk
